Log file open, 02/04/21 22:20:47
LogWindows: Failed to load 'aqProf.dll' (GetLastError=126)
LogWindows: File 'aqProf.dll' does not exist
LogWindows: Failed to load 'VtuneApi.dll' (GetLastError=126)
LogWindows: File 'VtuneApi.dll' does not exist
LogWindows: Failed to load 'VtuneApi32e.dll' (GetLastError=126)
LogWindows: File 'VtuneApi32e.dll' does not exist
LogConsoleResponse: Display: Failed to find resolution value strings in scalability ini. Falling back to default.
LogInit: Display: Running engine for game: Serotopia
LogPlatformFile: Not using cached read wrapper
LogTaskGraph: Started task graph with 5 named threads and 14 total threads with 3 sets of task threads.
LogStats: Stats thread started at 4.443390
LogD3D11RHI: Loaded GFSDK_Aftermath_Lib.x64.dll
LogICUInternationalization: ICU TimeZone Detection - Raw Offset: -5:00, Platform Override: ''
LogPluginManager: Mounting plugin Paper2D
LogPluginManager: Mounting plugin AISupport
LogPluginManager: Mounting plugin LightPropagationVolume
LogPluginManager: Mounting plugin ActorLayerUtilities
LogPluginManager: Mounting plugin AnimationSharing
LogPluginManager: Mounting plugin CLionSourceCodeAccess
LogPluginManager: Mounting plugin CodeLiteSourceCodeAccess
LogPluginManager: Mounting plugin GitSourceControl
LogPluginManager: Mounting plugin KDevelopSourceCodeAccess
LogPluginManager: Mounting plugin NullSourceCodeAccess
LogPluginManager: Mounting plugin PerforceSourceControl
LogPluginManager: Mounting plugin PlasticSourceControl
LogPluginManager: Mounting plugin SubversionSourceControl
LogPluginManager: Mounting plugin UObjectPlugin
LogPluginManager: Mounting plugin VisualStudioCodeSourceCodeAccess
LogPluginManager: Mounting plugin VisualStudioSourceCodeAccess
LogPluginManager: Mounting plugin XCodeSourceCodeAccess
LogPluginManager: Mounting plugin AssetManagerEditor
LogPluginManager: Mounting plugin CryptoKeys
LogPluginManager: Mounting plugin CurveEditorTools
LogPluginManager: Mounting plugin DataValidation
LogPluginManager: Mounting plugin FacialAnimation
LogPluginManager: Mounting plugin GameplayTagsEditor
LogPluginManager: Mounting plugin MacGraphicsSwitching
LogPluginManager: Mounting plugin MaterialAnalyzer
LogPluginManager: Mounting plugin MobileLauncherProfileWizard
LogPluginManager: Mounting plugin PluginBrowser
LogPluginManager: Mounting plugin SpeedTreeImporter
LogPluginManager: Mounting plugin DatasmithContent
LogPluginManager: Mounting plugin VariantManagerContent
LogPluginManager: Mounting plugin AlembicImporter
LogPluginManager: Mounting plugin AutomationUtils
LogPluginManager: Mounting plugin BackChannel
LogPluginManager: Mounting plugin CharacterAI
LogPluginManager: Mounting plugin GeometryCache
LogPluginManager: Mounting plugin PlatformCrypto
LogPluginManager: Mounting plugin ProxyLODPlugin
LogPluginManager: Mounting plugin SkeletalReduction
LogPluginManager: Mounting plugin MagicLeap
LogPluginManager: Mounting plugin MagicLeapMedia
LogPluginManager: Mounting plugin MLSDK
LogPluginManager: Mounting plugin AndroidMedia
LogPluginManager: Mounting plugin AvfMedia
LogPluginManager: Mounting plugin ImgMedia
LogPluginManager: Mounting plugin MediaCompositing
LogPluginManager: Mounting plugin MediaPlayerEditor
LogPluginManager: Mounting plugin WebMMedia
LogPluginManager: Mounting plugin WmfMedia
LogPluginManager: Mounting plugin TcpMessaging
LogPluginManager: Mounting plugin UdpMessaging
LogPluginManager: Mounting plugin ActorSequence
LogPluginManager: Mounting plugin LevelSequenceEditor
LogPluginManager: Mounting plugin MatineeToLevelSequence
LogPluginManager: Mounting plugin NetcodeUnitTest
LogPluginManager: Mounting plugin NUTUnrealEngine4
LogPluginManager: Mounting plugin OnlineSubsystemGooglePlay
LogPluginManager: Mounting plugin OnlineSubsystemIOS
LogPluginManager: Mounting plugin OnlineSubsystem
LogPluginManager: Mounting plugin OnlineSubsystemNull
LogPluginManager: Mounting plugin OnlineSubsystemUtils
LogPluginManager: Mounting plugin LauncherChunkInstaller
LogPluginManager: Mounting plugin AndroidDeviceProfileSelector
LogPluginManager: Mounting plugin AndroidMoviePlayer
LogPluginManager: Mounting plugin AndroidPermission
LogPluginManager: Mounting plugin AppleImageUtils
LogPluginManager: Mounting plugin AppleMoviePlayer
LogPluginManager: Mounting plugin ArchVisCharacter
LogPluginManager: Mounting plugin AssetTags
LogPluginManager: Mounting plugin AudioCapture
LogPluginManager: Mounting plugin CableComponent
LogPluginManager: Mounting plugin CustomMeshComponent
LogPluginManager: Mounting plugin EditableMesh
LogPluginManager: Mounting plugin ExampleDeviceProfileSelector
LogPluginManager: Mounting plugin GoogleCloudMessaging
LogPluginManager: Mounting plugin IOSDeviceProfileSelector
LogPluginManager: Mounting plugin LinuxDeviceProfileSelector
LogPluginManager: Mounting plugin LocationServicesBPLibrary
LogPluginManager: Mounting plugin MobilePatchingUtils
LogPluginManager: Mounting plugin OculusVR
LogPluginManager: Mounting plugin PhysXVehicles
LogPluginManager: Mounting plugin PostSplashScreen
LogPluginManager: Mounting plugin ProceduralMeshComponent
LogPluginManager: Mounting plugin RuntimePhysXCooking
LogPluginManager: Mounting plugin SignificanceManager
LogPluginManager: Mounting plugin SteamVR
LogPluginManager: Mounting plugin WebMMoviePlayer
LogPluginManager: Mounting plugin WindowsMoviePlayer
LogPluginManager: Mounting plugin ScreenshotTools
LogInit: Using libcurl 7.55.1-DEV
LogInit:  - built for x86_64-pc-win32
LogInit:  - supports SSL with OpenSSL/1.1.1
LogInit:  - supports HTTP deflate (compression) using libz 1.2.8
LogInit:  - other features:
LogInit:      CURL_VERSION_SSL
LogInit:      CURL_VERSION_LIBZ
LogInit:      CURL_VERSION_IPV6
LogInit:      CURL_VERSION_ASYNCHDNS
LogInit:      CURL_VERSION_LARGEFILE
LogInit:      CURL_VERSION_IDN
LogInit:  CurlRequestOptions (configurable via config and command line):
LogInit:  - bVerifyPeer = true  - Libcurl will verify peer certificate
LogInit:  - bUseHttpProxy = false  - Libcurl will NOT use HTTP proxy
LogInit:  - bDontReuseConnections = false  - Libcurl will reuse connections
LogInit:  - MaxHostConnections = 16  - Libcurl will limit the number of connections to a host
LogInit:  - LocalHostAddr = Default
LogInit:  - BufferSize = 65536
LogOnline: OSS: Creating online subsystem instance for: NULL
LogInit: WinSock: version 1.1 (2.2), MaxSocks=32767, MaxUdp=65467
LogOnline: OSS: TryLoadSubsystemAndSetDefault: Loaded subsystem for module [NULL]
LogInit: Build: ++UE4+Release-4.24-CL-11590370
LogInit: Engine Version: 4.24.3-11590370+++UE4+Release-4.24
LogInit: Compatible Engine Version: 4.24.0-10570792+++UE4+Release-4.24
LogInit: Net CL: 10570792
LogInit: OS: Windows 10 (Release 1909) (), CPU: Intel(R) Core(TM) i5-7400 CPU @ 3.00GHz, GPU: NVIDIA GeForce GT 1030
LogInit: Compiled (64-bit): Feb 24 2020 15:39:18
LogInit: Compiled with Visual C++: 19.16.27032.01
LogInit: Build Configuration: Development
LogInit: Branch Name: ++UE4+Release-4.24
LogInit: Command Line: 
LogInit: Base Directory: G:/UNREAL_ENGINE/UE_4.24/Engine/Binaries/Win64/
LogInit: Installed Engine Build: 1
LogDevObjectVersion: Number of dev versions registered: 25
LogDevObjectVersion:   Dev-Blueprints (B0D832E4-1F89-4F0D-ACCF-7EB736FD4AA2): 10
LogDevObjectVersion:   Dev-Build (E1C64328-A22C-4D53-A36C-8E866417BD8C): 0
LogDevObjectVersion:   Dev-Core (375EC13C-06E4-48FB-B500-84F0262A717E): 3
LogDevObjectVersion:   Dev-Editor (E4B068ED-F494-42E9-A231-DA0B2E46BB41): 37
LogDevObjectVersion:   Dev-Framework (CFFC743F-43B0-4480-9391-14DF171D2073): 36
LogDevObjectVersion:   Dev-Mobile (B02B49B5-BB20-44E9-A304-32B752E40360): 2
LogDevObjectVersion:   Dev-Networking (A4E4105C-59A1-49B5-A7C5-40C4547EDFEE): 0
LogDevObjectVersion:   Dev-Online (39C831C9-5AE6-47DC-9A44-9C173E1C8E7C): 0
LogDevObjectVersion:   Dev-Physics (78F01B33-EBEA-4F98-B9B4-84EACCB95AA2): 2
LogDevObjectVersion:   Dev-Platform (6631380F-2D4D-43E0-8009-CF276956A95A): 0
LogDevObjectVersion:   Dev-Rendering (12F88B9F-8875-4AFC-A67C-D90C383ABD29): 36
LogDevObjectVersion:   Dev-Sequencer (7B5AE74C-D270-4C10-A958-57980B212A5A): 11
LogDevObjectVersion:   Dev-VR (D7296918-1DD6-4BDD-9DE2-64A83CC13884): 2
LogDevObjectVersion:   Dev-LoadTimes (C2A15278-BFE7-4AFE-6C17-90FF531DF755): 1
LogDevObjectVersion:   Private-Geometry (6EACA3D4-40EC-4CC1-B786-8BED09428FC5): 3
LogDevObjectVersion:   Dev-AnimPhys (29E575DD-E0A3-4627-9D10-D276232CDCEA): 17
LogDevObjectVersion:   Dev-Anim (AF43A65D-7FD3-4947-9873-3E8ED9C1BB05): 2
LogDevObjectVersion:   Dev-ReflectionCapture (6B266CEC-1EC7-4B8F-A30B-E4D90942FC07): 1
LogDevObjectVersion:   Dev-Automation (0DF73D61-A23F-47EA-B727-89E90C41499A): 1
LogDevObjectVersion:   FortniteMain (601D1886-AC64-4F84-AA16-D3DE0DEAC7D6): 31
LogDevObjectVersion:   Dev-Enterprise (9DFFBCD6-494F-0158-E221-12823C92A888): 8
LogDevObjectVersion:   Dev-Niagara (F2AED0AC-9AFE-416F-8664-AA7FFA26D6FC): 1
LogDevObjectVersion:   Dev-Destruction (174F1F0B-B4C6-45A5-B13F-2EE8D0FB917D): 9
LogDevObjectVersion:   Dev-Physics-Ext (35F94A83-E258-406C-A318-09F59610247C): 8
LogDevObjectVersion:   Dev-CineCamera (B2E18506-4273-CFC2-A54E-F4BB758BBA07): 1
LogInit: Presizing for max 25165824 objects, including 0 objects not considered by GC, pre-allocating 0 bytes for permanent pool.
LogInit: Object subsystem initialized
LogConfig: Setting CVar [[con.DebugEarlyDefault:1]]
LogConfig: Setting CVar [[r.setres:1280x720]]
[2021.02.05-03.20.49:967][  0]LogConfig: Setting CVar [[r.VSync:0]]
[2021.02.05-03.20.49:967][  0]LogConfig: Setting CVar [[r.RHICmdBypass:0]]
[2021.02.05-03.20.49:967][  0]LogConfig: Applying CVar settings from Section [/Script/Engine.RendererSettings] File [C:/Serotopia/Serotopia_Grey_1/Saved/Config/Windows/Engine.ini]
[2021.02.05-03.20.49:967][  0]LogConfig: Setting CVar [[r.GPUCrashDebugging:0]]
[2021.02.05-03.20.49:967][  0]LogConfig: Applying CVar settings from Section [/Script/Engine.RendererOverrideSettings] File [C:/Serotopia/Serotopia_Grey_1/Saved/Config/Windows/Engine.ini]
[2021.02.05-03.20.49:967][  0]LogConfig: Applying CVar settings from Section [/Script/Engine.StreamingSettings] File [C:/Serotopia/Serotopia_Grey_1/Saved/Config/Windows/Engine.ini]
[2021.02.05-03.20.49:967][  0]LogConfig: Setting CVar [[s.MinBulkDataSizeForAsyncLoading:131072]]
[2021.02.05-03.20.49:967][  0]LogConfig: Setting CVar [[s.AsyncLoadingThreadEnabled:0]]
[2021.02.05-03.20.49:967][  0]LogConfig: Setting CVar [[s.EventDrivenLoaderEnabled:1]]
[2021.02.05-03.20.49:967][  0]LogConfig: Setting CVar [[s.WarnIfTimeLimitExceeded:0]]
[2021.02.05-03.20.49:967][  0]LogConfig: Setting CVar [[s.TimeLimitExceededMultiplier:1.5]]
[2021.02.05-03.20.49:967][  0]LogConfig: Setting CVar [[s.TimeLimitExceededMinTime:0.005]]
[2021.02.05-03.20.49:967][  0]LogConfig: Setting CVar [[s.UseBackgroundLevelStreaming:1]]
[2021.02.05-03.20.49:967][  0]LogConfig: Setting CVar [[s.PriorityAsyncLoadingExtraTime:15.0]]
[2021.02.05-03.20.49:967][  0]LogConfig: Setting CVar [[s.LevelStreamingActorsUpdateTimeLimit:5.0]]
[2021.02.05-03.20.49:967][  0]LogConfig: Setting CVar [[s.PriorityLevelStreamingActorsUpdateExtraTime:5.0]]
[2021.02.05-03.20.49:967][  0]LogConfig: Setting CVar [[s.LevelStreamingComponentsRegistrationGranularity:10]]
[2021.02.05-03.20.49:967][  0]LogConfig: Setting CVar [[s.UnregisterComponentsTimeLimit:1.0]]
[2021.02.05-03.20.49:967][  0]LogConfig: Setting CVar [[s.LevelStreamingComponentsUnregistrationGranularity:5]]
[2021.02.05-03.20.49:967][  0]LogConfig: Setting CVar [[s.FlushStreamingOnExit:1]]
[2021.02.05-03.20.49:968][  0]LogConfig: Applying CVar settings from Section [/Script/Engine.GarbageCollectionSettings] File [C:/Serotopia/Serotopia_Grey_1/Saved/Config/Windows/Engine.ini]
[2021.02.05-03.20.49:968][  0]LogConfig: Setting CVar [[gc.MaxObjectsNotConsideredByGC:1]]
[2021.02.05-03.20.49:968][  0]LogConfig: Setting CVar [[gc.SizeOfPermanentObjectPool:0]]
[2021.02.05-03.20.49:968][  0]LogConfig: Setting CVar [[gc.FlushStreamingOnGC:0]]
[2021.02.05-03.20.49:968][  0]LogConfig: Setting CVar [[gc.NumRetriesBeforeForcingGC:10]]
[2021.02.05-03.20.49:968][  0]LogConfig: Setting CVar [[gc.AllowParallelGC:1]]
[2021.02.05-03.20.49:968][  0]LogConfig: Setting CVar [[gc.TimeBetweenPurgingPendingKillObjects:61.1]]
[2021.02.05-03.20.49:968][  0]LogConfig: Setting CVar [[gc.MaxObjectsInEditor:25165824]]
[2021.02.05-03.20.49:968][  0]LogConfig: Setting CVar [[gc.IncrementalBeginDestroyEnabled:1]]
[2021.02.05-03.20.49:968][  0]LogConfig: Setting CVar [[gc.CreateGCClusters:1]]
[2021.02.05-03.20.49:968][  0]LogConfig: Setting CVar [[gc.MinGCClusterSize:5]]
[2021.02.05-03.20.49:968][  0]LogConfig: Setting CVar [[gc.ActorClusteringEnabled:0]]
[2021.02.05-03.20.49:968][  0]LogConfig: Setting CVar [[gc.BlueprintClusteringEnabled:0]]
[2021.02.05-03.20.49:968][  0]LogConfig: Setting CVar [[gc.UseDisregardForGCOnDedicatedServers:0]]
[2021.02.05-03.20.49:968][  0]LogConfig: Applying CVar settings from Section [/Script/Engine.NetworkSettings] File [C:/Serotopia/Serotopia_Grey_1/Saved/Config/Windows/Engine.ini]
[2021.02.05-03.20.49:968][  0]LogConfig: Applying CVar settings from Section [/Script/UnrealEd.CookerSettings] File [C:/Serotopia/Serotopia_Grey_1/Saved/Config/Windows/Engine.ini]
[2021.02.05-03.20.50:002][  0]LogConfig: Applying CVar settings from Section [ViewDistanceQuality@3] File [C:/Serotopia/Serotopia_Grey_1/Saved/Config/Windows/Scalability.ini]
[2021.02.05-03.20.50:003][  0]LogConfig: Setting CVar [[r.SkeletalMeshLODBias:0]]
[2021.02.05-03.20.50:003][  0]LogConfig: Setting CVar [[r.ViewDistanceScale:1.0]]
[2021.02.05-03.20.50:003][  0]LogConfig: Applying CVar settings from Section [AntiAliasingQuality@3] File [C:/Serotopia/Serotopia_Grey_1/Saved/Config/Windows/Scalability.ini]
[2021.02.05-03.20.50:003][  0]LogConfig: Setting CVar [[r.PostProcessAAQuality:4]]
[2021.02.05-03.20.50:003][  0]LogConfig: Applying CVar settings from Section [ShadowQuality@3] File [C:/Serotopia/Serotopia_Grey_1/Saved/Config/Windows/Scalability.ini]
[2021.02.05-03.20.50:003][  0]LogConfig: Setting CVar [[r.LightFunctionQuality:1]]
[2021.02.05-03.20.50:003][  0]LogConfig: Setting CVar [[r.ShadowQuality:5]]
[2021.02.05-03.20.50:003][  0]LogConfig: Setting CVar [[r.Shadow.CSM.MaxCascades:10]]
[2021.02.05-03.20.50:003][  0]LogConfig: Setting CVar [[r.Shadow.MaxResolution:2048]]
[2021.02.05-03.20.50:003][  0]LogConfig: Setting CVar [[r.Shadow.MaxCSMResolution:2048]]
[2021.02.05-03.20.50:003][  0]LogConfig: Setting CVar [[r.Shadow.RadiusThreshold:0.01]]
[2021.02.05-03.20.50:003][  0]LogConfig: Setting CVar [[r.Shadow.DistanceScale:1.0]]
[2021.02.05-03.20.50:003][  0]LogConfig: Setting CVar [[r.Shadow.CSM.TransitionScale:1.0]]
[2021.02.05-03.20.50:003][  0]LogConfig: Setting CVar [[r.Shadow.PreShadowResolutionFactor:1.0]]
[2021.02.05-03.20.50:003][  0]LogConfig: Setting CVar [[r.DistanceFieldShadowing:1]]
[2021.02.05-03.20.50:003][  0]LogConfig: Setting CVar [[r.DistanceFieldAO:1]]
[2021.02.05-03.20.50:003][  0]LogConfig: Setting CVar [[r.AOQuality:2]]
[2021.02.05-03.20.50:003][  0]LogConfig: Setting CVar [[r.VolumetricFog:1]]
[2021.02.05-03.20.50:003][  0]LogConfig: Setting CVar [[r.VolumetricFog.GridPixelSize:8]]
[2021.02.05-03.20.50:003][  0]LogConfig: Setting CVar [[r.VolumetricFog.GridSizeZ:128]]
[2021.02.05-03.20.50:003][  0]LogConfig: Setting CVar [[r.VolumetricFog.HistoryMissSupersampleCount:4]]
[2021.02.05-03.20.50:003][  0]LogConfig: Setting CVar [[r.LightMaxDrawDistanceScale:1]]
[2021.02.05-03.20.50:003][  0]LogConfig: Setting CVar [[r.CapsuleShadows:1]]
[2021.02.05-03.20.50:003][  0]LogConfig: Applying CVar settings from Section [PostProcessQuality@3] File [C:/Serotopia/Serotopia_Grey_1/Saved/Config/Windows/Scalability.ini]
[2021.02.05-03.20.50:003][  0]LogConfig: Setting CVar [[r.MotionBlurQuality:4]]
[2021.02.05-03.20.50:003][  0]LogConfig: Setting CVar [[r.AmbientOcclusionMipLevelFactor:0.4]]
[2021.02.05-03.20.50:003][  0]LogConfig: Setting CVar [[r.AmbientOcclusionMaxQuality:100]]
[2021.02.05-03.20.50:003][  0]LogConfig: Setting CVar [[r.AmbientOcclusionLevels:-1]]
[2021.02.05-03.20.50:003][  0]LogConfig: Setting CVar [[r.AmbientOcclusionRadiusScale:1.0]]
[2021.02.05-03.20.50:003][  0]LogConfig: Setting CVar [[r.DepthOfFieldQuality:2]]
[2021.02.05-03.20.50:003][  0]LogConfig: Setting CVar [[r.RenderTargetPoolMin:400]]
[2021.02.05-03.20.50:003][  0]LogConfig: Setting CVar [[r.LensFlareQuality:2]]
[2021.02.05-03.20.50:003][  0]LogConfig: Setting CVar [[r.SceneColorFringeQuality:1]]
[2021.02.05-03.20.50:003][  0]LogConfig: Setting CVar [[r.EyeAdaptationQuality:2]]
[2021.02.05-03.20.50:003][  0]LogConfig: Setting CVar [[r.BloomQuality:5]]
[2021.02.05-03.20.50:003][  0]LogConfig: Setting CVar [[r.FastBlurThreshold:100]]
[2021.02.05-03.20.50:003][  0]LogConfig: Setting CVar [[r.Upscale.Quality:3]]
[2021.02.05-03.20.50:003][  0]LogConfig: Setting CVar [[r.Tonemapper.GrainQuantization:1]]
[2021.02.05-03.20.50:003][  0]LogConfig: Setting CVar [[r.LightShaftQuality:1]]
[2021.02.05-03.20.50:003][  0]LogConfig: Setting CVar [[r.Filter.SizeScale:1]]
[2021.02.05-03.20.50:003][  0]LogConfig: Setting CVar [[r.Tonemapper.Quality:5]]
[2021.02.05-03.20.50:003][  0]LogConfig: Setting CVar [[r.DOF.Gather.AccumulatorQuality:1        ; higher gathering accumulator quality]]
[2021.02.05-03.20.50:003][  0]LogConfig: Setting CVar [[r.DOF.Gather.PostfilterMethod:1          ; Median3x3 postfilering method]]
[2021.02.05-03.20.50:003][  0]LogConfig: Setting CVar [[r.DOF.Gather.EnableBokehSettings:0       ; no bokeh simulation when gathering]]
[2021.02.05-03.20.50:003][  0]LogConfig: Setting CVar [[r.DOF.Gather.RingCount:4                 ; medium number of samples when gathering]]
[2021.02.05-03.20.50:003][  0]LogConfig: Setting CVar [[r.DOF.Scatter.ForegroundCompositing:1    ; additive foreground scattering]]
[2021.02.05-03.20.50:003][  0]LogConfig: Setting CVar [[r.DOF.Scatter.BackgroundCompositing:2    ; additive background scattering]]
[2021.02.05-03.20.50:003][  0]LogConfig: Setting CVar [[r.DOF.Scatter.EnableBokehSettings:1      ; bokeh simulation when scattering]]
[2021.02.05-03.20.50:003][  0]LogConfig: Setting CVar [[r.DOF.Scatter.MaxSpriteRatio:0.1         ; only a maximum of 10% of scattered bokeh]]
[2021.02.05-03.20.50:003][  0]LogConfig: Setting CVar [[r.DOF.Recombine.Quality:1                ; cheap slight out of focus]]
[2021.02.05-03.20.50:003][  0]LogConfig: Setting CVar [[r.DOF.Recombine.EnableBokehSettings:0    ; no bokeh simulation on slight out of focus]]
[2021.02.05-03.20.50:003][  0]LogConfig: Setting CVar [[r.DOF.TemporalAAQuality:1                ; more stable temporal accumulation]]
[2021.02.05-03.20.50:003][  0]LogConfig: Setting CVar [[r.DOF.Kernel.MaxForegroundRadius:0.025]]
[2021.02.05-03.20.50:003][  0]LogConfig: Setting CVar [[r.DOF.Kernel.MaxBackgroundRadius:0.025]]
[2021.02.05-03.20.50:003][  0]LogConfig: Applying CVar settings from Section [TextureQuality@3] File [C:/Serotopia/Serotopia_Grey_1/Saved/Config/Windows/Scalability.ini]
[2021.02.05-03.20.50:003][  0]LogConfig: Setting CVar [[r.Streaming.MipBias:0]]
[2021.02.05-03.20.50:003][  0]LogConfig: Setting CVar [[r.Streaming.AmortizeCPUToGPUCopy:0]]
[2021.02.05-03.20.50:003][  0]LogConfig: Setting CVar [[r.Streaming.MaxNumTexturesToStreamPerFrame:0]]
[2021.02.05-03.20.50:003][  0]LogConfig: Setting CVar [[r.Streaming.Boost:1]]
[2021.02.05-03.20.50:003][  0]LogConfig: Setting CVar [[r.MaxAnisotropy:8]]
[2021.02.05-03.20.50:003][  0]LogConfig: Setting CVar [[r.VT.MaxAnisotropy:8]]
[2021.02.05-03.20.50:003][  0]LogConfig: Setting CVar [[r.Streaming.LimitPoolSizeToVRAM:0]]
[2021.02.05-03.20.50:003][  0]LogConfig: Setting CVar [[r.Streaming.PoolSize:1000]]
[2021.02.05-03.20.50:003][  0]LogConfig: Setting CVar [[r.Streaming.MaxEffectiveScreenSize:0]]
[2021.02.05-03.20.50:003][  0]LogConfig: Applying CVar settings from Section [EffectsQuality@3] File [C:/Serotopia/Serotopia_Grey_1/Saved/Config/Windows/Scalability.ini]
[2021.02.05-03.20.50:003][  0]LogConfig: Setting CVar [[r.TranslucencyLightingVolumeDim:64]]
[2021.02.05-03.20.50:003][  0]LogConfig: Setting CVar [[r.RefractionQuality:2]]
[2021.02.05-03.20.50:003][  0]LogConfig: Setting CVar [[r.SSR.Quality:3]]
[2021.02.05-03.20.50:003][  0]LogConfig: Setting CVar [[r.SSR.HalfResSceneColor:0]]
[2021.02.05-03.20.50:003][  0]LogConfig: Setting CVar [[r.SceneColorFormat:4]]
[2021.02.05-03.20.50:003][  0]LogConfig: Setting CVar [[r.DetailMode:2]]
[2021.02.05-03.20.50:003][  0]LogConfig: Setting CVar [[r.TranslucencyVolumeBlur:1]]
[2021.02.05-03.20.50:003][  0]LogConfig: Setting CVar [[r.MaterialQualityLevel:1 ; High quality]]
[2021.02.05-03.20.50:003][  0]LogConfig: Setting CVar [[r.SSS.Scale:1]]
[2021.02.05-03.20.50:003][  0]LogConfig: Setting CVar [[r.SSS.SampleSet:2]]
[2021.02.05-03.20.50:004][  0]LogConfig: Setting CVar [[r.SSS.Quality:1]]
[2021.02.05-03.20.50:004][  0]LogConfig: Setting CVar [[r.SSS.HalfRes:1]]
[2021.02.05-03.20.50:004][  0]LogConfig: Setting CVar [[r.SSGI.Quality:3]]
[2021.02.05-03.20.50:004][  0]LogConfig: Setting CVar [[r.EmitterSpawnRateScale:1.0]]
[2021.02.05-03.20.50:004][  0]LogConfig: Setting CVar [[r.ParticleLightQuality:2]]
[2021.02.05-03.20.50:004][  0]LogConfig: Setting CVar [[r.SkyAtmosphere.AerialPerspectiveLUT.FastApplyOnOpaque:1 ; Always have FastSkyLUT 1 in this case to avoid wrong sky]]
[2021.02.05-03.20.50:004][  0]LogConfig: Setting CVar [[r.SkyAtmosphere.AerialPerspectiveLUT.SampleCountPerSlice:1]]
[2021.02.05-03.20.50:004][  0]LogConfig: Setting CVar [[r.SkyAtmosphere.AerialPerspectiveLUT.DepthResolution:16.0]]
[2021.02.05-03.20.50:004][  0]LogConfig: Setting CVar [[r.SkyAtmosphere.FastSkyLUT:1]]
[2021.02.05-03.20.50:004][  0]LogConfig: Setting CVar [[r.SkyAtmosphere.FastSkyLUT.SampleCountMin:4.0]]
[2021.02.05-03.20.50:004][  0]LogConfig: Setting CVar [[r.SkyAtmosphere.FastSkyLUT.SampleCountMax:32.0]]
[2021.02.05-03.20.50:004][  0]LogConfig: Setting CVar [[r.SkyAtmosphere.SampleCountMin:4.0]]
[2021.02.05-03.20.50:004][  0]LogConfig: Setting CVar [[r.SkyAtmosphere.SampleCountMax:32.0]]
[2021.02.05-03.20.50:004][  0]LogConfig: Setting CVar [[r.SkyAtmosphere.TransmittanceLUT.UseSmallFormat:0]]
[2021.02.05-03.20.50:004][  0]LogConfig: Setting CVar [[r.SkyAtmosphere.TransmittanceLUT.SampleCount:10.0]]
[2021.02.05-03.20.50:004][  0]LogConfig: Setting CVar [[r.SkyAtmosphere.MultiScatteringLUT.SampleCount:15.0]]
[2021.02.05-03.20.50:004][  0]LogConfig: Applying CVar settings from Section [FoliageQuality@3] File [C:/Serotopia/Serotopia_Grey_1/Saved/Config/Windows/Scalability.ini]
[2021.02.05-03.20.50:004][  0]LogConfig: Setting CVar [[foliage.DensityScale:1.0]]
[2021.02.05-03.20.50:004][  0]LogConfig: Setting CVar [[grass.DensityScale:1.0]]
[2021.02.05-03.20.50:004][  0]LogConfig: Applying CVar settings from Section [ShadingQuality@3] File [C:/Serotopia/Serotopia_Grey_1/Saved/Config/Windows/Scalability.ini]
[2021.02.05-03.20.50:004][  0]LogConfig: Setting CVar [[r.HairStrands.SkyLighting.SampleCount:16]]
[2021.02.05-03.20.50:004][  0]LogConfig: Setting CVar [[r.HairStrands.SkyLighting.JitterIntegration:0]]
[2021.02.05-03.20.50:004][  0]LogConfig: Setting CVar [[r.HairStrands.SkyAO.SampleCount:16]]
[2021.02.05-03.20.50:012][  0]LogInit: Selected Device Profile: [Windows]
[2021.02.05-03.20.50:012][  0]LogInit: Applying CVar settings loaded from the selected device profile: [Windows]
[2021.02.05-03.20.50:051][  0]LogHAL: Display: Platform has ~ 32 GB [34323226624 / 34359738368 / 32], which maps to Largest [LargestMinGB=32, LargerMinGB=12, DefaultMinGB=8, SmallerMinGB=6, SmallestMinGB=0)
[2021.02.05-03.20.50:052][  0]LogInit: Going up to parent DeviceProfile []
[2021.02.05-03.20.50:052][  0]LogConfig: Applying CVar settings from Section [ViewDistanceQuality@3] File [C:/Serotopia/Serotopia_Grey_1/Saved/Config/Windows/Scalability.ini]
[2021.02.05-03.20.50:052][  0]LogConfig: Setting CVar [[r.SkeletalMeshLODBias:0]]
[2021.02.05-03.20.50:052][  0]LogConfig: Setting CVar [[r.ViewDistanceScale:1.0]]
[2021.02.05-03.20.50:052][  0]LogConfig: Applying CVar settings from Section [AntiAliasingQuality@3] File [C:/Serotopia/Serotopia_Grey_1/Saved/Config/Windows/Scalability.ini]
[2021.02.05-03.20.50:052][  0]LogConfig: Setting CVar [[r.PostProcessAAQuality:4]]
[2021.02.05-03.20.50:052][  0]LogConfig: Applying CVar settings from Section [ShadowQuality@3] File [C:/Serotopia/Serotopia_Grey_1/Saved/Config/Windows/Scalability.ini]
[2021.02.05-03.20.50:052][  0]LogConfig: Setting CVar [[r.LightFunctionQuality:1]]
[2021.02.05-03.20.50:052][  0]LogConfig: Setting CVar [[r.ShadowQuality:5]]
[2021.02.05-03.20.50:052][  0]LogConfig: Setting CVar [[r.Shadow.CSM.MaxCascades:10]]
[2021.02.05-03.20.50:052][  0]LogConfig: Setting CVar [[r.Shadow.MaxResolution:2048]]
[2021.02.05-03.20.50:052][  0]LogConfig: Setting CVar [[r.Shadow.MaxCSMResolution:2048]]
[2021.02.05-03.20.50:052][  0]LogConfig: Setting CVar [[r.Shadow.RadiusThreshold:0.01]]
[2021.02.05-03.20.50:052][  0]LogConfig: Setting CVar [[r.Shadow.DistanceScale:1.0]]
[2021.02.05-03.20.50:052][  0]LogConfig: Setting CVar [[r.Shadow.CSM.TransitionScale:1.0]]
[2021.02.05-03.20.50:052][  0]LogConfig: Setting CVar [[r.Shadow.PreShadowResolutionFactor:1.0]]
[2021.02.05-03.20.50:052][  0]LogConfig: Setting CVar [[r.DistanceFieldShadowing:1]]
[2021.02.05-03.20.50:052][  0]LogConfig: Setting CVar [[r.DistanceFieldAO:1]]
[2021.02.05-03.20.50:052][  0]LogConfig: Setting CVar [[r.AOQuality:2]]
[2021.02.05-03.20.50:052][  0]LogConfig: Setting CVar [[r.VolumetricFog:1]]
[2021.02.05-03.20.50:052][  0]LogConfig: Setting CVar [[r.VolumetricFog.GridPixelSize:8]]
[2021.02.05-03.20.50:052][  0]LogConfig: Setting CVar [[r.VolumetricFog.GridSizeZ:128]]
[2021.02.05-03.20.50:052][  0]LogConfig: Setting CVar [[r.VolumetricFog.HistoryMissSupersampleCount:4]]
[2021.02.05-03.20.50:052][  0]LogConfig: Setting CVar [[r.LightMaxDrawDistanceScale:1]]
[2021.02.05-03.20.50:052][  0]LogConfig: Setting CVar [[r.CapsuleShadows:1]]
[2021.02.05-03.20.50:052][  0]LogConfig: Applying CVar settings from Section [PostProcessQuality@3] File [C:/Serotopia/Serotopia_Grey_1/Saved/Config/Windows/Scalability.ini]
[2021.02.05-03.20.50:052][  0]LogConfig: Setting CVar [[r.MotionBlurQuality:4]]
[2021.02.05-03.20.50:052][  0]LogConfig: Setting CVar [[r.AmbientOcclusionMipLevelFactor:0.4]]
[2021.02.05-03.20.50:052][  0]LogConfig: Setting CVar [[r.AmbientOcclusionMaxQuality:100]]
[2021.02.05-03.20.50:052][  0]LogConfig: Setting CVar [[r.AmbientOcclusionLevels:-1]]
[2021.02.05-03.20.50:052][  0]LogConfig: Setting CVar [[r.AmbientOcclusionRadiusScale:1.0]]
[2021.02.05-03.20.50:052][  0]LogConfig: Setting CVar [[r.DepthOfFieldQuality:2]]
[2021.02.05-03.20.50:052][  0]LogConfig: Setting CVar [[r.RenderTargetPoolMin:400]]
[2021.02.05-03.20.50:052][  0]LogConfig: Setting CVar [[r.LensFlareQuality:2]]
[2021.02.05-03.20.50:052][  0]LogConfig: Setting CVar [[r.SceneColorFringeQuality:1]]
[2021.02.05-03.20.50:052][  0]LogConfig: Setting CVar [[r.EyeAdaptationQuality:2]]
[2021.02.05-03.20.50:052][  0]LogConfig: Setting CVar [[r.BloomQuality:5]]
[2021.02.05-03.20.50:052][  0]LogConfig: Setting CVar [[r.FastBlurThreshold:100]]
[2021.02.05-03.20.50:052][  0]LogConfig: Setting CVar [[r.Upscale.Quality:3]]
[2021.02.05-03.20.50:052][  0]LogConfig: Setting CVar [[r.Tonemapper.GrainQuantization:1]]
[2021.02.05-03.20.50:052][  0]LogConfig: Setting CVar [[r.LightShaftQuality:1]]
[2021.02.05-03.20.50:052][  0]LogConfig: Setting CVar [[r.Filter.SizeScale:1]]
[2021.02.05-03.20.50:052][  0]LogConfig: Setting CVar [[r.Tonemapper.Quality:5]]
[2021.02.05-03.20.50:052][  0]LogConfig: Setting CVar [[r.DOF.Gather.AccumulatorQuality:1        ; higher gathering accumulator quality]]
[2021.02.05-03.20.50:052][  0]LogConfig: Setting CVar [[r.DOF.Gather.PostfilterMethod:1          ; Median3x3 postfilering method]]
[2021.02.05-03.20.50:052][  0]LogConfig: Setting CVar [[r.DOF.Gather.EnableBokehSettings:0       ; no bokeh simulation when gathering]]
[2021.02.05-03.20.50:052][  0]LogConfig: Setting CVar [[r.DOF.Gather.RingCount:4                 ; medium number of samples when gathering]]
[2021.02.05-03.20.50:052][  0]LogConfig: Setting CVar [[r.DOF.Scatter.ForegroundCompositing:1    ; additive foreground scattering]]
[2021.02.05-03.20.50:052][  0]LogConfig: Setting CVar [[r.DOF.Scatter.BackgroundCompositing:2    ; additive background scattering]]
[2021.02.05-03.20.50:052][  0]LogConfig: Setting CVar [[r.DOF.Scatter.EnableBokehSettings:1      ; bokeh simulation when scattering]]
[2021.02.05-03.20.50:052][  0]LogConfig: Setting CVar [[r.DOF.Scatter.MaxSpriteRatio:0.1         ; only a maximum of 10% of scattered bokeh]]
[2021.02.05-03.20.50:052][  0]LogConfig: Setting CVar [[r.DOF.Recombine.Quality:1                ; cheap slight out of focus]]
[2021.02.05-03.20.50:052][  0]LogConfig: Setting CVar [[r.DOF.Recombine.EnableBokehSettings:0    ; no bokeh simulation on slight out of focus]]
[2021.02.05-03.20.50:052][  0]LogConfig: Setting CVar [[r.DOF.TemporalAAQuality:1                ; more stable temporal accumulation]]
[2021.02.05-03.20.50:052][  0]LogConfig: Setting CVar [[r.DOF.Kernel.MaxForegroundRadius:0.025]]
[2021.02.05-03.20.50:052][  0]LogConfig: Setting CVar [[r.DOF.Kernel.MaxBackgroundRadius:0.025]]
[2021.02.05-03.20.50:052][  0]LogConfig: Applying CVar settings from Section [TextureQuality@3] File [C:/Serotopia/Serotopia_Grey_1/Saved/Config/Windows/Scalability.ini]
[2021.02.05-03.20.50:052][  0]LogConfig: Setting CVar [[r.Streaming.MipBias:0]]
[2021.02.05-03.20.50:052][  0]LogConfig: Setting CVar [[r.Streaming.AmortizeCPUToGPUCopy:0]]
[2021.02.05-03.20.50:052][  0]LogConfig: Setting CVar [[r.Streaming.MaxNumTexturesToStreamPerFrame:0]]
[2021.02.05-03.20.50:052][  0]LogConfig: Setting CVar [[r.Streaming.Boost:1]]
[2021.02.05-03.20.50:052][  0]LogConfig: Setting CVar [[r.MaxAnisotropy:8]]
[2021.02.05-03.20.50:052][  0]LogConfig: Setting CVar [[r.VT.MaxAnisotropy:8]]
[2021.02.05-03.20.50:052][  0]LogConfig: Setting CVar [[r.Streaming.LimitPoolSizeToVRAM:0]]
[2021.02.05-03.20.50:052][  0]LogConfig: Setting CVar [[r.Streaming.PoolSize:1000]]
[2021.02.05-03.20.50:052][  0]LogConfig: Setting CVar [[r.Streaming.MaxEffectiveScreenSize:0]]
[2021.02.05-03.20.50:052][  0]LogConfig: Applying CVar settings from Section [EffectsQuality@3] File [C:/Serotopia/Serotopia_Grey_1/Saved/Config/Windows/Scalability.ini]
[2021.02.05-03.20.50:052][  0]LogConfig: Setting CVar [[r.TranslucencyLightingVolumeDim:64]]
[2021.02.05-03.20.50:052][  0]LogConfig: Setting CVar [[r.RefractionQuality:2]]
[2021.02.05-03.20.50:052][  0]LogConfig: Setting CVar [[r.SSR.Quality:3]]
[2021.02.05-03.20.50:052][  0]LogConfig: Setting CVar [[r.SSR.HalfResSceneColor:0]]
[2021.02.05-03.20.50:052][  0]LogConfig: Setting CVar [[r.SceneColorFormat:4]]
[2021.02.05-03.20.50:052][  0]LogConfig: Setting CVar [[r.DetailMode:2]]
[2021.02.05-03.20.50:052][  0]LogConfig: Setting CVar [[r.TranslucencyVolumeBlur:1]]
[2021.02.05-03.20.50:052][  0]LogConfig: Setting CVar [[r.MaterialQualityLevel:1 ; High quality]]
[2021.02.05-03.20.50:052][  0]LogConfig: Setting CVar [[r.SSS.Scale:1]]
[2021.02.05-03.20.50:052][  0]LogConfig: Setting CVar [[r.SSS.SampleSet:2]]
[2021.02.05-03.20.50:053][  0]LogConfig: Setting CVar [[r.SSS.Quality:1]]
[2021.02.05-03.20.50:053][  0]LogConfig: Setting CVar [[r.SSS.HalfRes:1]]
[2021.02.05-03.20.50:053][  0]LogConfig: Setting CVar [[r.SSGI.Quality:3]]
[2021.02.05-03.20.50:053][  0]LogConfig: Setting CVar [[r.EmitterSpawnRateScale:1.0]]
[2021.02.05-03.20.50:053][  0]LogConfig: Setting CVar [[r.ParticleLightQuality:2]]
[2021.02.05-03.20.50:053][  0]LogConfig: Setting CVar [[r.SkyAtmosphere.AerialPerspectiveLUT.FastApplyOnOpaque:1 ; Always have FastSkyLUT 1 in this case to avoid wrong sky]]
[2021.02.05-03.20.50:053][  0]LogConfig: Setting CVar [[r.SkyAtmosphere.AerialPerspectiveLUT.SampleCountPerSlice:1]]
[2021.02.05-03.20.50:053][  0]LogConfig: Setting CVar [[r.SkyAtmosphere.AerialPerspectiveLUT.DepthResolution:16.0]]
[2021.02.05-03.20.50:053][  0]LogConfig: Setting CVar [[r.SkyAtmosphere.FastSkyLUT:1]]
[2021.02.05-03.20.50:053][  0]LogConfig: Setting CVar [[r.SkyAtmosphere.FastSkyLUT.SampleCountMin:4.0]]
[2021.02.05-03.20.50:053][  0]LogConfig: Setting CVar [[r.SkyAtmosphere.FastSkyLUT.SampleCountMax:32.0]]
[2021.02.05-03.20.50:053][  0]LogConfig: Setting CVar [[r.SkyAtmosphere.SampleCountMin:4.0]]
[2021.02.05-03.20.50:053][  0]LogConfig: Setting CVar [[r.SkyAtmosphere.SampleCountMax:32.0]]
[2021.02.05-03.20.50:053][  0]LogConfig: Setting CVar [[r.SkyAtmosphere.TransmittanceLUT.UseSmallFormat:0]]
[2021.02.05-03.20.50:053][  0]LogConfig: Setting CVar [[r.SkyAtmosphere.TransmittanceLUT.SampleCount:10.0]]
[2021.02.05-03.20.50:053][  0]LogConfig: Setting CVar [[r.SkyAtmosphere.MultiScatteringLUT.SampleCount:15.0]]
[2021.02.05-03.20.50:053][  0]LogConfig: Applying CVar settings from Section [FoliageQuality@3] File [C:/Serotopia/Serotopia_Grey_1/Saved/Config/Windows/Scalability.ini]
[2021.02.05-03.20.50:053][  0]LogConfig: Setting CVar [[foliage.DensityScale:1.0]]
[2021.02.05-03.20.50:053][  0]LogConfig: Setting CVar [[grass.DensityScale:1.0]]
[2021.02.05-03.20.50:053][  0]LogConfig: Applying CVar settings from Section [ShadingQuality@3] File [C:/Serotopia/Serotopia_Grey_1/Saved/Config/Windows/Scalability.ini]
[2021.02.05-03.20.50:053][  0]LogConfig: Setting CVar [[r.HairStrands.SkyLighting.SampleCount:16]]
[2021.02.05-03.20.50:053][  0]LogConfig: Setting CVar [[r.HairStrands.SkyLighting.JitterIntegration:0]]
[2021.02.05-03.20.50:053][  0]LogConfig: Setting CVar [[r.HairStrands.SkyAO.SampleCount:16]]
[2021.02.05-03.20.50:053][  0]LogConfig: Applying CVar settings from Section [Startup] File [../../../Engine/Config/ConsoleVariables.ini]
[2021.02.05-03.20.50:076][  0]LogConfig: Setting CVar [[net.UseAdaptiveNetUpdateFrequency:0]]
[2021.02.05-03.20.50:076][  0]LogConfig: Setting CVar [[p.chaos.AllowCreatePhysxBodies:1]]
[2021.02.05-03.20.50:076][  0]LogConfig: Applying CVar settings from Section [ConsoleVariables] File [C:/Serotopia/Serotopia_Grey_1/Saved/Config/Windows/Engine.ini]
[2021.02.05-03.20.50:086][  0]LogInit: Computer: DESKTOP-TBF2N9T
[2021.02.05-03.20.50:086][  0]LogInit: User: Casey
[2021.02.05-03.20.50:086][  0]LogInit: CPU Page size=4096, Cores=4
[2021.02.05-03.20.50:086][  0]LogInit: High frequency timer resolution =10.000000 MHz
[2021.02.05-03.20.50:086][  0]LogMemory: Memory total: Physical=32.0GB (32GB approx)
[2021.02.05-03.20.50:086][  0]LogMemory: Platform Memory Stats for Windows
[2021.02.05-03.20.50:086][  0]LogMemory: Process Physical Memory: 109.06 MB used, 109.07 MB peak
[2021.02.05-03.20.50:086][  0]LogMemory: Process Virtual Memory: 100.03 MB used, 100.03 MB peak
[2021.02.05-03.20.50:086][  0]LogMemory: Physical Memory: 11750.44 MB used,  20982.74 MB free, 32733.18 MB total
[2021.02.05-03.20.50:086][  0]LogMemory: Virtual Memory: 5122.13 MB used,  134212608.00 MB free, 134217728.00 MB total
[2021.02.05-03.20.50:140][  0]LogWindows: WindowsPlatformFeatures enabled
[2021.02.05-03.20.50:891][  0]LogInit: Using OS detected language (en-US).
[2021.02.05-03.20.50:891][  0]LogInit: Using OS detected locale (en-US).
[2021.02.05-03.20.50:902][  0]LogTextLocalizationManager: No specific localization for 'en-US' exists, so the 'en' localization will be used.
[2021.02.05-03.20.51:426][  0]LogInit: Setting process to per monitor DPI aware
[2021.02.05-03.20.52:050][  0]LogSlate: New Slate User Created.  User Index 0, Is Virtual User: 0
[2021.02.05-03.20.52:050][  0]LogSlate: Slate User Registered.  User Index 0, Is Virtual User: 0
[2021.02.05-03.20.56:530][  0]LogHMD: Failed to initialize OpenVR with code 110
[2021.02.05-03.20.56:530][  0]LogD3D11RHI: D3D11 min allowed feature level: 11_0
[2021.02.05-03.20.56:530][  0]LogD3D11RHI: D3D11 max allowed feature level: 11_0
[2021.02.05-03.20.56:530][  0]LogD3D11RHI: D3D11 adapters:
[2021.02.05-03.20.56:633][  0]LogD3D11RHI:    0. 'NVIDIA GeForce GT 1030' (Feature Level 11_0)
[2021.02.05-03.20.56:633][  0]LogD3D11RHI:       1982/0/16366 MB DedicatedVideo/DedicatedSystem/SharedSystem, Outputs:2, VendorId:0x10de
[2021.02.05-03.20.56:638][  0]LogD3D11RHI:    1. 'Microsoft Basic Render Driver' (Feature Level 11_0)
[2021.02.05-03.20.56:638][  0]LogD3D11RHI:       0/0/16366 MB DedicatedVideo/DedicatedSystem/SharedSystem, Outputs:0, VendorId:0x1414
[2021.02.05-03.20.56:638][  0]LogD3D11RHI: Chosen D3D11 Adapter: 0
[2021.02.05-03.20.56:657][  0]LogD3D11RHI: Creating new Direct3DDevice
[2021.02.05-03.20.56:658][  0]LogD3D11RHI:     GPU DeviceId: 0x1d01 (for the marketing name, search the web for "GPU Device Id")
[2021.02.05-03.20.56:658][  0]LogWindows: EnumDisplayDevices:
[2021.02.05-03.20.56:658][  0]LogWindows:    0. 'NVIDIA GeForce GT 1030' (P:0 D:1)
[2021.02.05-03.20.56:658][  0]LogWindows:    1. 'NVIDIA GeForce GT 1030' (P:1 D:1)
[2021.02.05-03.20.56:659][  0]LogWindows: DebugString: FoundDriverCount:2 
[2021.02.05-03.20.56:659][  0]LogD3D11RHI:     Adapter Name: NVIDIA GeForce GT 1030
[2021.02.05-03.20.56:659][  0]LogD3D11RHI:   Driver Version: 461.09 (internal:27.21.14.6109, unified:461.09)
[2021.02.05-03.20.56:659][  0]LogD3D11RHI:      Driver Date: 12-31-2020
[2021.02.05-03.20.56:659][  0]LogRHI: Texture pool is 1387 MB (70% of 1982 MB)
[2021.02.05-03.20.56:753][  0]LogD3D11RHI: RHI has support for 64 bit atomics
[2021.02.05-03.20.56:754][  0]LogD3D11RHI: Async texture creation enabled
[2021.02.05-03.20.56:856][  0]LogD3D11RHI: GPU Timing Frequency: 1000.000000 (Debug: 2 1)
[2021.02.05-03.20.57:959][  0]LogTargetPlatformManager: Display: Loaded TargetPlatform 'AllDesktop'
[2021.02.05-03.20.58:065][  0]LogTargetPlatformManager: Display: Loaded TargetPlatform 'Android'
[2021.02.05-03.20.58:065][  0]LogTargetPlatformManager: Display: Loaded TargetPlatform 'Android_ASTC'
[2021.02.05-03.20.58:065][  0]LogTargetPlatformManager: Display: Loaded TargetPlatform 'Android_ATC'
[2021.02.05-03.20.58:065][  0]LogTargetPlatformManager: Display: Loaded TargetPlatform 'Android_DXT'
[2021.02.05-03.20.58:065][  0]LogTargetPlatformManager: Display: Loaded TargetPlatform 'Android_ETC1'
[2021.02.05-03.20.58:065][  0]LogTargetPlatformManager: Display: Loaded TargetPlatform 'Android_ETC1a'
[2021.02.05-03.20.58:065][  0]LogTargetPlatformManager: Display: Loaded TargetPlatform 'Android_ETC2'
[2021.02.05-03.20.58:065][  0]LogTargetPlatformManager: Display: Loaded TargetPlatform 'Android_PVRTC'
[2021.02.05-03.20.58:065][  0]LogTargetPlatformManager: Display: Loaded TargetPlatform 'AndroidClient'
[2021.02.05-03.20.58:065][  0]LogTargetPlatformManager: Display: Loaded TargetPlatform 'Android_ASTCClient'
[2021.02.05-03.20.58:065][  0]LogTargetPlatformManager: Display: Loaded TargetPlatform 'Android_ATCClient'
[2021.02.05-03.20.58:065][  0]LogTargetPlatformManager: Display: Loaded TargetPlatform 'Android_DXTClient'
[2021.02.05-03.20.58:065][  0]LogTargetPlatformManager: Display: Loaded TargetPlatform 'Android_ETC1Client'
[2021.02.05-03.20.58:065][  0]LogTargetPlatformManager: Display: Loaded TargetPlatform 'Android_ETC1aClient'
[2021.02.05-03.20.58:065][  0]LogTargetPlatformManager: Display: Loaded TargetPlatform 'Android_ETC2Client'
[2021.02.05-03.20.58:065][  0]LogTargetPlatformManager: Display: Loaded TargetPlatform 'Android_PVRTCClient'
[2021.02.05-03.20.58:065][  0]LogTargetPlatformManager: Display: Loaded TargetPlatform 'Android_Multi'
[2021.02.05-03.20.58:065][  0]LogTargetPlatformManager: Display: Loaded TargetPlatform 'Android_MultiClient'
[2021.02.05-03.20.58:182][  0]LogTargetPlatformManager: Display: Loaded TargetPlatform 'IOSClient'
[2021.02.05-03.20.58:182][  0]LogTargetPlatformManager: Display: Loaded TargetPlatform 'IOS'
[2021.02.05-03.20.58:216][  0]LogTargetPlatformManager: Display: Loaded TargetPlatform 'LinuxNoEditor'
[2021.02.05-03.20.58:254][  0]LogTargetPlatformManager: Display: Loaded TargetPlatform 'LinuxClient'
[2021.02.05-03.20.58:282][  0]LogTargetPlatformManager: Display: Loaded TargetPlatform 'LinuxServer'
[2021.02.05-03.20.58:309][  0]LogTargetPlatformManager: Display: Loaded TargetPlatform 'LinuxAArch64NoEditor'
[2021.02.05-03.20.58:334][  0]LogTargetPlatformManager: Display: Loaded TargetPlatform 'LinuxAArch64Client'
[2021.02.05-03.20.58:362][  0]LogTargetPlatformManager: Display: Loaded TargetPlatform 'LinuxAArch64Server'
[2021.02.05-03.20.58:431][  0]LogTargetPlatformManager: Display: Loaded TargetPlatform 'Lumin'
[2021.02.05-03.20.58:431][  0]LogTargetPlatformManager: Display: Loaded TargetPlatform 'LuminClient'
[2021.02.05-03.20.58:474][  0]LogTargetPlatformManager: Display: Loaded TargetPlatform 'TVOSClient'
[2021.02.05-03.20.58:474][  0]LogTargetPlatformManager: Display: Loaded TargetPlatform 'TVOS'
[2021.02.05-03.20.58:520][  0]LogTargetPlatformManager: Display: Loaded TargetPlatform 'WindowsNoEditor'
[2021.02.05-03.20.58:555][  0]LogTargetPlatformManager: Display: Loaded TargetPlatform 'Windows'
[2021.02.05-03.20.58:582][  0]LogTargetPlatformManager: Display: Loaded TargetPlatform 'WindowsClient'
[2021.02.05-03.20.58:610][  0]LogTargetPlatformManager: Display: Loaded TargetPlatform 'WindowsServer'
[2021.02.05-03.20.58:610][  0]LogTargetPlatformManager: Display: Building Assets For Windows
[2021.02.05-03.20.58:783][  0]LogAudioDebug: Display: Lib vorbis DLL was dynamically loaded.
[2021.02.05-03.20.59:427][  0]LogShaderCompilers: Guid format shader working directory is 17 characters bigger than the processId version (C:/Serotopia/Serotopia_Grey_1/Intermediate/Shaders/WorkingDirectory/7452/).
[2021.02.05-03.20.59:428][  0]LogShaderCompilers: Cleaned the shader compiler working directory 'C:/Users/Casey/AppData/Local/Temp/UnrealShaderWorkingDir/1703BA73401906567011A4A9EF026BCD/'.
[2021.02.05-03.20.59:447][  0]LogXGEController: Cleaning working directory: C:/Users/Casey/AppData/Local/Temp/UnrealXGEWorkingDir/
[2021.02.05-03.20.59:447][  0]LogXGEController: Cannot use XGE Controller as Incredibuild is not installed on this machine.
[2021.02.05-03.20.59:447][  0]LogShaderCompilers: Cannot use XGE Shader Compiler as Incredibuild is not installed on this machine.
[2021.02.05-03.20.59:447][  0]LogShaderCompilers: Display: Using Local Shader Compiler.
[2021.02.05-03.21.03:916][  0]LogDerivedDataCache: Display: Max Cache Size: 512 MB
[2021.02.05-03.21.04:120][  0]LogDerivedDataCache: Loaded boot cache 0.20s 78MB C:/Users/Casey/AppData/Local/UnrealEngine/4.24/DerivedDataCache/Boot.ddc.
[2021.02.05-03.21.04:120][  0]LogDerivedDataCache: Display: Loaded Boot cache: C:/Users/Casey/AppData/Local/UnrealEngine/4.24/DerivedDataCache/Boot.ddc
[2021.02.05-03.21.04:120][  0]LogDerivedDataCache: FDerivedDataBackendGraph:  Pak pak cache file C:/Serotopia/Serotopia_Grey_1/DerivedDataCache/DDC.ddp not found, will not use a pak cache.
[2021.02.05-03.21.04:120][  0]LogDerivedDataCache: Unable to find inner node Pak for hierarchical cache Hierarchy.
[2021.02.05-03.21.04:120][  0]LogDerivedDataCache: FDerivedDataBackendGraph:  CompressedPak pak cache file C:/Serotopia/Serotopia_Grey_1/DerivedDataCache/Compressed.ddp not found, will not use a pak cache.
[2021.02.05-03.21.04:120][  0]LogDerivedDataCache: Unable to find inner node CompressedPak for hierarchical cache Hierarchy.
[2021.02.05-03.21.04:172][  0]LogDerivedDataCache: Display: Pak cache opened for reading ../../../Engine/DerivedDataCache/Compressed.ddp.
[2021.02.05-03.21.04:172][  0]LogDerivedDataCache: FDerivedDataBackendGraph:  EnterprisePak pak cache file ../../../Enterprise/DerivedDataCache/Compressed.ddp not found, will not use a pak cache.
[2021.02.05-03.21.04:172][  0]LogDerivedDataCache: Unable to find inner node EnterprisePak for hierarchical cache Hierarchy.
[2021.02.05-03.21.04:173][  0]LogDerivedDataCache: Using Local data cache path C:/Users/Casey/AppData/Local/UnrealEngine/Common/DerivedDataCache: Writable
[2021.02.05-03.21.04:173][  0]LogDerivedDataCache: Shared data cache path not found in *engine.ini, will not use an Shared cache.
[2021.02.05-03.21.04:173][  0]LogDerivedDataCache: Unable to find inner node Shared for hierarchical cache Hierarchy.
[2021.02.05-03.21.04:235][  0]LogMaterial: Verifying Global Shaders for PCD3D_SM5
[2021.02.05-03.21.04:279][  0]LogSlate: Using FreeType 2.10.0
[2021.02.05-03.21.04:369][  0]LogSlate: SlateFontServices - WITH_FREETYPE: 1, WITH_HARFBUZZ: 1
[2021.02.05-03.21.06:170][  0]LogAssetRegistry: FAssetRegistry took 0.0429 seconds to start up
[2021.02.05-03.21.11:566][  0]LogInit: Selected Device Profile: [Windows]
[2021.02.05-03.21.13:613][  0]LogMeshReduction: Using QuadricMeshReduction for automatic static mesh reduction
[2021.02.05-03.21.13:613][  0]LogMeshReduction: Using SimplygonMeshReduction for automatic skeletal mesh reduction
[2021.02.05-03.21.13:613][  0]LogMeshReduction: Using ProxyLODMeshReduction for automatic mesh merging
[2021.02.05-03.21.13:613][  0]LogMeshReduction: No distributed automatic mesh merging module available
[2021.02.05-03.21.13:613][  0]LogMeshMerging: No distributed automatic mesh merging module available
[2021.02.05-03.21.13:981][  0]LogNetVersion: Serotopia 1.0.0, NetCL: 10570792, EngineNetVer: 13, GameNetVer: 0 (Checksum: 2814185824)
[2021.02.05-03.21.33:401][  0]LogAssetRegistry: Error: Failed to open file for write C:/Serotopia/Serotopia_Grey_1/Intermediate/AssetRegistryCache/2657c409.bin
[2021.02.05-03.21.33:430][  0]LogAssetRegistry: Error: Failed to open file for write C:/Serotopia/Serotopia_Grey_1/Intermediate/AssetRegistryCache/8c0e1344.bin
[2021.02.05-03.21.33:440][  0]LogAssetRegistry: Error: Failed to open file for write C:/Serotopia/Serotopia_Grey_1/Intermediate/AssetRegistryCache/50a675f9.bin
[2021.02.05-03.21.33:449][  0]LogAssetRegistry: Error: Failed to open file for write C:/Serotopia/Serotopia_Grey_1/Intermediate/AssetRegistryCache/52ed2538.bin
[2021.02.05-03.21.33:458][  0]LogAssetRegistry: Error: Failed to open file for write C:/Serotopia/Serotopia_Grey_1/Intermediate/AssetRegistryCache/d63b3057.bin
[2021.02.05-03.21.33:466][  0]LogPackageLocalizationCache: Processed 10 localized package path(s) for 1 prioritized culture(s) in 0.079477 seconds
[2021.02.05-03.21.33:481][  0]LogUObjectArray: 46750 objects as part of root set at end of initial load.
[2021.02.05-03.21.33:481][  0]LogUObjectAllocator: 8137160 out of 0 bytes used by permanent object pool.
[2021.02.05-03.21.33:481][  0]LogUObjectArray: CloseDisregardForGC: 0/0 objects in disregard for GC pool
[2021.02.05-03.21.38:415][  0]LogTcpMessaging: Initializing TcpMessaging bridge
[2021.02.05-03.21.38:466][  0]LogUdpMessaging: Initializing bridge on interface 0.0.0.0:0 to multicast group 230.0.0.1:6666.
[2021.02.05-03.21.39:252][  0]SourceControl: Source control is disabled
[2021.02.05-03.21.39:254][  0]SourceControl: Source control is disabled
[2021.02.05-03.21.39:318][  0]SourceControl: Source control is disabled
[2021.02.05-03.21.39:353][  0]SourceControl: Source control is disabled
[2021.02.05-03.21.39:387][  0]SourceControl: Source control is disabled
[2021.02.05-03.21.40:787][  0]LogAndroidPermission: UAndroidPermissionCallbackProxy::GetInstance
[2021.02.05-03.21.40:936][  0]LogAudioCaptureCore: Display: No Audio Capture implementations found. Audio input will be silent.
[2021.02.05-03.21.40:936][  0]LogAudioCaptureCore: Display: No Audio Capture implementations found. Audio input will be silent.
[2021.02.05-03.21.41:420][  0]LogOcInput: OculusInput pre-init called
[2021.02.05-03.21.41:505][  0]LogWindows: Failed to load 'OVRPlugin.dll' (GetLastError=126)
[2021.02.05-03.21.41:505][  0]LogWindows: File 'OVRPlugin.dll' does not exist
[2021.02.05-03.21.42:894][  0]LogEngine: Initializing Engine...
[2021.02.05-03.21.42:921][  0]LogHMD: Failed to initialize OpenVR with code 110
[2021.02.05-03.21.43:001][  0]LogStats: UGameplayTagsManager::InitializeManager -  0.058 s
[2021.02.05-03.21.43:967][  0]LogInit: Initializing FReadOnlyCVARCache
[2021.02.05-03.21.44:463][  0]LogAIModule: Creating AISystem for world Untitled
[2021.02.05-03.21.44:619][  0]LogAudioMixer: Display: Audio Mixer Platform Settings:
[2021.02.05-03.21.44:619][  0]LogAudioMixer: Display: 	Sample Rate:						  48000
[2021.02.05-03.21.44:619][  0]LogAudioMixer: Display: 	Callback Buffer Frame Size Requested: 1024
[2021.02.05-03.21.44:619][  0]LogAudioMixer: Display: 	Callback Buffer Frame Size To Use:	  1024
[2021.02.05-03.21.44:619][  0]LogAudioMixer: Display: 	Number of buffers to queue:			  2
[2021.02.05-03.21.44:619][  0]LogAudioMixer: Display: 	Max Channels (voices):				  32
[2021.02.05-03.21.44:619][  0]LogAudioMixer: Display: 	Number of Async Source Workers:		  0
[2021.02.05-03.21.44:620][  0]LogAudio: Display: AudioDevice MaxSources: 32
[2021.02.05-03.21.44:622][  0]LogAudio: Display: Using built-in audio occlusion.
[2021.02.05-03.21.44:622][  0]LogAudioMixer: Display: Initializing audio mixer.
[2021.02.05-03.21.44:771][  0]LogAudioMixer: Display: Audio Device Output Speaker Info:
[2021.02.05-03.21.44:771][  0]LogAudioMixer: Display: Name: Speakers (High Definition Audio Device)
[2021.02.05-03.21.44:771][  0]LogAudioMixer: Display: Is Default: Yes
[2021.02.05-03.21.44:771][  0]LogAudioMixer: Display: Sample Rate: 48000
[2021.02.05-03.21.44:771][  0]LogAudioMixer: Display: Channel Count Used: 8
[2021.02.05-03.21.44:771][  0]LogAudioMixer: Display: Device Channel Count: 8
[2021.02.05-03.21.44:771][  0]LogAudioMixer: Display: Channel Order:
[2021.02.05-03.21.44:771][  0]LogAudioMixer: Display: 0: FrontLeft
[2021.02.05-03.21.44:771][  0]LogAudioMixer: Display: 1: FrontRight
[2021.02.05-03.21.44:771][  0]LogAudioMixer: Display: 2: FrontCenter
[2021.02.05-03.21.44:771][  0]LogAudioMixer: Display: 3: LowFrequency
[2021.02.05-03.21.44:771][  0]LogAudioMixer: Display: 4: BackLeft
[2021.02.05-03.21.44:771][  0]LogAudioMixer: Display: 5: BackRight
[2021.02.05-03.21.44:771][  0]LogAudioMixer: Display: 6: SideLeft
[2021.02.05-03.21.44:771][  0]LogAudioMixer: Display: 7: SideRight
[2021.02.05-03.21.44:987][  0]LogAudioMixer: Display: Using Audio Device Speakers (High Definition Audio Device)
[2021.02.05-03.21.45:009][  0]LogInit: FAudioDevice initialized.
[2021.02.05-03.21.45:014][  0]LogNetVersion: Set ProjectVersion to 1.0.0.0. Version Checksum will be recalculated on next use.
[2021.02.05-03.21.45:023][  0]LogDerivedDataCache: Error: Could not save memory cache C:/Users/Casey/AppData/Local/UnrealEngine/4.24/DerivedDataCache/Boot.ddc.
[2021.02.05-03.21.45:024][  0]LogInit: Texture streaming: Enabled
[2021.02.05-03.21.45:224][  0]LogEngineSessionManager: EngineSessionManager initialized
[2021.02.05-03.21.45:229][  0]LogEditorSessionSummary: Verbose: Initializing EditorSessionSummaryWriter for editor session tracking
[2021.02.05-03.21.45:244][  0]LogOutputDevice: Warning: 

Script Stack (0 frames):

[2021.02.05-03.21.47:255][  0]LogStats: FPlatformStackWalk::StackWalkAndDump -  2.010 s
[2021.02.05-03.21.47:255][  0]LogOutputDevice: Error: === Handled ensure: ===
[2021.02.05-03.21.47:255][  0]LogOutputDevice: Error: 
[2021.02.05-03.21.47:255][  0]LogOutputDevice: Error: Ensure condition failed: IsLocked() [File:D:/Build/++UE4/Sync/Engine/Source/Developer/EditorAnalyticsSession/Private/EditorAnalyticsSession.cpp] [Line: 279]
[2021.02.05-03.21.47:255][  0]LogOutputDevice: Error: 
[2021.02.05-03.21.47:255][  0]LogOutputDevice: Error: Stack: 
[2021.02.05-03.21.47:255][  0]LogOutputDevice: Error: [Callstack] 0x00007ff83ed7e629 UE4Editor-EditorAnalyticsSession.dll!UnknownFunction []
[2021.02.05-03.21.47:255][  0]LogOutputDevice: Error: [Callstack] 0x00007ff83ed79835 UE4Editor-EditorAnalyticsSession.dll!UnknownFunction []
[2021.02.05-03.21.47:255][  0]LogOutputDevice: Error: [Callstack] 0x00007fffd3258407 UE4Editor-Engine.dll!UnknownFunction []
[2021.02.05-03.21.47:255][  0]LogOutputDevice: Error: [Callstack] 0x00007fffd3d80f9b UE4Editor-Engine.dll!UnknownFunction []
[2021.02.05-03.21.47:255][  0]LogOutputDevice: Error: [Callstack] 0x00007fffd1199ccd UE4Editor-UnrealEd.dll!UnknownFunction []
[2021.02.05-03.21.47:255][  0]LogOutputDevice: Error: [Callstack] 0x00007fffd11991f3 UE4Editor-UnrealEd.dll!UnknownFunction []
[2021.02.05-03.21.47:255][  0]LogOutputDevice: Error: [Callstack] 0x00007fffd19df210 UE4Editor-UnrealEd.dll!UnknownFunction []
[2021.02.05-03.21.47:255][  0]LogOutputDevice: Error: [Callstack] 0x00007ff750722c2d UE4Editor.exe!UnknownFunction []
[2021.02.05-03.21.47:255][  0]LogOutputDevice: Error: [Callstack] 0x00007fffd19aca07 UE4Editor-UnrealEd.dll!UnknownFunction []
[2021.02.05-03.21.47:255][  0]LogOutputDevice: Error: [Callstack] 0x00007ff75073c260 UE4Editor.exe!UnknownFunction []
[2021.02.05-03.21.47:255][  0]LogOutputDevice: Error: [Callstack] 0x00007ff75073c4ca UE4Editor.exe!UnknownFunction []
[2021.02.05-03.21.47:255][  0]LogOutputDevice: Error: [Callstack] 0x00007ff75074ceae UE4Editor.exe!UnknownFunction []
[2021.02.05-03.21.47:255][  0]LogOutputDevice: Error: [Callstack] 0x00007ff75074fcbe UE4Editor.exe!UnknownFunction []
[2021.02.05-03.21.47:255][  0]LogOutputDevice: Error: [Callstack] 0x00007ff862157c24 KERNEL32.DLL!UnknownFunction []
[2021.02.05-03.21.47:255][  0]LogOutputDevice: Error: [Callstack] 0x00007ff86238d4d1 ntdll.dll!UnknownFunction []
[2021.02.05-03.21.47:255][  0]LogOutputDevice: Error: 
[2021.02.05-03.21.47:267][  0]LogStats:                SubmitErrorReport -  0.000 s
[2021.02.05-03.21.56:465][  0]LogStats:                    SendNewReport -  9.199 s
[2021.02.05-03.21.56:466][  0]LogStats:             FDebug::EnsureFailed - 11.232 s
[2021.02.05-03.21.56:545][  0]LogInit: Transaction tracking system initialized
[2021.02.05-03.21.56:576][  0]BlueprintLog: New page: Editor Load
[2021.02.05-03.21.56:711][  0]LocalizationService: Localization service is disabled
[2021.02.05-03.21.57:244][  0]LogFileCache: Scanning file cache for directory 'C:/Serotopia/Serotopia_Grey_1/Content/' took 0.04s
[2021.02.05-03.21.57:244][  0]LogCook: Display: Max memory allowance for cook 16384mb min free memory 0mb
[2021.02.05-03.21.57:244][  0]LogCook: Display: Mobile HDR setting 1
[2021.02.05-03.21.58:503][  0]SourceControl: Source control is disabled
[2021.02.05-03.21.58:503][  0]Cmd: MAP LOAD FILE="C:/Serotopia/Serotopia_Grey_1/Content/Levels/MainMenu.umap" TEMPLATE=0 SHOWPROGRESS=1 FEATURELEVEL=3
[2021.02.05-03.21.58:504][  0]LightingResults: New page: Lighting Build
[2021.02.05-03.21.58:510][  0]LogWorld: UWorld::CleanupWorld for Untitled, bSessionEnded=true, bCleanupResources=true
[2021.02.05-03.21.58:510][  0]LogSlate: InvalidateAllWidgets triggered.  All widgets were invalidated
[2021.02.05-03.21.58:510][  0]MapCheck: New page: Map Check
[2021.02.05-03.21.58:510][  0]LightingResults: New page: Lighting Build
[2021.02.05-03.21.59:121][  0]LogUObjectHash: Compacting FUObjectHashTables data took   4.00ms
[2021.02.05-03.21.59:981][  0]LogAIModule: Creating AISystem for world MainMenu
[2021.02.05-03.22.00:229][  0]LogEditorServer: Finished looking for orphan Actors (0.000 secs)
[2021.02.05-03.22.00:341][  0]LogUObjectHash: Compacting FUObjectHashTables data took   2.69ms
[2021.02.05-03.22.00:359][  0]Cmd: MAP CHECKDEP NOCLEARLOG
[2021.02.05-03.22.00:360][  0]MapCheck: Map check complete: 0 Error(s), 0 Warning(s), took 0.517ms to complete.
[2021.02.05-03.22.00:372][  0]LogFileHelpers: Loading map 'MainMenu' took 1.869
[2021.02.05-03.22.02:337][  0]LogSlate: Updating window title bar state: overlay mode, drag disabled, window buttons hidden, title bar hidden
[2021.02.05-03.22.02:346][  0]LogSlate: Updating window title bar state: overlay mode, drag disabled, window buttons hidden, title bar hidden
[2021.02.05-03.22.02:355][  0]LogSlate: Updating window title bar state: overlay mode, drag disabled, window buttons hidden, title bar hidden
[2021.02.05-03.22.02:364][  0]LogSlate: Updating window title bar state: overlay mode, drag disabled, window buttons hidden, title bar hidden
[2021.02.05-03.22.02:455][  0]LogCollectionManager: Loaded 0 collections in 0.001923 seconds
[2021.02.05-03.22.02:528][  0]LogFileCache: Scanning file cache for directory 'C:/Serotopia/Serotopia_Grey_1/Saved/Collections/' took 0.00s
[2021.02.05-03.22.02:528][  0]LogFileCache: Scanning file cache for directory 'C:/Serotopia/Serotopia_Grey_1/Content/Developers/Casey/Collections/' took 0.00s
[2021.02.05-03.22.02:528][  0]LogFileCache: Scanning file cache for directory 'C:/Serotopia/Serotopia_Grey_1/Content/Collections/' took 0.00s
[2021.02.05-03.22.02:529][  0]LogContentBrowser: Native class hierarchy populated in 0.0082 seconds. Added 3015 classes and 717 folders.
[2021.02.05-03.22.02:636][  0]LogContentBrowser: Native class hierarchy updated for 'WidgetCarousel' in 0.0003 seconds. Added 0 classes and 0 folders.
[2021.02.05-03.22.04:105][  0]LogContentBrowser: Native class hierarchy updated for 'AddContentDialog' in 0.0003 seconds. Added 0 classes and 0 folders.
[2021.02.05-03.22.04:167][  0]LogContentBrowser: Native class hierarchy updated for 'SceneOutliner' in 0.0003 seconds. Added 2 classes and 3 folders.
[2021.02.05-03.22.04:685][  0]LogSlate: Took 0.026140 seconds to synchronously load lazily loaded font '../../../Engine/Content/Slate/Fonts/Roboto-Regular.ttf' (155K)
[2021.02.05-03.22.04:720][  0]LogSlate: Took 0.021065 seconds to synchronously load lazily loaded font '../../../Engine/Content/Slate/Fonts/Roboto-Bold.ttf' (160K)
[2021.02.05-03.22.04:754][  0]LogSlate: Took 0.012586 seconds to synchronously load lazily loaded font '../../../Engine/Content/Editor/Slate/Fonts/FontAwesome.ttf' (139K)
[2021.02.05-03.22.05:304][  0]LogRenderer: Reallocating scene render targets to support 760x360 Format 10 NumSamples 1 (Frame:1).
[2021.02.05-03.22.10:194][  0]LogContentBrowser: Native class hierarchy updated for 'HierarchicalLODOutliner' in 0.0003 seconds. Added 0 classes and 0 folders.
[2021.02.05-03.22.10:194][  0]LogLoad: (Engine Initialization) Total time: 100.68 seconds
[2021.02.05-03.22.10:194][  0]LogLoad: (Engine Initialization) Total Blueprint compile time: 0.00 seconds
[2021.02.05-03.22.10:339][  0]LogContentStreaming: Texture pool size now 1000 MB
[2021.02.05-03.22.10:373][  0]LogSlate: Took 0.000223 seconds to synchronously load lazily loaded font '../../../Engine/Content/Slate/Fonts/Roboto-Light.ttf' (167K)
[2021.02.05-03.22.10:521][  2]LogSlate: Last resort fallback font was requested. Font: '/Game/Blueprints/UI/ManicMondayRegular.ManicMondayRegular', Character: '_ (U+005f)'
[2021.02.05-03.22.10:525][  2]LogSlate: Took 0.002282 seconds to synchronously load lazily loaded font '../../../Engine/Content/SlateDebug/Fonts/LastResort.ttf' (5269K)
[2021.02.05-03.22.10:548][  2]LogAssetRegistry: Asset discovery search completed in 64.3802 seconds
[2021.02.05-03.22.10:553][  2]LogCollectionManager: Fixed up redirectors for 0 collections in 0.000009 seconds (updated 0 objects)
[2021.02.05-03.22.15:533][ 17]LogFileCache: Retrieving MD5 hashes for directory 'C:/Serotopia/Serotopia_Grey_1/Content/' took 5.25s
[2021.02.05-03.23.10:327][181]LogEditorSessionSummary: Verbose: Initializing EditorSessionSummaryWriter for editor session tracking
[2021.02.05-03.23.10:329][181]LogEditorSessionSummary: EditorSessionSummaryWriter initialized
[2021.02.05-03.43.22:846][637]LogUObjectHash: Compacting FUObjectHashTables data took   0.81ms
[2021.02.05-03.43.22:970][637]LogSlate: Window 'Serotopia - Unreal Editor' being destroyed
[2021.02.05-03.43.23:182][638]Cmd: QUIT_EDITOR
[2021.02.05-03.43.23:182][638]LogCore: Engine exit requested (reason: UUnrealEdEngine::CloseEditor())
[2021.02.05-03.43.23:201][638]LogCore: Engine exit requested (reason: EngineExit() was called; note: exit was already requested)
[2021.02.05-03.43.23:211][638]LogAudioMixer: Display: No commands were queued while flushing the source manager.
[2021.02.05-03.43.23:359][638]LogWindowsTextInputMethodSystem: Display: IME system now deactivated.
[2021.02.05-03.43.23:389][638]LogExit: Preparing to exit.
[2021.02.05-03.43.24:729][638]LogDemo: Cleaned up 0 splitscreen connections with owner deletion
[2021.02.05-03.43.24:854][638]LogWorld: UWorld::CleanupWorld for None, bSessionEnded=true, bCleanupResources=true
[2021.02.05-03.43.24:854][638]LogExit: Editor shut down
[2021.02.05-03.43.24:856][638]LogExit: Transaction tracking system shut down
[2021.02.05-03.43.26:325][638]LogExit: Object subsystem successfully closed.
[2021.02.05-03.43.26:484][638]LogShaderCompilers: Display: Shaders left to compile 0
[2021.02.05-03.43.27:561][638]LogModuleManager: Shutting down and abandoning module HierarchicalLODOutliner (696)
[2021.02.05-03.43.27:561][638]LogModuleManager: Shutting down and abandoning module SceneOutliner (694)
[2021.02.05-03.43.27:561][638]LogModuleManager: Shutting down and abandoning module AddContentDialog (692)
[2021.02.05-03.43.27:562][638]LogModuleManager: Shutting down and abandoning module WidgetCarousel (691)
[2021.02.05-03.43.27:562][638]LogModuleManager: Shutting down and abandoning module EditorWidgets (688)
[2021.02.05-03.43.27:562][638]LogModuleManager: Shutting down and abandoning module CollectionManager (686)
[2021.02.05-03.43.27:581][638]LogModuleManager: Shutting down and abandoning module StatsViewer (684)
[2021.02.05-03.43.27:596][638]LogModuleManager: Shutting down and abandoning module VirtualTexturingEditor (682)
[2021.02.05-03.43.27:604][638]LogModuleManager: Shutting down and abandoning module FoliageEdit (680)
[2021.02.05-03.43.27:614][638]LogModuleManager: Shutting down and abandoning module LandscapeEditor (678)
[2021.02.05-03.43.27:651][638]LogModuleManager: Shutting down and abandoning module MeshPaintMode (676)
[2021.02.05-03.43.27:651][638]LogModuleManager: Shutting down and abandoning module SceneDepthPickerMode (674)
[2021.02.05-03.43.27:651][638]LogModuleManager: Shutting down and abandoning module ActorPickerMode (672)
[2021.02.05-03.43.27:651][638]LogModuleManager: Shutting down and abandoning module GeometryMode (670)
[2021.02.05-03.43.27:651][638]LogModuleManager: Shutting down and abandoning module TextureAlignMode (668)
[2021.02.05-03.43.27:651][638]LogModuleManager: Shutting down and abandoning module BspMode (666)
[2021.02.05-03.43.27:651][638]LogModuleManager: Shutting down and abandoning module PIEPreviewDeviceProfileSelector (664)
[2021.02.05-03.43.27:652][638]LogModuleManager: Shutting down and abandoning module SequenceRecorderSections (662)
[2021.02.05-03.43.27:659][638]LogModuleManager: Shutting down and abandoning module AutomationWorker (660)
[2021.02.05-03.43.27:659][638]LogModuleManager: Shutting down and abandoning module SteamVREditor (658)
[2021.02.05-03.43.27:659][638]LogModuleManager: Shutting down and abandoning module OculusMR (656)
[2021.02.05-03.43.27:671][638]LogModuleManager: Shutting down and abandoning module AudioCaptureEditor (654)
[2021.02.05-03.43.27:672][638]LogModuleManager: Shutting down and abandoning module MatineeToLevelSequence (652)
[2021.02.05-03.43.27:675][638]LogModuleManager: Shutting down and abandoning module LevelSequenceEditor (650)
[2021.02.05-03.43.27:686][638]LogModuleManager: Shutting down and abandoning module PlacementMode (649)
[2021.02.05-03.43.27:687][638]LogModuleManager: Shutting down and abandoning module MaterialEditor (648)
[2021.02.05-03.43.27:714][638]LogModuleManager: Shutting down and abandoning module ActorSequenceEditor (644)
[2021.02.05-03.43.27:724][638]LogModuleManager: Shutting down and abandoning module WmfMediaFactory (642)
[2021.02.05-03.43.27:724][638]LogModuleManager: Shutting down and abandoning module WmfMediaEditor (640)
[2021.02.05-03.43.27:724][638]LogModuleManager: Shutting down and abandoning module WebMMediaFactory (638)
[2021.02.05-03.43.27:724][638]LogModuleManager: Shutting down and abandoning module WebMMediaEditor (636)
[2021.02.05-03.43.27:724][638]LogModuleManager: Shutting down and abandoning module WebMMedia (634)
[2021.02.05-03.43.27:725][638]LogModuleManager: Shutting down and abandoning module MediaPlayerEditor (632)
[2021.02.05-03.43.27:736][638]LogModuleManager: Shutting down and abandoning module MediaCompositingEditor (630)
[2021.02.05-03.43.27:744][638]LogModuleManager: Shutting down and abandoning module SequenceRecorder (629)
[2021.02.05-03.43.27:744][638]LogModuleManager: Shutting down and abandoning module OpenExrWrapper (626)
[2021.02.05-03.43.27:744][638]LogModuleManager: Shutting down and abandoning module ImgMediaFactory (624)
[2021.02.05-03.43.27:744][638]LogModuleManager: Shutting down and abandoning module ImgMediaEditor (622)
[2021.02.05-03.43.27:744][638]LogModuleManager: Shutting down and abandoning module AvfMediaFactory (620)
[2021.02.05-03.43.27:744][638]LogModuleManager: Shutting down and abandoning module AvfMediaEditor (618)
[2021.02.05-03.43.27:744][638]LogModuleManager: Shutting down and abandoning module AndroidMediaFactory (616)
[2021.02.05-03.43.27:744][638]LogModuleManager: Shutting down and abandoning module AndroidMediaEditor (614)
[2021.02.05-03.43.27:744][638]LogModuleManager: Shutting down and abandoning module MagicLeapMediaCodecFactory (612)
[2021.02.05-03.43.27:744][638]LogModuleManager: Shutting down and abandoning module MagicLeapMediaFactory (610)
[2021.02.05-03.43.27:744][638]LogModuleManager: Shutting down and abandoning module MagicLeapMediaEditor (608)
[2021.02.05-03.43.27:744][638]LogModuleManager: Shutting down and abandoning module CharacterAI (606)
[2021.02.05-03.43.27:744][638]LogModuleManager: Shutting down and abandoning module SmartSnapping (604)
[2021.02.05-03.43.27:744][638]LogModuleManager: Shutting down and abandoning module SessionServices (602)
[2021.02.05-03.43.27:744][638]LogModuleManager: Shutting down and abandoning module MeshPaint (600)
[2021.02.05-03.43.27:744][638]LogModuleManager: Shutting down and abandoning module ViewportSnapping (598)
[2021.02.05-03.43.27:744][638]LogModuleManager: Shutting down and abandoning module ViewportInteraction (596)
[2021.02.05-03.43.27:744][638]LogModuleManager: Shutting down and abandoning module ClothPainter (594)
[2021.02.05-03.43.27:766][638]LogModuleManager: Shutting down and abandoning module SkeletalMeshEditor (593)
[2021.02.05-03.43.27:780][638]LogModuleManager: Shutting down and abandoning module LogVisualizer (590)
[2021.02.05-03.43.27:799][638]LogModuleManager: Shutting down and abandoning module IntroTutorials (588)
[2021.02.05-03.43.27:819][638]LogModuleManager: Shutting down and abandoning module GameProjectGeneration (587)
[2021.02.05-03.43.27:829][638]LogModuleManager: Shutting down and abandoning module LuminPlatformEditor (584)
[2021.02.05-03.43.27:830][638]LogModuleManager: Shutting down and abandoning module IOSPlatformEditor (582)
[2021.02.05-03.43.27:836][638]LogModuleManager: Shutting down and abandoning module AndroidPlatformEditor (580)
[2021.02.05-03.43.27:850][638]LogModuleManager: Shutting down and abandoning module AndroidDeviceDetection (579)
[2021.02.05-03.43.28:590][638]LogModuleManager: Shutting down and abandoning module WindowsPlatformEditor (576)
[2021.02.05-03.43.28:590][638]LogModuleManager: Shutting down and abandoning module LuminRuntimeSettings (574)
[2021.02.05-03.43.28:590][638]LogModuleManager: Shutting down and abandoning module IOSRuntimeSettings (572)
[2021.02.05-03.43.28:591][638]LogModuleManager: Shutting down and abandoning module AndroidRuntimeSettings (570)
[2021.02.05-03.43.28:591][638]LogModuleManager: Shutting down and abandoning module EditorInteractiveToolsFramework (568)
[2021.02.05-03.43.28:591][638]LogModuleManager: Shutting down and abandoning module TimeManagementEditor (566)
[2021.02.05-03.43.28:591][638]LogModuleManager: Shutting down and abandoning module InputBindingEditor (564)
[2021.02.05-03.43.28:597][638]LogModuleManager: Shutting down and abandoning module MergeActors (562)
[2021.02.05-03.43.28:607][638]LogModuleManager: Shutting down and abandoning module LocalizationDashboard (560)
[2021.02.05-03.43.28:619][638]LogModuleManager: Shutting down and abandoning module LocalizationService (559)
[2021.02.05-03.43.28:628][638]LogModuleManager: Shutting down and abandoning module HardwareTargeting (556)
[2021.02.05-03.43.28:628][638]LogModuleManager: Shutting down and abandoning module DeviceProfileEditor (554)
[2021.02.05-03.43.28:628][638]LogModuleManager: Shutting down and abandoning module UndoHistory (552)
[2021.02.05-03.43.28:640][638]LogModuleManager: Shutting down and abandoning module XmlParser (550)
[2021.02.05-03.43.28:652][638]LogModuleManager: Shutting down and abandoning module Blutility (548)
[2021.02.05-03.43.28:652][638]LogModuleManager: Shutting down and abandoning module ProjectSettingsViewer (546)
[2021.02.05-03.43.28:652][638]LogModuleManager: Shutting down and abandoning module ProjectTargetPlatformEditor (545)
[2021.02.05-03.43.28:652][638]LogModuleManager: Shutting down and abandoning module EditorSettingsViewer (542)
[2021.02.05-03.43.28:652][638]LogModuleManager: Shutting down and abandoning module SettingsEditor (540)
[2021.02.05-03.43.28:659][638]LogModuleManager: Shutting down and abandoning module ProjectLauncher (538)
[2021.02.05-03.43.28:667][638]LogModuleManager: Shutting down and abandoning module SessionFrontend (536)
[2021.02.05-03.43.28:679][638]LogModuleManager: Shutting down and abandoning module ProfilerClient (534)
[2021.02.05-03.43.28:688][638]LogModuleManager: Shutting down and abandoning module DeviceManager (532)
[2021.02.05-03.43.28:694][638]LogModuleManager: Shutting down and abandoning module TargetDeviceServices (531)
[2021.02.05-03.43.28:727][638]LogModuleManager: Shutting down and abandoning module AutomationController (528)
[2021.02.05-03.43.28:737][638]LogModuleManager: Shutting down and abandoning module AutomationWindow (526)
[2021.02.05-03.43.28:749][638]LogModuleManager: Shutting down and abandoning module Layers (524)
[2021.02.05-03.43.28:772][638]LogModuleManager: Shutting down and abandoning module ComponentVisualizers (522)
[2021.02.05-03.43.28:772][638]LogModuleManager: Shutting down and abandoning module DetailCustomizations (520)
[2021.02.05-03.43.28:792][638]LogModuleManager: Shutting down and abandoning module PackagesDialog (518)
[2021.02.05-03.43.28:792][638]LogModuleManager: Shutting down and abandoning module AnimationBlueprintEditor (516)
[2021.02.05-03.43.28:805][638]LogModuleManager: Shutting down and abandoning module Persona (514)
[2021.02.05-03.43.28:829][638]LogModuleManager: Shutting down and abandoning module AdvancedPreviewScene (513)
[2021.02.05-03.43.28:829][638]LogModuleManager: Shutting down and abandoning module AnimGraph (511)
[2021.02.05-03.43.28:843][638]LogModuleManager: Shutting down and abandoning module Kismet (508)
[2021.02.05-03.43.28:853][638]LogModuleManager: Shutting down and abandoning module KismetWidgets (507)
[2021.02.05-03.43.28:853][638]LogModuleManager: Shutting down and abandoning module GraphEditor (504)
[2021.02.05-03.43.28:853][638]LogModuleManager: Shutting down and abandoning module StructViewer (502)
[2021.02.05-03.43.28:854][638]LogModuleManager: Shutting down and abandoning module ClassViewer (500)
[2021.02.05-03.43.28:854][638]LogModuleManager: Shutting down and abandoning module Toolbox (498)
[2021.02.05-03.43.28:854][638]LogModuleManager: Shutting down and abandoning module ModuleUI (496)
[2021.02.05-03.43.28:861][638]LogModuleManager: Shutting down and abandoning module OutputLog (494)
[2021.02.05-03.43.28:870][638]LogModuleManager: Shutting down and abandoning module GammaUI (492)
[2021.02.05-03.43.28:879][638]LogModuleManager: Shutting down and abandoning module Documentation (490)
[2021.02.05-03.43.28:879][638]LogModuleManager: Shutting down and abandoning module ToolMenus (488)
[2021.02.05-03.43.28:879][638]LogModuleManager: Shutting down and abandoning module LiveCoding (486)
[2021.02.05-03.43.28:897][638]LogModuleManager: Shutting down and abandoning module LevelSequence (484)
[2021.02.05-03.43.28:897][638]LogModuleManager: Shutting down and abandoning module MovieSceneTracks (482)
[2021.02.05-03.43.28:897][638]LogModuleManager: Shutting down and abandoning module MovieScene (480)
[2021.02.05-03.43.28:897][638]LogModuleManager: Shutting down and abandoning module StreamingPauseRendering (478)
[2021.02.05-03.43.28:909][638]LogModuleManager: Shutting down and abandoning module LauncherPlatform (476)
[2021.02.05-03.43.28:909][638]LogModuleManager: Shutting down and abandoning module AnalyticsET (474)
[2021.02.05-03.43.28:909][638]LogModuleManager: Shutting down and abandoning module PortalServices (472)
[2021.02.05-03.43.28:909][638]LogModuleManager: Shutting down and abandoning module PortalRpc (470)
[2021.02.05-03.43.28:909][638]LogModuleManager: Shutting down and abandoning module MessagingRpc (468)
[2021.02.05-03.43.28:909][638]LogModuleManager: Shutting down and abandoning module AudioMixerXAudio2 (466)
[2021.02.05-03.43.28:909][638]LogModuleManager: Shutting down and abandoning module AIModule (464)
[2021.02.05-03.43.28:909][638]LogModuleManager: Shutting down and abandoning module GameplayDebugger (463)
[2021.02.05-03.43.28:909][638]LogModuleManager: Shutting down and abandoning module AITestSuite (461)
[2021.02.05-03.43.28:909][638]LogModuleManager: Shutting down and abandoning module NavigationSystem (459)
[2021.02.05-03.43.28:909][638]LogModuleManager: Shutting down and abandoning module ImageWriteQueue (456)
[2021.02.05-03.43.28:920][638]LogModuleManager: Shutting down and abandoning module ProfilerService (454)
[2021.02.05-03.43.29:113][638]LogModuleManager: Shutting down and abandoning module TaskGraph (452)
[2021.02.05-03.43.29:124][638]LogModuleManager: Shutting down and abandoning module ScreenshotTools (450)
[2021.02.05-03.43.29:124][638]LogModuleManager: Shutting down and abandoning module ProceduralMeshComponentEditor (448)
[2021.02.05-03.43.29:124][638]LogModuleManager: Shutting down and abandoning module ProceduralMeshComponent (446)
[2021.02.05-03.43.29:124][638]LogModuleManager: Shutting down and abandoning module OculusEditor (444)
[2021.02.05-03.43.29:132][638]LogModuleManager: Shutting down and abandoning module OculusInput (442)
[2021.02.05-03.43.29:132][638]LogModuleManager: Shutting down and abandoning module MobilePatchingUtils (440)
[2021.02.05-03.43.29:132][638]LogModuleManager: Shutting down and abandoning module EditableMesh (438)
[2021.02.05-03.43.29:139][638]LogModuleManager: Shutting down and abandoning module CustomMeshComponent (436)
[2021.02.05-03.43.29:139][638]LogModuleManager: Shutting down and abandoning module CableComponent (434)
[2021.02.05-03.43.29:139][638]LogModuleManager: Shutting down and abandoning module AudioCapture (432)
[2021.02.05-03.43.29:140][638]LogModuleManager: Shutting down and abandoning module AudioCaptureRtAudio (431)
[2021.02.05-03.43.29:140][638]LogModuleManager: Shutting down and abandoning module AssetTags (428)
[2021.02.05-03.43.29:140][638]LogModuleManager: Shutting down and abandoning module ArchVisCharacter (426)
[2021.02.05-03.43.29:140][638]LogModuleManager: Shutting down and abandoning module AppleImageUtilsBlueprintSupport (424)
[2021.02.05-03.43.29:140][638]LogModuleManager: Shutting down and abandoning module AppleImageUtils (422)
[2021.02.05-03.43.29:140][638]LogModuleManager: Shutting down and abandoning module AndroidPermission (420)
[2021.02.05-03.43.29:140][638]LogModuleManager: Shutting down and abandoning module NUTUnrealEngine4 (418)
[2021.02.05-03.43.29:146][638]LogModuleManager: Shutting down and abandoning module NetcodeUnitTest (416)
[2021.02.05-03.43.29:156][638]LogModuleManager: Shutting down and abandoning module MediaCompositing (414)
[2021.02.05-03.43.29:156][638]LogModuleManager: Shutting down and abandoning module ImgMedia (412)
[2021.02.05-03.43.29:156][638]LogModuleManager: Shutting down and abandoning module MagicLeapHelperVulkan (410)
[2021.02.05-03.43.29:156][638]LogModuleManager: Shutting down and abandoning module MagicLeapHelperOpenGL (408)
[2021.02.05-03.43.29:156][638]LogModuleManager: Shutting down and abandoning module MagicLeapAudio (406)
[2021.02.05-03.43.29:156][638]LogModuleManager: Shutting down and abandoning module GeometryCacheTracks (404)
[2021.02.05-03.43.29:156][638]LogModuleManager: Shutting down and abandoning module GeometryCacheSequencer (402)
[2021.02.05-03.43.29:156][638]LogModuleManager: Shutting down and abandoning module BackChannel (400)
[2021.02.05-03.43.29:166][638]LogModuleManager: Shutting down and abandoning module AutomationUtilsEditor (398)
[2021.02.05-03.43.29:166][638]LogModuleManager: Shutting down and abandoning module AutomationUtils (396)
[2021.02.05-03.43.29:166][638]LogModuleManager: Shutting down and abandoning module AlembicImporter (394)
[2021.02.05-03.43.29:171][638]LogModuleManager: Shutting down and abandoning module AlembicLibrary (393)
[2021.02.05-03.43.29:174][638]LogModuleManager: Shutting down and abandoning module GeometryCache (392)
[2021.02.05-03.43.29:174][638]LogModuleManager: Shutting down and abandoning module GeometryCacheEd (391)
[2021.02.05-03.43.29:174][638]LogModuleManager: Shutting down and abandoning module VariantManagerContentEditor (386)
[2021.02.05-03.43.29:181][638]LogModuleManager: Shutting down and abandoning module DatasmithContentEditor (384)
[2021.02.05-03.43.29:194][638]LogModuleManager: Shutting down and abandoning module SpeedTreeImporter (382)
[2021.02.05-03.43.29:194][638]LogModuleManager: Shutting down and abandoning module PluginBrowser (380)
[2021.02.05-03.43.29:248][638]LogModuleManager: Shutting down and abandoning module MobileLauncherProfileWizard (378)
[2021.02.05-03.43.29:269][638]LogModuleManager: Shutting down and abandoning module MaterialAnalyzer (376)
[2021.02.05-03.43.29:286][638]LogModuleManager: Shutting down and abandoning module CurveEditorTools (374)
[2021.02.05-03.43.29:293][638]LogModuleManager: Shutting down and abandoning module CryptoKeysOpenSSL (372)
[2021.02.05-03.43.29:293][638]LogModuleManager: Shutting down and abandoning module CryptoKeys (370)
[2021.02.05-03.43.29:293][638]LogModuleManager: Shutting down and abandoning module VisualStudioSourceCodeAccess (368)
[2021.02.05-03.43.29:306][638]LogModuleManager: Shutting down and abandoning module VisualStudioCodeSourceCodeAccess (366)
[2021.02.05-03.43.29:306][638]LogModuleManager: Shutting down and abandoning module UObjectPlugin (364)
[2021.02.05-03.43.29:306][638]LogModuleManager: Shutting down and abandoning module SubversionSourceControl (362)
[2021.02.05-03.43.29:341][638]LogModuleManager: Shutting down and abandoning module PlasticSourceControl (360)
[2021.02.05-03.43.29:365][638]LogModuleManager: Shutting down and abandoning module PerforceSourceControl (358)
[2021.02.05-03.43.29:384][638]LogModuleManager: Shutting down and abandoning module GitSourceControl (356)
[2021.02.05-03.43.29:416][638]LogModuleManager: Shutting down and abandoning module SourceControl (355)
[2021.02.05-03.43.29:416][638]LogModuleManager: Shutting down and abandoning module CLionSourceCodeAccess (352)
[2021.02.05-03.43.29:423][638]LogModuleManager: Shutting down and abandoning module AnimationSharingEd (350)
[2021.02.05-03.43.29:423][638]LogModuleManager: Shutting down and abandoning module ActorLayerUtilitiesEditor (348)
[2021.02.05-03.43.29:424][638]LogModuleManager: Shutting down and abandoning module ActorLayerUtilities (346)
[2021.02.05-03.43.29:424][638]LogModuleManager: Shutting down and abandoning module LightPropagationVolumeEditor (344)
[2021.02.05-03.43.29:424][638]LogModuleManager: Shutting down and abandoning module PaperTiledImporter (342)
[2021.02.05-03.43.29:424][638]LogModuleManager: Shutting down and abandoning module PaperSpriteSheetImporter (340)
[2021.02.05-03.43.29:424][638]LogModuleManager: Shutting down and abandoning module Paper2DEditor (338)
[2021.02.05-03.43.29:462][638]LogModuleManager: Shutting down and abandoning module SignificanceManager (336)
[2021.02.05-03.43.29:465][638]LogModuleManager: Shutting down and abandoning module RuntimePhysXCooking (334)
[2021.02.05-03.43.29:465][638]LogModuleManager: Shutting down and abandoning module PhysXVehiclesEditor (332)
[2021.02.05-03.43.29:465][638]LogModuleManager: Shutting down and abandoning module LocationServicesBPLibrary (328)
[2021.02.05-03.43.29:465][638]LogModuleManager: Shutting down and abandoning module ActorSequence (326)
[2021.02.05-03.43.29:465][638]LogModuleManager: Shutting down and abandoning module UdpMessaging (324)
[2021.02.05-03.43.29:567][638]LogModuleManager: Shutting down and abandoning module TcpMessaging (322)
[2021.02.05-03.43.29:676][638]LogModuleManager: Shutting down and abandoning module MagicLeapPrivileges (320)
[2021.02.05-03.43.29:680][638]LogModuleManager: Shutting down and abandoning module MagicLeapPlanes (318)
[2021.02.05-03.43.29:723][638]LogMagicLeapPlanes: Planes tracker already destroyed.
[2021.02.05-03.43.29:723][638]LogModuleManager: Shutting down and abandoning module MagicLeapIdentity (316)
[2021.02.05-03.43.29:723][638]LogModuleManager: Shutting down and abandoning module MagicLeapSecureStorage (314)
[2021.02.05-03.43.29:723][638]LogModuleManager: Shutting down and abandoning module MagicLeapImageTracker (312)
[2021.02.05-03.43.29:726][638]LogModuleManager: Shutting down and abandoning module MagicLeapHandTracking (310)
[2021.02.05-03.43.29:726][638]LogModuleManager: Shutting down and abandoning module MagicLeapHandMeshing (308)
[2021.02.05-03.43.29:727][638]LogModuleManager: Shutting down and abandoning module MagicLeapEyeTracker (306)
[2021.02.05-03.43.29:727][638]LogModuleManager: Shutting down and abandoning module MagicLeapController (304)
[2021.02.05-03.43.29:740][638]LogSlate: Slate User Destroyed.  User Index 0, Is Virtual User: 0
[2021.02.05-03.43.29:742][638]LogModuleManager: Shutting down and abandoning module MagicLeapARPin (302)
[2021.02.05-03.43.29:742][638]LogModuleManager: Shutting down and abandoning module MagicLeapAR (300)
[2021.02.05-03.43.29:748][638]LogModuleManager: Shutting down and abandoning module AugmentedReality (299)
[2021.02.05-03.43.29:748][638]LogModuleManager: Shutting down and abandoning module GameplayTagsEditor (296)
[2021.02.05-03.43.29:765][638]LogModuleManager: Shutting down and abandoning module FacialAnimationEditor (294)
[2021.02.05-03.43.29:765][638]LogModuleManager: Shutting down and abandoning module FacialAnimation (292)
[2021.02.05-03.43.29:765][638]LogModuleManager: Shutting down and abandoning module DataValidation (290)
[2021.02.05-03.43.29:765][638]LogModuleManager: Shutting down and abandoning module AssetManagerEditor (288)
[2021.02.05-03.43.29:814][638]LogModuleManager: Shutting down and abandoning module LevelEditor (287)
[2021.02.05-03.43.29:844][638]LogModuleManager: Shutting down and abandoning module PixelInspectorModule (286)
[2021.02.05-03.43.29:877][638]LogModuleManager: Shutting down and abandoning module CommonMenuExtensions (284)
[2021.02.05-03.43.29:877][638]LogModuleManager: Shutting down and abandoning module MainFrame (282)
[2021.02.05-03.43.29:877][638]LogModuleManager: Shutting down and abandoning module HotReload (281)
[2021.02.05-03.43.29:889][638]LogModuleManager: Shutting down and abandoning module ContentBrowser (277)
[2021.02.05-03.43.29:906][638]LogModuleManager: Shutting down and abandoning module TreeMap (275)
[2021.02.05-03.43.29:914][638]LogModuleManager: Shutting down and abandoning module AnimationSharing (272)
[2021.02.05-03.43.29:914][638]LogModuleManager: Shutting down and abandoning module LightPropagationVolumeRuntime (270)
[2021.02.05-03.43.29:914][638]LogModuleManager: Shutting down and abandoning module Paper2D (268)
[2021.02.05-03.43.29:939][638]LogModuleManager: Shutting down and abandoning module WindowsMoviePlayer (266)
[2021.02.05-03.43.29:962][638]LogModuleManager: Shutting down and abandoning module WebMMoviePlayer (264)
[2021.02.05-03.43.29:971][638]LogModuleManager: Shutting down and abandoning module NetworkReplayStreaming (262)
[2021.02.05-03.43.29:971][638]LogModuleManager: Shutting down and abandoning module PacketHandler (260)
[2021.02.05-03.43.29:971][638]LogModuleManager: Shutting down and abandoning module ClothingSystemEditor (258)
[2021.02.05-03.43.29:971][638]LogModuleManager: Shutting down and abandoning module ClothingSystemRuntimeNv (256)
[2021.02.05-03.43.29:988][638]LogModuleManager: Shutting down and abandoning module MediaAssets (254)
[2021.02.05-03.43.29:991][638]LogModuleManager: Shutting down and abandoning module Overlay (252)
[2021.02.05-03.43.29:991][638]LogModuleManager: Shutting down and abandoning module OverlayEditor (251)
[2021.02.05-03.43.29:991][638]LogModuleManager: Shutting down and abandoning module VREditor (248)
[2021.02.05-03.43.29:999][638]LogModuleManager: Shutting down and abandoning module StringTableEditor (246)
[2021.02.05-03.43.30:010][638]LogModuleManager: Shutting down and abandoning module GameplayTasksEditor (244)
[2021.02.05-03.43.30:010][638]LogModuleManager: Shutting down and abandoning module BehaviorTreeEditor (242)
[2021.02.05-03.43.30:032][638]LogModuleManager: Shutting down and abandoning module FunctionalTesting (240)
[2021.02.05-03.43.30:037][638]LogModuleManager: Shutting down and abandoning module CollisionAnalyzer (238)
[2021.02.05-03.43.30:097][638]LogModuleManager: Shutting down and abandoning module WorkspaceMenuStructure (237)
[2021.02.05-03.43.30:105][638]LogModuleManager: Shutting down and abandoning module UMG (234)
[2021.02.05-03.43.30:105][638]LogModuleManager: Shutting down and abandoning module UMGEditor (233)
[2021.02.05-03.43.30:105][638]LogModuleManager: Shutting down and abandoning module MessageLog (231)
[2021.02.05-03.43.30:105][638]LogModuleManager: Shutting down and abandoning module SlateReflector (226)
[2021.02.05-03.43.30:129][638]LogModuleManager: Shutting down and abandoning module Slate (224)
[2021.02.05-03.43.30:129][638]LogModuleManager: Shutting down and abandoning module SlateCore (222)
[2021.02.05-03.43.30:129][638]LogModuleManager: Shutting down and abandoning module LandscapeEditorUtilities (220)
[2021.02.05-03.43.30:129][638]LogModuleManager: Shutting down and abandoning module UnrealEd (218)
[2021.02.05-03.43.30:141][638]LogModuleManager: Shutting down and abandoning module MRMesh (216)
[2021.02.05-03.43.30:141][638]LogModuleManager: Shutting down and abandoning module SourceCodeAccess (214)
[2021.02.05-03.43.30:141][638]LogModuleManager: Shutting down and abandoning module HeadMountedDisplay (212)
[2021.02.05-03.43.30:148][638]LogModuleManager: Shutting down and abandoning module XAudio2 (210)
[2021.02.05-03.43.30:157][638]LogModuleManager: Shutting down and abandoning module Networking (208)
[2021.02.05-03.43.30:157][638]LogModuleManager: Shutting down and abandoning module Core (206)
[2021.02.05-03.43.30:157][638]LogModuleManager: Shutting down and abandoning module MovieSceneTools (204)
[2021.02.05-03.43.30:178][638]LogModuleManager: Shutting down and abandoning module CurveEditor (203)
[2021.02.05-03.43.30:178][638]LogModuleManager: Shutting down and abandoning module Sequencer (201)
[2021.02.05-03.43.30:187][638]LogModuleManager: Shutting down and abandoning module EditorStyle (200)
[2021.02.05-03.43.30:189][638]LogModuleManager: Shutting down and abandoning module KismetCompiler (196)
[2021.02.05-03.43.30:192][638]LogModuleManager: Shutting down and abandoning module MeshUtilities (194)
[2021.02.05-03.43.30:196][638]LogModuleManager: Shutting down and abandoning module MeshMergeUtilities (193)
[2021.02.05-03.43.30:202][638]LogModuleManager: Shutting down and abandoning module MeshReductionInterface (192)
[2021.02.05-03.43.30:202][638]LogModuleManager: Shutting down and abandoning module MeshBoneReduction (191)
[2021.02.05-03.43.30:212][638]LogModuleManager: Shutting down and abandoning module SkeletalMeshReduction (189)
[2021.02.05-03.43.30:231][638]LogModuleManager: Shutting down and abandoning module ProxyLODMeshReduction (187)
[2021.02.05-03.43.30:245][638]LogModuleManager: Shutting down and abandoning module QuadricMeshReduction (185)
[2021.02.05-03.43.30:253][638]LogModuleManager: Shutting down and abandoning module MaterialBaking (181)
[2021.02.05-03.43.30:260][638]LogModuleManager: Shutting down and abandoning module NullInstallBundleManager (176)
[2021.02.05-03.43.30:260][638]LogModuleManager: Shutting down and abandoning module DerivedDataCache (174)
[2021.02.05-03.43.30:260][638]LogDerivedDataCache: Shutdown
[2021.02.05-03.43.30:260][638]LogModuleManager: Shutting down and abandoning module XGEController (172)
[2021.02.05-03.43.30:260][638]LogXGEController: Cleaning working directory: C:/Users/Casey/AppData/Local/Temp/UnrealXGEWorkingDir/
[2021.02.05-03.43.30:260][638]LogModuleManager: Shutting down and abandoning module TargetPlatform (170)
[2021.02.05-03.43.30:260][638]LogModuleManager: Shutting down and abandoning module VulkanShaderFormat (169)
[2021.02.05-03.43.30:271][638]LogModuleManager: Shutting down and abandoning module ShaderFormatVectorVM (167)
[2021.02.05-03.43.30:279][638]LogModuleManager: Shutting down and abandoning module ShaderFormatOpenGL (165)
[2021.02.05-03.43.30:287][638]LogModuleManager: Shutting down and abandoning module ShaderFormatD3D (163)
[2021.02.05-03.43.30:287][638]LogModuleManager: Shutting down and abandoning module MetalShaderFormat (161)
[2021.02.05-03.43.30:314][638]LogModuleManager: Shutting down and abandoning module TextureFormatUncompressed (159)
[2021.02.05-03.43.30:314][638]LogModuleManager: Shutting down and abandoning module TextureFormatPVR (157)
[2021.02.05-03.43.30:314][638]LogModuleManager: Shutting down and abandoning module TextureFormatDXT (155)
[2021.02.05-03.43.30:314][638]LogModuleManager: Shutting down and abandoning module TextureFormatIntelISPCTexComp (153)
[2021.02.05-03.43.30:322][638]LogModuleManager: Shutting down and abandoning module TextureFormatASTC (151)
[2021.02.05-03.43.30:322][638]LogModuleManager: Shutting down and abandoning module ImageWrapper (150)
[2021.02.05-03.43.30:322][638]LogModuleManager: Shutting down and abandoning module TextureFormatAndroid (147)
[2021.02.05-03.43.30:322][638]LogModuleManager: Shutting down and abandoning module AudioFormatOpus (145)
[2021.02.05-03.43.30:325][638]LogModuleManager: Shutting down and abandoning module AudioFormatOgg (143)
[2021.02.05-03.43.30:325][638]LogModuleManager: Shutting down and abandoning module AudioFormatADPCM (141)
[2021.02.05-03.43.30:332][638]LogModuleManager: Shutting down and abandoning module WindowsServerTargetPlatform (139)
[2021.02.05-03.43.30:332][638]LogModuleManager: Shutting down and abandoning module WindowsClientTargetPlatform (137)
[2021.02.05-03.43.30:332][638]LogModuleManager: Shutting down and abandoning module WindowsTargetPlatform (135)
[2021.02.05-03.43.30:332][638]LogModuleManager: Shutting down and abandoning module WindowsNoEditorTargetPlatform (133)
[2021.02.05-03.43.30:332][638]LogModuleManager: Shutting down and abandoning module TVOSTargetPlatform (131)
[2021.02.05-03.43.30:336][638]LogModuleManager: Shutting down and abandoning module LuminTargetPlatform (129)
[2021.02.05-03.43.30:344][638]LogModuleManager: Shutting down and abandoning module LinuxAArch64ServerTargetPlatform (127)
[2021.02.05-03.43.30:345][638]LogModuleManager: Shutting down and abandoning module LinuxAArch64ClientTargetPlatform (125)
[2021.02.05-03.43.30:355][638]LogModuleManager: Shutting down and abandoning module LinuxAArch64NoEditorTargetPlatform (123)
[2021.02.05-03.43.30:361][638]LogModuleManager: Shutting down and abandoning module LinuxServerTargetPlatform (121)
[2021.02.05-03.43.30:361][638]LogModuleManager: Shutting down and abandoning module LinuxClientTargetPlatform (119)
[2021.02.05-03.43.30:369][638]LogModuleManager: Shutting down and abandoning module LinuxNoEditorTargetPlatform (117)
[2021.02.05-03.43.30:380][638]LogModuleManager: Shutting down and abandoning module Messaging (115)
[2021.02.05-03.43.30:380][638]LogModuleManager: Shutting down and abandoning module IOSTargetPlatform (113)
[2021.02.05-03.43.30:381][638]LogModuleManager: Shutting down and abandoning module AndroidTargetPlatform (111)
[2021.02.05-03.43.30:390][638]LogModuleManager: Shutting down and abandoning module AllDesktopTargetPlatform (109)
[2021.02.05-03.43.30:390][638]LogModuleManager: Shutting down and abandoning module InputCore (106)
[2021.02.05-03.43.30:390][638]LogModuleManager: Shutting down and abandoning module Settings (104)
[2021.02.05-03.43.30:390][638]LogModuleManager: Shutting down and abandoning module DirectoryWatcher (102)
[2021.02.05-03.43.30:390][638]LogModuleManager: Shutting down and abandoning module PhysXCooking (100)
[2021.02.05-03.43.30:390][638]LogModuleManager: Shutting down and abandoning module ChaosSolvers (98)
[2021.02.05-03.43.30:409][638]LogModuleManager: Shutting down and abandoning module FieldSystemEngine (97)
[2021.02.05-03.43.30:409][638]LogModuleManager: Shutting down and abandoning module Chaos (94)
[2021.02.05-03.43.30:409][638]LogModuleManager: Shutting down and abandoning module WindowsPlatformFeatures (92)
[2021.02.05-03.43.30:410][638]LogModuleManager: Shutting down and abandoning module GameplayMediaEncoder (91)
[2021.02.05-03.43.30:410][638]LogModuleManager: Shutting down and abandoning module SteamVRInputDevice (88)
[2021.02.05-03.43.30:416][638]LogModuleManager: Shutting down and abandoning module SteamVRInput (86)
[2021.02.05-03.43.30:416][638]LogModuleManager: Shutting down and abandoning module SteamVR (84)
[2021.02.05-03.43.30:427][638]LogHMD: Freeing OpenVRDLLHandle.
[2021.02.05-03.43.30:427][638]LogModuleManager: Shutting down and abandoning module OculusHMD (82)
[2021.02.05-03.43.30:436][638]LogModuleManager: Shutting down and abandoning module ExampleDeviceProfileSelector (80)
[2021.02.05-03.43.30:436][638]LogModuleManager: Shutting down and abandoning module LauncherChunkInstaller (78)
[2021.02.05-03.43.30:436][638]LogModuleManager: Shutting down and abandoning module OnlineBlueprintSupport (76)
[2021.02.05-03.43.30:436][638]LogModuleManager: Shutting down and abandoning module OnlineSubsystem (72)
[2021.02.05-03.43.30:449][638]LogModuleManager: Shutting down and abandoning module XMPP (67)
[2021.02.05-03.43.30:460][638]LogModuleManager: Shutting down and abandoning module WebSockets (66)
[2021.02.05-03.43.30:525][638]LogModuleManager: Shutting down and abandoning module HTTP (63)
[2021.02.05-03.43.30:525][638]LogHttp: Display: Http module shutting down, but needs to wait on 1 outstanding Http requests:
[2021.02.05-03.43.30:525][638]LogHttp: Display: 	verb=[POST] url=[https://datarouter.ol.epicgames.com/datarouter/api/v1/public/data?SessionID=%7BB67F11BA-499C-FA0C-C089-8C80F16830E2%7D&AppID=UEEditor.Rocket.Release&AppVersion=4.24.3-11590370%2B%2B%2BUE4%2BRelease-4.24&UserID=beddad394c30d26795273c833484bc34%7Cbd71ef1772a743638ce7010a20fe739a%7Cafd689a2-e1ff-4b27-abc2-1f733a4fcc92&AppEnvironment=datacollector-binary&UploadType=eteventstream] refs=[1] status=Processing
[2021.02.05-03.43.30:535][638]LogModuleManager: Shutting down and abandoning module SSL (62)
[2021.02.05-03.43.30:536][638]LogModuleManager: Shutting down and abandoning module WmfMedia (58)
[2021.02.05-03.43.30:569][638]LogModuleManager: Shutting down and abandoning module Media (57)
[2021.02.05-03.43.30:570][638]LogModuleManager: Shutting down and abandoning module MagicLeap (54)
[2021.02.05-03.43.30:570][638]LogModuleManager: Shutting down and abandoning module VariantManagerContent (52)
[2021.02.05-03.43.30:570][638]LogModuleManager: Shutting down and abandoning module DatasmithContent (50)
[2021.02.05-03.43.30:571][638]LogModuleManager: Shutting down and abandoning module AISupportModule (48)
[2021.02.05-03.43.30:571][638]LogModuleManager: Shutting down and abandoning module DesktopPlatform (46)
[2021.02.05-03.43.30:571][638]LogModuleManager: Shutting down and abandoning module PlatformCryptoOpenSSL (44)
[2021.02.05-03.43.30:575][638]LogModuleManager: Shutting down and abandoning module PlatformCryptoTypes (42)
[2021.02.05-03.43.30:575][638]LogModuleManager: Shutting down and abandoning module PlatformCrypto (40)
[2021.02.05-03.43.30:575][638]LogModuleManager: Shutting down and abandoning module AnimationModifiers (38)
[2021.02.05-03.43.30:582][638]LogModuleManager: Shutting down and abandoning module PropertyEditor (37)
[2021.02.05-03.43.30:593][638]LogModuleManager: Shutting down and abandoning module AudioEditor (34)
[2021.02.05-03.43.30:606][638]LogModuleManager: Shutting down and abandoning module TextureCompressor (32)
[2021.02.05-03.43.30:607][638]LogModuleManager: Shutting down and abandoning module RenderCore (30)
[2021.02.05-03.43.30:607][638]LogModuleManager: Shutting down and abandoning module Landscape (28)
[2021.02.05-03.43.30:607][638]LogModuleManager: Shutting down and abandoning module SlateRHIRenderer (26)
[2021.02.05-03.43.30:632][638]LogModuleManager: Shutting down and abandoning module OpenGLDrv (24)
[2021.02.05-03.43.30:647][638]LogModuleManager: Shutting down and abandoning module D3D11RHI (22)
[2021.02.05-03.43.30:647][638]LogModuleManager: Shutting down and abandoning module AnimGraphRuntime (20)
[2021.02.05-03.43.30:654][638]LogModuleManager: Shutting down and abandoning module Renderer (18)
[2021.02.05-03.43.30:664][638]LogModuleManager: Shutting down and abandoning module Engine (16)
[2021.02.05-03.43.30:664][638]LogModuleManager: Shutting down and abandoning module CoreUObject (14)
[2021.02.05-03.43.30:664][638]LogModuleManager: Shutting down and abandoning module NetworkFile (12)
[2021.02.05-03.43.30:674][638]LogModuleManager: Shutting down and abandoning module CookedIterativeFile (10)
[2021.02.05-03.43.30:674][638]LogModuleManager: Shutting down and abandoning module StreamingFile (8)
[2021.02.05-03.43.30:677][638]LogModuleManager: Shutting down and abandoning module SandboxFile (6)
[2021.02.05-03.43.30:680][638]LogModuleManager: Shutting down and abandoning module PakFile (4)
[2021.02.05-03.43.30:680][638]LogModuleManager: Shutting down and abandoning module RSA (3)
[2021.02.05-03.43.30:691][638]LogD3D11RHI: Shutdown
[2021.02.05-03.43.30:691][638]LogD3D11RHI: CleanupD3DDevice
[2021.02.05-03.43.30:750][638]LogExit: Exiting.
[2021.02.05-03.43.30:759][638]Log file closed, 02/04/21 22:43:30
