Log file open, 01/26/21 09:52:34
LogWindows: Failed to load 'aqProf.dll' (GetLastError=126)
LogWindows: File 'aqProf.dll' does not exist
LogWindows: Failed to load 'VtuneApi.dll' (GetLastError=126)
LogWindows: File 'VtuneApi.dll' does not exist
LogWindows: Failed to load 'VtuneApi32e.dll' (GetLastError=126)
LogWindows: File 'VtuneApi32e.dll' does not exist
LogConsoleResponse: Display: Failed to find resolution value strings in scalability ini. Falling back to default.
LogInit: Display: Running engine for game: Serotopia
LogPlatformFile: Not using cached read wrapper
LogTaskGraph: Started task graph with 5 named threads and 35 total threads with 3 sets of task threads.
LogStats: Stats thread started at 0.069008
LogD3D11RHI: Loaded GFSDK_Aftermath_Lib.x64.dll
LogICUInternationalization: ICU TimeZone Detection - Raw Offset: -5:00, Platform Override: ''
LogPluginManager: Mounting plugin Paper2D
LogPluginManager: Mounting plugin AISupport
LogPluginManager: Mounting plugin LightPropagationVolume
LogPluginManager: Mounting plugin ActorLayerUtilities
LogPluginManager: Mounting plugin AnimationSharing
LogPluginManager: Mounting plugin CLionSourceCodeAccess
LogPluginManager: Mounting plugin CodeLiteSourceCodeAccess
LogPluginManager: Mounting plugin GitSourceControl
LogPluginManager: Mounting plugin KDevelopSourceCodeAccess
LogPluginManager: Mounting plugin NullSourceCodeAccess
LogPluginManager: Mounting plugin PerforceSourceControl
LogPluginManager: Mounting plugin PlasticSourceControl
LogPluginManager: Mounting plugin SubversionSourceControl
LogPluginManager: Mounting plugin UObjectPlugin
LogPluginManager: Mounting plugin VisualStudioCodeSourceCodeAccess
LogPluginManager: Mounting plugin VisualStudioSourceCodeAccess
LogPluginManager: Mounting plugin XCodeSourceCodeAccess
LogPluginManager: Mounting plugin AssetManagerEditor
LogPluginManager: Mounting plugin CryptoKeys
LogPluginManager: Mounting plugin CurveEditorTools
LogPluginManager: Mounting plugin DataValidation
LogPluginManager: Mounting plugin FacialAnimation
LogPluginManager: Mounting plugin GameplayTagsEditor
LogPluginManager: Mounting plugin MacGraphicsSwitching
LogPluginManager: Mounting plugin MaterialAnalyzer
LogPluginManager: Mounting plugin MobileLauncherProfileWizard
LogPluginManager: Mounting plugin PluginBrowser
LogPluginManager: Mounting plugin SpeedTreeImporter
LogPluginManager: Mounting plugin DatasmithContent
LogPluginManager: Mounting plugin VariantManagerContent
LogPluginManager: Mounting plugin AlembicImporter
LogPluginManager: Mounting plugin AutomationUtils
LogPluginManager: Mounting plugin BackChannel
LogPluginManager: Mounting plugin CharacterAI
LogPluginManager: Mounting plugin GeometryCache
LogPluginManager: Mounting plugin PlatformCrypto
LogPluginManager: Mounting plugin ProxyLODPlugin
LogPluginManager: Mounting plugin SkeletalReduction
LogPluginManager: Mounting plugin MagicLeap
LogPluginManager: Mounting plugin MagicLeapMedia
LogPluginManager: Mounting plugin MLSDK
LogPluginManager: Mounting plugin AndroidMedia
LogPluginManager: Mounting plugin AvfMedia
LogPluginManager: Mounting plugin ImgMedia
LogPluginManager: Mounting plugin MediaCompositing
LogPluginManager: Mounting plugin MediaPlayerEditor
LogPluginManager: Mounting plugin WebMMedia
LogPluginManager: Mounting plugin WmfMedia
LogPluginManager: Mounting plugin TcpMessaging
LogPluginManager: Mounting plugin UdpMessaging
LogPluginManager: Mounting plugin ActorSequence
LogPluginManager: Mounting plugin LevelSequenceEditor
LogPluginManager: Mounting plugin MatineeToLevelSequence
LogPluginManager: Mounting plugin NetcodeUnitTest
LogPluginManager: Mounting plugin NUTUnrealEngine4
LogPluginManager: Mounting plugin OnlineSubsystemGooglePlay
LogPluginManager: Mounting plugin OnlineSubsystemIOS
LogPluginManager: Mounting plugin OnlineSubsystem
LogPluginManager: Mounting plugin OnlineSubsystemNull
LogPluginManager: Mounting plugin OnlineSubsystemUtils
LogPluginManager: Mounting plugin LauncherChunkInstaller
LogPluginManager: Mounting plugin AndroidDeviceProfileSelector
LogPluginManager: Mounting plugin AndroidMoviePlayer
LogPluginManager: Mounting plugin AndroidPermission
LogPluginManager: Mounting plugin AppleImageUtils
LogPluginManager: Mounting plugin AppleMoviePlayer
LogPluginManager: Mounting plugin ArchVisCharacter
LogPluginManager: Mounting plugin AssetTags
LogPluginManager: Mounting plugin AudioCapture
LogPluginManager: Mounting plugin CableComponent
LogPluginManager: Mounting plugin CustomMeshComponent
LogPluginManager: Mounting plugin EditableMesh
LogPluginManager: Mounting plugin ExampleDeviceProfileSelector
LogPluginManager: Mounting plugin GoogleCloudMessaging
LogPluginManager: Mounting plugin IOSDeviceProfileSelector
LogPluginManager: Mounting plugin LinuxDeviceProfileSelector
LogPluginManager: Mounting plugin LocationServicesBPLibrary
LogPluginManager: Mounting plugin MobilePatchingUtils
LogPluginManager: Mounting plugin OculusVR
LogPluginManager: Mounting plugin PhysXVehicles
LogPluginManager: Mounting plugin PostSplashScreen
LogPluginManager: Mounting plugin ProceduralMeshComponent
LogPluginManager: Mounting plugin RuntimePhysXCooking
LogPluginManager: Mounting plugin SignificanceManager
LogPluginManager: Mounting plugin SteamVR
LogPluginManager: Mounting plugin WebMMoviePlayer
LogPluginManager: Mounting plugin WindowsMoviePlayer
LogPluginManager: Mounting plugin ScreenshotTools
LogInit: Using libcurl 7.55.1-DEV
LogInit:  - built for x86_64-pc-win32
LogInit:  - supports SSL with OpenSSL/1.1.1
LogInit:  - supports HTTP deflate (compression) using libz 1.2.8
LogInit:  - other features:
LogInit:      CURL_VERSION_SSL
LogInit:      CURL_VERSION_LIBZ
LogInit:      CURL_VERSION_IPV6
LogInit:      CURL_VERSION_ASYNCHDNS
LogInit:      CURL_VERSION_LARGEFILE
LogInit:      CURL_VERSION_IDN
LogInit:  CurlRequestOptions (configurable via config and command line):
LogInit:  - bVerifyPeer = true  - Libcurl will verify peer certificate
LogInit:  - bUseHttpProxy = false  - Libcurl will NOT use HTTP proxy
LogInit:  - bDontReuseConnections = false  - Libcurl will reuse connections
LogInit:  - MaxHostConnections = 16  - Libcurl will limit the number of connections to a host
LogInit:  - LocalHostAddr = Default
LogInit:  - BufferSize = 65536
LogOnline: OSS: Creating online subsystem instance for: NULL
LogInit: WinSock: version 1.1 (2.2), MaxSocks=32767, MaxUdp=65467
LogOnline: OSS: TryLoadSubsystemAndSetDefault: Loaded subsystem for module [NULL]
LogInit: Build: ++UE4+Release-4.24-CL-11590370
LogInit: Engine Version: 4.24.3-11590370+++UE4+Release-4.24
LogInit: Compatible Engine Version: 4.24.0-10570792+++UE4+Release-4.24
LogInit: Net CL: 10570792
LogInit: OS: Windows 10 (Release 2004) (), CPU: Intel(R) Core(TM) i7-8700 CPU @ 3.20GHz, GPU: NVIDIA GeForce RTX 2070
LogInit: Compiled (64-bit): Feb 24 2020 15:39:18
LogInit: Compiled with Visual C++: 19.16.27032.01
LogInit: Build Configuration: Development
LogInit: Branch Name: ++UE4+Release-4.24
LogInit: Command Line:  -EpicPortal -epicusername=Izayami -epicuserid=0650797db5a84a58894bf93f7af5091a -epiclocale=en
LogInit: Base Directory: C:/Program Files/Epic Games/UE_4.24/Engine/Binaries/Win64/
LogInit: Installed Engine Build: 1
LogDevObjectVersion: Number of dev versions registered: 25
LogDevObjectVersion:   Dev-Blueprints (B0D832E4-1F89-4F0D-ACCF-7EB736FD4AA2): 10
LogDevObjectVersion:   Dev-Build (E1C64328-A22C-4D53-A36C-8E866417BD8C): 0
LogDevObjectVersion:   Dev-Core (375EC13C-06E4-48FB-B500-84F0262A717E): 3
LogDevObjectVersion:   Dev-Editor (E4B068ED-F494-42E9-A231-DA0B2E46BB41): 37
LogDevObjectVersion:   Dev-Framework (CFFC743F-43B0-4480-9391-14DF171D2073): 36
LogDevObjectVersion:   Dev-Mobile (B02B49B5-BB20-44E9-A304-32B752E40360): 2
LogDevObjectVersion:   Dev-Networking (A4E4105C-59A1-49B5-A7C5-40C4547EDFEE): 0
LogDevObjectVersion:   Dev-Online (39C831C9-5AE6-47DC-9A44-9C173E1C8E7C): 0
LogDevObjectVersion:   Dev-Physics (78F01B33-EBEA-4F98-B9B4-84EACCB95AA2): 2
LogDevObjectVersion:   Dev-Platform (6631380F-2D4D-43E0-8009-CF276956A95A): 0
LogDevObjectVersion:   Dev-Rendering (12F88B9F-8875-4AFC-A67C-D90C383ABD29): 36
LogDevObjectVersion:   Dev-Sequencer (7B5AE74C-D270-4C10-A958-57980B212A5A): 11
LogDevObjectVersion:   Dev-VR (D7296918-1DD6-4BDD-9DE2-64A83CC13884): 2
LogDevObjectVersion:   Dev-LoadTimes (C2A15278-BFE7-4AFE-6C17-90FF531DF755): 1
LogDevObjectVersion:   Private-Geometry (6EACA3D4-40EC-4CC1-B786-8BED09428FC5): 3
LogDevObjectVersion:   Dev-AnimPhys (29E575DD-E0A3-4627-9D10-D276232CDCEA): 17
LogDevObjectVersion:   Dev-Anim (AF43A65D-7FD3-4947-9873-3E8ED9C1BB05): 2
LogDevObjectVersion:   Dev-ReflectionCapture (6B266CEC-1EC7-4B8F-A30B-E4D90942FC07): 1
LogDevObjectVersion:   Dev-Automation (0DF73D61-A23F-47EA-B727-89E90C41499A): 1
LogDevObjectVersion:   FortniteMain (601D1886-AC64-4F84-AA16-D3DE0DEAC7D6): 31
LogDevObjectVersion:   Dev-Enterprise (9DFFBCD6-494F-0158-E221-12823C92A888): 8
LogDevObjectVersion:   Dev-Niagara (F2AED0AC-9AFE-416F-8664-AA7FFA26D6FC): 1
LogDevObjectVersion:   Dev-Destruction (174F1F0B-B4C6-45A5-B13F-2EE8D0FB917D): 9
LogDevObjectVersion:   Dev-Physics-Ext (35F94A83-E258-406C-A318-09F59610247C): 8
LogDevObjectVersion:   Dev-CineCamera (B2E18506-4273-CFC2-A54E-F4BB758BBA07): 1
LogInit: Presizing for max 25165824 objects, including 0 objects not considered by GC, pre-allocating 0 bytes for permanent pool.
LogInit: Object subsystem initialized
LogConfig: Setting CVar [[con.DebugEarlyDefault:1]]
LogConfig: Setting CVar [[r.setres:1280x720]]
[2021.01.26-14.52.34:605][  0]LogConfig: Setting CVar [[r.VSync:0]]
[2021.01.26-14.52.34:605][  0]LogConfig: Setting CVar [[r.RHICmdBypass:0]]
[2021.01.26-14.52.34:605][  0]LogConfig: Applying CVar settings from Section [/Script/Engine.RendererSettings] File [C:/Users/jedie/OneDrive/Documents/GitHub/Serotopia 2/Serotopia/Serotopia_Grey_1/Saved/Config/Windows/Engine.ini]
[2021.01.26-14.52.34:605][  0]LogConfig: Setting CVar [[r.GPUCrashDebugging:0]]
[2021.01.26-14.52.34:605][  0]LogConfig: Applying CVar settings from Section [/Script/Engine.RendererOverrideSettings] File [C:/Users/jedie/OneDrive/Documents/GitHub/Serotopia 2/Serotopia/Serotopia_Grey_1/Saved/Config/Windows/Engine.ini]
[2021.01.26-14.52.34:605][  0]LogConfig: Applying CVar settings from Section [/Script/Engine.StreamingSettings] File [C:/Users/jedie/OneDrive/Documents/GitHub/Serotopia 2/Serotopia/Serotopia_Grey_1/Saved/Config/Windows/Engine.ini]
[2021.01.26-14.52.34:605][  0]LogConfig: Setting CVar [[s.MinBulkDataSizeForAsyncLoading:131072]]
[2021.01.26-14.52.34:605][  0]LogConfig: Setting CVar [[s.AsyncLoadingThreadEnabled:0]]
[2021.01.26-14.52.34:605][  0]LogConfig: Setting CVar [[s.EventDrivenLoaderEnabled:1]]
[2021.01.26-14.52.34:605][  0]LogConfig: Setting CVar [[s.WarnIfTimeLimitExceeded:0]]
[2021.01.26-14.52.34:605][  0]LogConfig: Setting CVar [[s.TimeLimitExceededMultiplier:1.5]]
[2021.01.26-14.52.34:605][  0]LogConfig: Setting CVar [[s.TimeLimitExceededMinTime:0.005]]
[2021.01.26-14.52.34:605][  0]LogConfig: Setting CVar [[s.UseBackgroundLevelStreaming:1]]
[2021.01.26-14.52.34:605][  0]LogConfig: Setting CVar [[s.PriorityAsyncLoadingExtraTime:15.0]]
[2021.01.26-14.52.34:605][  0]LogConfig: Setting CVar [[s.LevelStreamingActorsUpdateTimeLimit:5.0]]
[2021.01.26-14.52.34:605][  0]LogConfig: Setting CVar [[s.PriorityLevelStreamingActorsUpdateExtraTime:5.0]]
[2021.01.26-14.52.34:605][  0]LogConfig: Setting CVar [[s.LevelStreamingComponentsRegistrationGranularity:10]]
[2021.01.26-14.52.34:605][  0]LogConfig: Setting CVar [[s.UnregisterComponentsTimeLimit:1.0]]
[2021.01.26-14.52.34:605][  0]LogConfig: Setting CVar [[s.LevelStreamingComponentsUnregistrationGranularity:5]]
[2021.01.26-14.52.34:605][  0]LogConfig: Setting CVar [[s.FlushStreamingOnExit:1]]
[2021.01.26-14.52.34:605][  0]LogConfig: Applying CVar settings from Section [/Script/Engine.GarbageCollectionSettings] File [C:/Users/jedie/OneDrive/Documents/GitHub/Serotopia 2/Serotopia/Serotopia_Grey_1/Saved/Config/Windows/Engine.ini]
[2021.01.26-14.52.34:605][  0]LogConfig: Setting CVar [[gc.MaxObjectsNotConsideredByGC:1]]
[2021.01.26-14.52.34:605][  0]LogConfig: Setting CVar [[gc.SizeOfPermanentObjectPool:0]]
[2021.01.26-14.52.34:605][  0]LogConfig: Setting CVar [[gc.FlushStreamingOnGC:0]]
[2021.01.26-14.52.34:605][  0]LogConfig: Setting CVar [[gc.NumRetriesBeforeForcingGC:10]]
[2021.01.26-14.52.34:605][  0]LogConfig: Setting CVar [[gc.AllowParallelGC:1]]
[2021.01.26-14.52.34:605][  0]LogConfig: Setting CVar [[gc.TimeBetweenPurgingPendingKillObjects:61.1]]
[2021.01.26-14.52.34:605][  0]LogConfig: Setting CVar [[gc.MaxObjectsInEditor:25165824]]
[2021.01.26-14.52.34:605][  0]LogConfig: Setting CVar [[gc.IncrementalBeginDestroyEnabled:1]]
[2021.01.26-14.52.34:605][  0]LogConfig: Setting CVar [[gc.CreateGCClusters:1]]
[2021.01.26-14.52.34:605][  0]LogConfig: Setting CVar [[gc.MinGCClusterSize:5]]
[2021.01.26-14.52.34:605][  0]LogConfig: Setting CVar [[gc.ActorClusteringEnabled:0]]
[2021.01.26-14.52.34:605][  0]LogConfig: Setting CVar [[gc.BlueprintClusteringEnabled:0]]
[2021.01.26-14.52.34:605][  0]LogConfig: Setting CVar [[gc.UseDisregardForGCOnDedicatedServers:0]]
[2021.01.26-14.52.34:605][  0]LogConfig: Applying CVar settings from Section [/Script/Engine.NetworkSettings] File [C:/Users/jedie/OneDrive/Documents/GitHub/Serotopia 2/Serotopia/Serotopia_Grey_1/Saved/Config/Windows/Engine.ini]
[2021.01.26-14.52.34:605][  0]LogConfig: Applying CVar settings from Section [/Script/UnrealEd.CookerSettings] File [C:/Users/jedie/OneDrive/Documents/GitHub/Serotopia 2/Serotopia/Serotopia_Grey_1/Saved/Config/Windows/Engine.ini]
[2021.01.26-14.52.34:609][  0]LogConfig: Applying CVar settings from Section [ViewDistanceQuality@3] File [C:/Users/jedie/OneDrive/Documents/GitHub/Serotopia 2/Serotopia/Serotopia_Grey_1/Saved/Config/Windows/Scalability.ini]
[2021.01.26-14.52.34:609][  0]LogConfig: Setting CVar [[r.SkeletalMeshLODBias:0]]
[2021.01.26-14.52.34:609][  0]LogConfig: Setting CVar [[r.ViewDistanceScale:1.0]]
[2021.01.26-14.52.34:609][  0]LogConfig: Applying CVar settings from Section [AntiAliasingQuality@3] File [C:/Users/jedie/OneDrive/Documents/GitHub/Serotopia 2/Serotopia/Serotopia_Grey_1/Saved/Config/Windows/Scalability.ini]
[2021.01.26-14.52.34:609][  0]LogConfig: Setting CVar [[r.PostProcessAAQuality:4]]
[2021.01.26-14.52.34:609][  0]LogConfig: Applying CVar settings from Section [ShadowQuality@3] File [C:/Users/jedie/OneDrive/Documents/GitHub/Serotopia 2/Serotopia/Serotopia_Grey_1/Saved/Config/Windows/Scalability.ini]
[2021.01.26-14.52.34:609][  0]LogConfig: Setting CVar [[r.LightFunctionQuality:1]]
[2021.01.26-14.52.34:609][  0]LogConfig: Setting CVar [[r.ShadowQuality:5]]
[2021.01.26-14.52.34:609][  0]LogConfig: Setting CVar [[r.Shadow.CSM.MaxCascades:10]]
[2021.01.26-14.52.34:609][  0]LogConfig: Setting CVar [[r.Shadow.MaxResolution:2048]]
[2021.01.26-14.52.34:609][  0]LogConfig: Setting CVar [[r.Shadow.MaxCSMResolution:2048]]
[2021.01.26-14.52.34:609][  0]LogConfig: Setting CVar [[r.Shadow.RadiusThreshold:0.01]]
[2021.01.26-14.52.34:609][  0]LogConfig: Setting CVar [[r.Shadow.DistanceScale:1.0]]
[2021.01.26-14.52.34:609][  0]LogConfig: Setting CVar [[r.Shadow.CSM.TransitionScale:1.0]]
[2021.01.26-14.52.34:609][  0]LogConfig: Setting CVar [[r.Shadow.PreShadowResolutionFactor:1.0]]
[2021.01.26-14.52.34:609][  0]LogConfig: Setting CVar [[r.DistanceFieldShadowing:1]]
[2021.01.26-14.52.34:609][  0]LogConfig: Setting CVar [[r.DistanceFieldAO:1]]
[2021.01.26-14.52.34:609][  0]LogConfig: Setting CVar [[r.AOQuality:2]]
[2021.01.26-14.52.34:609][  0]LogConfig: Setting CVar [[r.VolumetricFog:1]]
[2021.01.26-14.52.34:609][  0]LogConfig: Setting CVar [[r.VolumetricFog.GridPixelSize:8]]
[2021.01.26-14.52.34:609][  0]LogConfig: Setting CVar [[r.VolumetricFog.GridSizeZ:128]]
[2021.01.26-14.52.34:609][  0]LogConfig: Setting CVar [[r.VolumetricFog.HistoryMissSupersampleCount:4]]
[2021.01.26-14.52.34:609][  0]LogConfig: Setting CVar [[r.LightMaxDrawDistanceScale:1]]
[2021.01.26-14.52.34:609][  0]LogConfig: Setting CVar [[r.CapsuleShadows:1]]
[2021.01.26-14.52.34:609][  0]LogConfig: Applying CVar settings from Section [PostProcessQuality@3] File [C:/Users/jedie/OneDrive/Documents/GitHub/Serotopia 2/Serotopia/Serotopia_Grey_1/Saved/Config/Windows/Scalability.ini]
[2021.01.26-14.52.34:609][  0]LogConfig: Setting CVar [[r.MotionBlurQuality:4]]
[2021.01.26-14.52.34:609][  0]LogConfig: Setting CVar [[r.AmbientOcclusionMipLevelFactor:0.4]]
[2021.01.26-14.52.34:609][  0]LogConfig: Setting CVar [[r.AmbientOcclusionMaxQuality:100]]
[2021.01.26-14.52.34:609][  0]LogConfig: Setting CVar [[r.AmbientOcclusionLevels:-1]]
[2021.01.26-14.52.34:609][  0]LogConfig: Setting CVar [[r.AmbientOcclusionRadiusScale:1.0]]
[2021.01.26-14.52.34:609][  0]LogConfig: Setting CVar [[r.DepthOfFieldQuality:2]]
[2021.01.26-14.52.34:609][  0]LogConfig: Setting CVar [[r.RenderTargetPoolMin:400]]
[2021.01.26-14.52.34:609][  0]LogConfig: Setting CVar [[r.LensFlareQuality:2]]
[2021.01.26-14.52.34:609][  0]LogConfig: Setting CVar [[r.SceneColorFringeQuality:1]]
[2021.01.26-14.52.34:609][  0]LogConfig: Setting CVar [[r.EyeAdaptationQuality:2]]
[2021.01.26-14.52.34:609][  0]LogConfig: Setting CVar [[r.BloomQuality:5]]
[2021.01.26-14.52.34:609][  0]LogConfig: Setting CVar [[r.FastBlurThreshold:100]]
[2021.01.26-14.52.34:609][  0]LogConfig: Setting CVar [[r.Upscale.Quality:3]]
[2021.01.26-14.52.34:609][  0]LogConfig: Setting CVar [[r.Tonemapper.GrainQuantization:1]]
[2021.01.26-14.52.34:609][  0]LogConfig: Setting CVar [[r.LightShaftQuality:1]]
[2021.01.26-14.52.34:609][  0]LogConfig: Setting CVar [[r.Filter.SizeScale:1]]
[2021.01.26-14.52.34:609][  0]LogConfig: Setting CVar [[r.Tonemapper.Quality:5]]
[2021.01.26-14.52.34:609][  0]LogConfig: Setting CVar [[r.DOF.Gather.AccumulatorQuality:1        ; higher gathering accumulator quality]]
[2021.01.26-14.52.34:609][  0]LogConfig: Setting CVar [[r.DOF.Gather.PostfilterMethod:1          ; Median3x3 postfilering method]]
[2021.01.26-14.52.34:609][  0]LogConfig: Setting CVar [[r.DOF.Gather.EnableBokehSettings:0       ; no bokeh simulation when gathering]]
[2021.01.26-14.52.34:609][  0]LogConfig: Setting CVar [[r.DOF.Gather.RingCount:4                 ; medium number of samples when gathering]]
[2021.01.26-14.52.34:609][  0]LogConfig: Setting CVar [[r.DOF.Scatter.ForegroundCompositing:1    ; additive foreground scattering]]
[2021.01.26-14.52.34:609][  0]LogConfig: Setting CVar [[r.DOF.Scatter.BackgroundCompositing:2    ; additive background scattering]]
[2021.01.26-14.52.34:609][  0]LogConfig: Setting CVar [[r.DOF.Scatter.EnableBokehSettings:1      ; bokeh simulation when scattering]]
[2021.01.26-14.52.34:609][  0]LogConfig: Setting CVar [[r.DOF.Scatter.MaxSpriteRatio:0.1         ; only a maximum of 10% of scattered bokeh]]
[2021.01.26-14.52.34:609][  0]LogConfig: Setting CVar [[r.DOF.Recombine.Quality:1                ; cheap slight out of focus]]
[2021.01.26-14.52.34:609][  0]LogConfig: Setting CVar [[r.DOF.Recombine.EnableBokehSettings:0    ; no bokeh simulation on slight out of focus]]
[2021.01.26-14.52.34:609][  0]LogConfig: Setting CVar [[r.DOF.TemporalAAQuality:1                ; more stable temporal accumulation]]
[2021.01.26-14.52.34:609][  0]LogConfig: Setting CVar [[r.DOF.Kernel.MaxForegroundRadius:0.025]]
[2021.01.26-14.52.34:609][  0]LogConfig: Setting CVar [[r.DOF.Kernel.MaxBackgroundRadius:0.025]]
[2021.01.26-14.52.34:609][  0]LogConfig: Applying CVar settings from Section [TextureQuality@3] File [C:/Users/jedie/OneDrive/Documents/GitHub/Serotopia 2/Serotopia/Serotopia_Grey_1/Saved/Config/Windows/Scalability.ini]
[2021.01.26-14.52.34:609][  0]LogConfig: Setting CVar [[r.Streaming.MipBias:0]]
[2021.01.26-14.52.34:609][  0]LogConfig: Setting CVar [[r.Streaming.AmortizeCPUToGPUCopy:0]]
[2021.01.26-14.52.34:609][  0]LogConfig: Setting CVar [[r.Streaming.MaxNumTexturesToStreamPerFrame:0]]
[2021.01.26-14.52.34:609][  0]LogConfig: Setting CVar [[r.Streaming.Boost:1]]
[2021.01.26-14.52.34:609][  0]LogConfig: Setting CVar [[r.MaxAnisotropy:8]]
[2021.01.26-14.52.34:609][  0]LogConfig: Setting CVar [[r.VT.MaxAnisotropy:8]]
[2021.01.26-14.52.34:609][  0]LogConfig: Setting CVar [[r.Streaming.LimitPoolSizeToVRAM:0]]
[2021.01.26-14.52.34:609][  0]LogConfig: Setting CVar [[r.Streaming.PoolSize:1000]]
[2021.01.26-14.52.34:609][  0]LogConfig: Setting CVar [[r.Streaming.MaxEffectiveScreenSize:0]]
[2021.01.26-14.52.34:609][  0]LogConfig: Applying CVar settings from Section [EffectsQuality@3] File [C:/Users/jedie/OneDrive/Documents/GitHub/Serotopia 2/Serotopia/Serotopia_Grey_1/Saved/Config/Windows/Scalability.ini]
[2021.01.26-14.52.34:609][  0]LogConfig: Setting CVar [[r.TranslucencyLightingVolumeDim:64]]
[2021.01.26-14.52.34:609][  0]LogConfig: Setting CVar [[r.RefractionQuality:2]]
[2021.01.26-14.52.34:609][  0]LogConfig: Setting CVar [[r.SSR.Quality:3]]
[2021.01.26-14.52.34:609][  0]LogConfig: Setting CVar [[r.SSR.HalfResSceneColor:0]]
[2021.01.26-14.52.34:609][  0]LogConfig: Setting CVar [[r.SceneColorFormat:4]]
[2021.01.26-14.52.34:609][  0]LogConfig: Setting CVar [[r.DetailMode:2]]
[2021.01.26-14.52.34:609][  0]LogConfig: Setting CVar [[r.TranslucencyVolumeBlur:1]]
[2021.01.26-14.52.34:609][  0]LogConfig: Setting CVar [[r.MaterialQualityLevel:1 ; High quality]]
[2021.01.26-14.52.34:609][  0]LogConfig: Setting CVar [[r.SSS.Scale:1]]
[2021.01.26-14.52.34:609][  0]LogConfig: Setting CVar [[r.SSS.SampleSet:2]]
[2021.01.26-14.52.34:609][  0]LogConfig: Setting CVar [[r.SSS.Quality:1]]
[2021.01.26-14.52.34:609][  0]LogConfig: Setting CVar [[r.SSS.HalfRes:1]]
[2021.01.26-14.52.34:609][  0]LogConfig: Setting CVar [[r.SSGI.Quality:3]]
[2021.01.26-14.52.34:609][  0]LogConfig: Setting CVar [[r.EmitterSpawnRateScale:1.0]]
[2021.01.26-14.52.34:610][  0]LogConfig: Setting CVar [[r.ParticleLightQuality:2]]
[2021.01.26-14.52.34:610][  0]LogConfig: Setting CVar [[r.SkyAtmosphere.AerialPerspectiveLUT.FastApplyOnOpaque:1 ; Always have FastSkyLUT 1 in this case to avoid wrong sky]]
[2021.01.26-14.52.34:610][  0]LogConfig: Setting CVar [[r.SkyAtmosphere.AerialPerspectiveLUT.SampleCountPerSlice:1]]
[2021.01.26-14.52.34:610][  0]LogConfig: Setting CVar [[r.SkyAtmosphere.AerialPerspectiveLUT.DepthResolution:16.0]]
[2021.01.26-14.52.34:610][  0]LogConfig: Setting CVar [[r.SkyAtmosphere.FastSkyLUT:1]]
[2021.01.26-14.52.34:610][  0]LogConfig: Setting CVar [[r.SkyAtmosphere.FastSkyLUT.SampleCountMin:4.0]]
[2021.01.26-14.52.34:610][  0]LogConfig: Setting CVar [[r.SkyAtmosphere.FastSkyLUT.SampleCountMax:32.0]]
[2021.01.26-14.52.34:610][  0]LogConfig: Setting CVar [[r.SkyAtmosphere.SampleCountMin:4.0]]
[2021.01.26-14.52.34:610][  0]LogConfig: Setting CVar [[r.SkyAtmosphere.SampleCountMax:32.0]]
[2021.01.26-14.52.34:610][  0]LogConfig: Setting CVar [[r.SkyAtmosphere.TransmittanceLUT.UseSmallFormat:0]]
[2021.01.26-14.52.34:610][  0]LogConfig: Setting CVar [[r.SkyAtmosphere.TransmittanceLUT.SampleCount:10.0]]
[2021.01.26-14.52.34:610][  0]LogConfig: Setting CVar [[r.SkyAtmosphere.MultiScatteringLUT.SampleCount:15.0]]
[2021.01.26-14.52.34:610][  0]LogConfig: Applying CVar settings from Section [FoliageQuality@3] File [C:/Users/jedie/OneDrive/Documents/GitHub/Serotopia 2/Serotopia/Serotopia_Grey_1/Saved/Config/Windows/Scalability.ini]
[2021.01.26-14.52.34:610][  0]LogConfig: Setting CVar [[foliage.DensityScale:1.0]]
[2021.01.26-14.52.34:610][  0]LogConfig: Setting CVar [[grass.DensityScale:1.0]]
[2021.01.26-14.52.34:610][  0]LogConfig: Applying CVar settings from Section [ShadingQuality@3] File [C:/Users/jedie/OneDrive/Documents/GitHub/Serotopia 2/Serotopia/Serotopia_Grey_1/Saved/Config/Windows/Scalability.ini]
[2021.01.26-14.52.34:610][  0]LogConfig: Setting CVar [[r.HairStrands.SkyLighting.SampleCount:16]]
[2021.01.26-14.52.34:610][  0]LogConfig: Setting CVar [[r.HairStrands.SkyLighting.JitterIntegration:0]]
[2021.01.26-14.52.34:610][  0]LogConfig: Setting CVar [[r.HairStrands.SkyAO.SampleCount:16]]
[2021.01.26-14.52.34:610][  0]LogInit: Selected Device Profile: [Windows]
[2021.01.26-14.52.34:610][  0]LogInit: Applying CVar settings loaded from the selected device profile: [Windows]
[2021.01.26-14.52.34:612][  0]LogHAL: Display: Platform has ~ 16 GB [17115226112 / 17179869184 / 16], which maps to Larger [LargestMinGB=32, LargerMinGB=12, DefaultMinGB=8, SmallerMinGB=6, SmallestMinGB=0)
[2021.01.26-14.52.34:612][  0]LogInit: Going up to parent DeviceProfile []
[2021.01.26-14.52.34:612][  0]LogConfig: Applying CVar settings from Section [ViewDistanceQuality@3] File [C:/Users/jedie/OneDrive/Documents/GitHub/Serotopia 2/Serotopia/Serotopia_Grey_1/Saved/Config/Windows/Scalability.ini]
[2021.01.26-14.52.34:612][  0]LogConfig: Setting CVar [[r.SkeletalMeshLODBias:0]]
[2021.01.26-14.52.34:612][  0]LogConfig: Setting CVar [[r.ViewDistanceScale:1.0]]
[2021.01.26-14.52.34:612][  0]LogConfig: Applying CVar settings from Section [AntiAliasingQuality@3] File [C:/Users/jedie/OneDrive/Documents/GitHub/Serotopia 2/Serotopia/Serotopia_Grey_1/Saved/Config/Windows/Scalability.ini]
[2021.01.26-14.52.34:612][  0]LogConfig: Setting CVar [[r.PostProcessAAQuality:4]]
[2021.01.26-14.52.34:612][  0]LogConfig: Applying CVar settings from Section [ShadowQuality@3] File [C:/Users/jedie/OneDrive/Documents/GitHub/Serotopia 2/Serotopia/Serotopia_Grey_1/Saved/Config/Windows/Scalability.ini]
[2021.01.26-14.52.34:612][  0]LogConfig: Setting CVar [[r.LightFunctionQuality:1]]
[2021.01.26-14.52.34:612][  0]LogConfig: Setting CVar [[r.ShadowQuality:5]]
[2021.01.26-14.52.34:612][  0]LogConfig: Setting CVar [[r.Shadow.CSM.MaxCascades:10]]
[2021.01.26-14.52.34:612][  0]LogConfig: Setting CVar [[r.Shadow.MaxResolution:2048]]
[2021.01.26-14.52.34:612][  0]LogConfig: Setting CVar [[r.Shadow.MaxCSMResolution:2048]]
[2021.01.26-14.52.34:612][  0]LogConfig: Setting CVar [[r.Shadow.RadiusThreshold:0.01]]
[2021.01.26-14.52.34:612][  0]LogConfig: Setting CVar [[r.Shadow.DistanceScale:1.0]]
[2021.01.26-14.52.34:612][  0]LogConfig: Setting CVar [[r.Shadow.CSM.TransitionScale:1.0]]
[2021.01.26-14.52.34:612][  0]LogConfig: Setting CVar [[r.Shadow.PreShadowResolutionFactor:1.0]]
[2021.01.26-14.52.34:612][  0]LogConfig: Setting CVar [[r.DistanceFieldShadowing:1]]
[2021.01.26-14.52.34:612][  0]LogConfig: Setting CVar [[r.DistanceFieldAO:1]]
[2021.01.26-14.52.34:612][  0]LogConfig: Setting CVar [[r.AOQuality:2]]
[2021.01.26-14.52.34:612][  0]LogConfig: Setting CVar [[r.VolumetricFog:1]]
[2021.01.26-14.52.34:612][  0]LogConfig: Setting CVar [[r.VolumetricFog.GridPixelSize:8]]
[2021.01.26-14.52.34:612][  0]LogConfig: Setting CVar [[r.VolumetricFog.GridSizeZ:128]]
[2021.01.26-14.52.34:612][  0]LogConfig: Setting CVar [[r.VolumetricFog.HistoryMissSupersampleCount:4]]
[2021.01.26-14.52.34:612][  0]LogConfig: Setting CVar [[r.LightMaxDrawDistanceScale:1]]
[2021.01.26-14.52.34:612][  0]LogConfig: Setting CVar [[r.CapsuleShadows:1]]
[2021.01.26-14.52.34:612][  0]LogConfig: Applying CVar settings from Section [PostProcessQuality@3] File [C:/Users/jedie/OneDrive/Documents/GitHub/Serotopia 2/Serotopia/Serotopia_Grey_1/Saved/Config/Windows/Scalability.ini]
[2021.01.26-14.52.34:612][  0]LogConfig: Setting CVar [[r.MotionBlurQuality:4]]
[2021.01.26-14.52.34:612][  0]LogConfig: Setting CVar [[r.AmbientOcclusionMipLevelFactor:0.4]]
[2021.01.26-14.52.34:612][  0]LogConfig: Setting CVar [[r.AmbientOcclusionMaxQuality:100]]
[2021.01.26-14.52.34:612][  0]LogConfig: Setting CVar [[r.AmbientOcclusionLevels:-1]]
[2021.01.26-14.52.34:612][  0]LogConfig: Setting CVar [[r.AmbientOcclusionRadiusScale:1.0]]
[2021.01.26-14.52.34:612][  0]LogConfig: Setting CVar [[r.DepthOfFieldQuality:2]]
[2021.01.26-14.52.34:612][  0]LogConfig: Setting CVar [[r.RenderTargetPoolMin:400]]
[2021.01.26-14.52.34:612][  0]LogConfig: Setting CVar [[r.LensFlareQuality:2]]
[2021.01.26-14.52.34:612][  0]LogConfig: Setting CVar [[r.SceneColorFringeQuality:1]]
[2021.01.26-14.52.34:612][  0]LogConfig: Setting CVar [[r.EyeAdaptationQuality:2]]
[2021.01.26-14.52.34:612][  0]LogConfig: Setting CVar [[r.BloomQuality:5]]
[2021.01.26-14.52.34:612][  0]LogConfig: Setting CVar [[r.FastBlurThreshold:100]]
[2021.01.26-14.52.34:612][  0]LogConfig: Setting CVar [[r.Upscale.Quality:3]]
[2021.01.26-14.52.34:612][  0]LogConfig: Setting CVar [[r.Tonemapper.GrainQuantization:1]]
[2021.01.26-14.52.34:612][  0]LogConfig: Setting CVar [[r.LightShaftQuality:1]]
[2021.01.26-14.52.34:612][  0]LogConfig: Setting CVar [[r.Filter.SizeScale:1]]
[2021.01.26-14.52.34:612][  0]LogConfig: Setting CVar [[r.Tonemapper.Quality:5]]
[2021.01.26-14.52.34:612][  0]LogConfig: Setting CVar [[r.DOF.Gather.AccumulatorQuality:1        ; higher gathering accumulator quality]]
[2021.01.26-14.52.34:612][  0]LogConfig: Setting CVar [[r.DOF.Gather.PostfilterMethod:1          ; Median3x3 postfilering method]]
[2021.01.26-14.52.34:613][  0]LogConfig: Setting CVar [[r.DOF.Gather.EnableBokehSettings:0       ; no bokeh simulation when gathering]]
[2021.01.26-14.52.34:613][  0]LogConfig: Setting CVar [[r.DOF.Gather.RingCount:4                 ; medium number of samples when gathering]]
[2021.01.26-14.52.34:613][  0]LogConfig: Setting CVar [[r.DOF.Scatter.ForegroundCompositing:1    ; additive foreground scattering]]
[2021.01.26-14.52.34:613][  0]LogConfig: Setting CVar [[r.DOF.Scatter.BackgroundCompositing:2    ; additive background scattering]]
[2021.01.26-14.52.34:613][  0]LogConfig: Setting CVar [[r.DOF.Scatter.EnableBokehSettings:1      ; bokeh simulation when scattering]]
[2021.01.26-14.52.34:613][  0]LogConfig: Setting CVar [[r.DOF.Scatter.MaxSpriteRatio:0.1         ; only a maximum of 10% of scattered bokeh]]
[2021.01.26-14.52.34:613][  0]LogConfig: Setting CVar [[r.DOF.Recombine.Quality:1                ; cheap slight out of focus]]
[2021.01.26-14.52.34:613][  0]LogConfig: Setting CVar [[r.DOF.Recombine.EnableBokehSettings:0    ; no bokeh simulation on slight out of focus]]
[2021.01.26-14.52.34:613][  0]LogConfig: Setting CVar [[r.DOF.TemporalAAQuality:1                ; more stable temporal accumulation]]
[2021.01.26-14.52.34:613][  0]LogConfig: Setting CVar [[r.DOF.Kernel.MaxForegroundRadius:0.025]]
[2021.01.26-14.52.34:613][  0]LogConfig: Setting CVar [[r.DOF.Kernel.MaxBackgroundRadius:0.025]]
[2021.01.26-14.52.34:613][  0]LogConfig: Applying CVar settings from Section [TextureQuality@3] File [C:/Users/jedie/OneDrive/Documents/GitHub/Serotopia 2/Serotopia/Serotopia_Grey_1/Saved/Config/Windows/Scalability.ini]
[2021.01.26-14.52.34:613][  0]LogConfig: Setting CVar [[r.Streaming.MipBias:0]]
[2021.01.26-14.52.34:613][  0]LogConfig: Setting CVar [[r.Streaming.AmortizeCPUToGPUCopy:0]]
[2021.01.26-14.52.34:613][  0]LogConfig: Setting CVar [[r.Streaming.MaxNumTexturesToStreamPerFrame:0]]
[2021.01.26-14.52.34:613][  0]LogConfig: Setting CVar [[r.Streaming.Boost:1]]
[2021.01.26-14.52.34:613][  0]LogConfig: Setting CVar [[r.MaxAnisotropy:8]]
[2021.01.26-14.52.34:613][  0]LogConfig: Setting CVar [[r.VT.MaxAnisotropy:8]]
[2021.01.26-14.52.34:613][  0]LogConfig: Setting CVar [[r.Streaming.LimitPoolSizeToVRAM:0]]
[2021.01.26-14.52.34:613][  0]LogConfig: Setting CVar [[r.Streaming.PoolSize:1000]]
[2021.01.26-14.52.34:613][  0]LogConfig: Setting CVar [[r.Streaming.MaxEffectiveScreenSize:0]]
[2021.01.26-14.52.34:613][  0]LogConfig: Applying CVar settings from Section [EffectsQuality@3] File [C:/Users/jedie/OneDrive/Documents/GitHub/Serotopia 2/Serotopia/Serotopia_Grey_1/Saved/Config/Windows/Scalability.ini]
[2021.01.26-14.52.34:613][  0]LogConfig: Setting CVar [[r.TranslucencyLightingVolumeDim:64]]
[2021.01.26-14.52.34:613][  0]LogConfig: Setting CVar [[r.RefractionQuality:2]]
[2021.01.26-14.52.34:613][  0]LogConfig: Setting CVar [[r.SSR.Quality:3]]
[2021.01.26-14.52.34:613][  0]LogConfig: Setting CVar [[r.SSR.HalfResSceneColor:0]]
[2021.01.26-14.52.34:613][  0]LogConfig: Setting CVar [[r.SceneColorFormat:4]]
[2021.01.26-14.52.34:613][  0]LogConfig: Setting CVar [[r.DetailMode:2]]
[2021.01.26-14.52.34:613][  0]LogConfig: Setting CVar [[r.TranslucencyVolumeBlur:1]]
[2021.01.26-14.52.34:613][  0]LogConfig: Setting CVar [[r.MaterialQualityLevel:1 ; High quality]]
[2021.01.26-14.52.34:613][  0]LogConfig: Setting CVar [[r.SSS.Scale:1]]
[2021.01.26-14.52.34:613][  0]LogConfig: Setting CVar [[r.SSS.SampleSet:2]]
[2021.01.26-14.52.34:613][  0]LogConfig: Setting CVar [[r.SSS.Quality:1]]
[2021.01.26-14.52.34:613][  0]LogConfig: Setting CVar [[r.SSS.HalfRes:1]]
[2021.01.26-14.52.34:613][  0]LogConfig: Setting CVar [[r.SSGI.Quality:3]]
[2021.01.26-14.52.34:613][  0]LogConfig: Setting CVar [[r.EmitterSpawnRateScale:1.0]]
[2021.01.26-14.52.34:613][  0]LogConfig: Setting CVar [[r.ParticleLightQuality:2]]
[2021.01.26-14.52.34:613][  0]LogConfig: Setting CVar [[r.SkyAtmosphere.AerialPerspectiveLUT.FastApplyOnOpaque:1 ; Always have FastSkyLUT 1 in this case to avoid wrong sky]]
[2021.01.26-14.52.34:613][  0]LogConfig: Setting CVar [[r.SkyAtmosphere.AerialPerspectiveLUT.SampleCountPerSlice:1]]
[2021.01.26-14.52.34:613][  0]LogConfig: Setting CVar [[r.SkyAtmosphere.AerialPerspectiveLUT.DepthResolution:16.0]]
[2021.01.26-14.52.34:613][  0]LogConfig: Setting CVar [[r.SkyAtmosphere.FastSkyLUT:1]]
[2021.01.26-14.52.34:613][  0]LogConfig: Setting CVar [[r.SkyAtmosphere.FastSkyLUT.SampleCountMin:4.0]]
[2021.01.26-14.52.34:613][  0]LogConfig: Setting CVar [[r.SkyAtmosphere.FastSkyLUT.SampleCountMax:32.0]]
[2021.01.26-14.52.34:613][  0]LogConfig: Setting CVar [[r.SkyAtmosphere.SampleCountMin:4.0]]
[2021.01.26-14.52.34:613][  0]LogConfig: Setting CVar [[r.SkyAtmosphere.SampleCountMax:32.0]]
[2021.01.26-14.52.34:613][  0]LogConfig: Setting CVar [[r.SkyAtmosphere.TransmittanceLUT.UseSmallFormat:0]]
[2021.01.26-14.52.34:613][  0]LogConfig: Setting CVar [[r.SkyAtmosphere.TransmittanceLUT.SampleCount:10.0]]
[2021.01.26-14.52.34:613][  0]LogConfig: Setting CVar [[r.SkyAtmosphere.MultiScatteringLUT.SampleCount:15.0]]
[2021.01.26-14.52.34:613][  0]LogConfig: Applying CVar settings from Section [FoliageQuality@3] File [C:/Users/jedie/OneDrive/Documents/GitHub/Serotopia 2/Serotopia/Serotopia_Grey_1/Saved/Config/Windows/Scalability.ini]
[2021.01.26-14.52.34:613][  0]LogConfig: Setting CVar [[foliage.DensityScale:1.0]]
[2021.01.26-14.52.34:613][  0]LogConfig: Setting CVar [[grass.DensityScale:1.0]]
[2021.01.26-14.52.34:613][  0]LogConfig: Applying CVar settings from Section [ShadingQuality@3] File [C:/Users/jedie/OneDrive/Documents/GitHub/Serotopia 2/Serotopia/Serotopia_Grey_1/Saved/Config/Windows/Scalability.ini]
[2021.01.26-14.52.34:613][  0]LogConfig: Setting CVar [[r.HairStrands.SkyLighting.SampleCount:16]]
[2021.01.26-14.52.34:613][  0]LogConfig: Setting CVar [[r.HairStrands.SkyLighting.JitterIntegration:0]]
[2021.01.26-14.52.34:613][  0]LogConfig: Setting CVar [[r.HairStrands.SkyAO.SampleCount:16]]
[2021.01.26-14.52.34:613][  0]LogConfig: Applying CVar settings from Section [Startup] File [../../../Engine/Config/ConsoleVariables.ini]
[2021.01.26-14.52.34:613][  0]LogConfig: Setting CVar [[net.UseAdaptiveNetUpdateFrequency:0]]
[2021.01.26-14.52.34:613][  0]LogConfig: Setting CVar [[p.chaos.AllowCreatePhysxBodies:1]]
[2021.01.26-14.52.34:613][  0]LogConfig: Applying CVar settings from Section [ConsoleVariables] File [C:/Users/jedie/OneDrive/Documents/GitHub/Serotopia 2/Serotopia/Serotopia_Grey_1/Saved/Config/Windows/Engine.ini]
[2021.01.26-14.52.34:613][  0]LogInit: Computer: DESKTOP-FB3K3NO
[2021.01.26-14.52.34:613][  0]LogInit: User: jedie
[2021.01.26-14.52.34:613][  0]LogInit: CPU Page size=4096, Cores=6
[2021.01.26-14.52.34:613][  0]LogInit: High frequency timer resolution =10.000000 MHz
[2021.01.26-14.52.34:613][  0]LogMemory: Memory total: Physical=15.9GB (16GB approx)
[2021.01.26-14.52.34:613][  0]LogMemory: Platform Memory Stats for Windows
[2021.01.26-14.52.34:613][  0]LogMemory: Process Physical Memory: 108.57 MB used, 108.57 MB peak
[2021.01.26-14.52.34:613][  0]LogMemory: Process Virtual Memory: 101.64 MB used, 101.64 MB peak
[2021.01.26-14.52.34:614][  0]LogMemory: Physical Memory: 6003.80 MB used,  10318.55 MB free, 16322.35 MB total
[2021.01.26-14.52.34:614][  0]LogMemory: Virtual Memory: 5161.11 MB used,  134212568.00 MB free, 134217728.00 MB total
[2021.01.26-14.52.34:616][  0]LogWindows: WindowsPlatformFeatures enabled
[2021.01.26-14.52.34:642][  0]LogInit: Using OS detected language (en-US).
[2021.01.26-14.52.34:642][  0]LogInit: Using OS detected locale (en-US).
[2021.01.26-14.52.34:643][  0]LogTextLocalizationManager: No specific localization for 'en-US' exists, so the 'en' localization will be used.
[2021.01.26-14.52.34:773][  0]LogInit: Setting process to per monitor DPI aware
[2021.01.26-14.52.34:797][  0]LogSlate: New Slate User Created.  User Index 0, Is Virtual User: 0
[2021.01.26-14.52.34:797][  0]LogSlate: Slate User Registered.  User Index 0, Is Virtual User: 0
[2021.01.26-14.52.34:901][  0]LogHMD: Failed to initialize OpenVR with code 110
[2021.01.26-14.52.34:901][  0]LogD3D11RHI: D3D11 min allowed feature level: 11_0
[2021.01.26-14.52.34:901][  0]LogD3D11RHI: D3D11 max allowed feature level: 11_0
[2021.01.26-14.52.34:901][  0]LogD3D11RHI: D3D11 adapters:
[2021.01.26-14.52.34:966][  0]LogD3D11RHI:    0. 'NVIDIA GeForce RTX 2070' (Feature Level 11_0)
[2021.01.26-14.52.34:966][  0]LogD3D11RHI:       8031/0/8161 MB DedicatedVideo/DedicatedSystem/SharedSystem, Outputs:2, VendorId:0x10de
[2021.01.26-14.52.34:969][  0]LogD3D11RHI:    1. 'Microsoft Basic Render Driver' (Feature Level 11_0)
[2021.01.26-14.52.34:969][  0]LogD3D11RHI:       0/0/8161 MB DedicatedVideo/DedicatedSystem/SharedSystem, Outputs:0, VendorId:0x1414
[2021.01.26-14.52.34:969][  0]LogD3D11RHI: Chosen D3D11 Adapter: 0
[2021.01.26-14.52.34:974][  0]LogD3D11RHI: Creating new Direct3DDevice
[2021.01.26-14.52.34:974][  0]LogD3D11RHI:     GPU DeviceId: 0x1f02 (for the marketing name, search the web for "GPU Device Id")
[2021.01.26-14.52.34:974][  0]LogWindows: EnumDisplayDevices:
[2021.01.26-14.52.34:974][  0]LogWindows:    0. 'NVIDIA GeForce RTX 2070' (P:0 D:1)
[2021.01.26-14.52.34:974][  0]LogWindows:    1. 'NVIDIA GeForce RTX 2070' (P:1 D:1)
[2021.01.26-14.52.34:974][  0]LogWindows:    2. 'NVIDIA GeForce RTX 2070' (P:0 D:0)
[2021.01.26-14.52.34:974][  0]LogWindows:    3. 'NVIDIA GeForce RTX 2070' (P:0 D:0)
[2021.01.26-14.52.34:975][  0]LogWindows: DebugString: FoundDriverCount:4 
[2021.01.26-14.52.34:975][  0]LogD3D11RHI:     Adapter Name: NVIDIA GeForce RTX 2070
[2021.01.26-14.52.34:975][  0]LogD3D11RHI:   Driver Version: 457.30 (internal:27.21.14.5730, unified:457.30)
[2021.01.26-14.52.34:975][  0]LogD3D11RHI:      Driver Date: 11-6-2020
[2021.01.26-14.52.34:975][  0]LogRHI: Texture pool is 5621 MB (70% of 8031 MB)
[2021.01.26-14.52.35:026][  0]LogD3D11RHI: RHI has support for 64 bit atomics
[2021.01.26-14.52.35:027][  0]LogD3D11RHI: Async texture creation enabled
[2021.01.26-14.52.35:039][  0]LogD3D11RHI: GPU Timing Frequency: 1000.000000 (Debug: 2 1)
[2021.01.26-14.52.35:255][  0]LogTargetPlatformManager: Display: Loaded TargetPlatform 'AllDesktop'
[2021.01.26-14.52.35:281][  0]LogTargetPlatformManager: Display: Loaded TargetPlatform 'Android'
[2021.01.26-14.52.35:281][  0]LogTargetPlatformManager: Display: Loaded TargetPlatform 'Android_ASTC'
[2021.01.26-14.52.35:281][  0]LogTargetPlatformManager: Display: Loaded TargetPlatform 'Android_ATC'
[2021.01.26-14.52.35:281][  0]LogTargetPlatformManager: Display: Loaded TargetPlatform 'Android_DXT'
[2021.01.26-14.52.35:281][  0]LogTargetPlatformManager: Display: Loaded TargetPlatform 'Android_ETC1'
[2021.01.26-14.52.35:281][  0]LogTargetPlatformManager: Display: Loaded TargetPlatform 'Android_ETC1a'
[2021.01.26-14.52.35:281][  0]LogTargetPlatformManager: Display: Loaded TargetPlatform 'Android_ETC2'
[2021.01.26-14.52.35:281][  0]LogTargetPlatformManager: Display: Loaded TargetPlatform 'Android_PVRTC'
[2021.01.26-14.52.35:281][  0]LogTargetPlatformManager: Display: Loaded TargetPlatform 'AndroidClient'
[2021.01.26-14.52.35:281][  0]LogTargetPlatformManager: Display: Loaded TargetPlatform 'Android_ASTCClient'
[2021.01.26-14.52.35:281][  0]LogTargetPlatformManager: Display: Loaded TargetPlatform 'Android_ATCClient'
[2021.01.26-14.52.35:281][  0]LogTargetPlatformManager: Display: Loaded TargetPlatform 'Android_DXTClient'
[2021.01.26-14.52.35:281][  0]LogTargetPlatformManager: Display: Loaded TargetPlatform 'Android_ETC1Client'
[2021.01.26-14.52.35:281][  0]LogTargetPlatformManager: Display: Loaded TargetPlatform 'Android_ETC1aClient'
[2021.01.26-14.52.35:281][  0]LogTargetPlatformManager: Display: Loaded TargetPlatform 'Android_ETC2Client'
[2021.01.26-14.52.35:281][  0]LogTargetPlatformManager: Display: Loaded TargetPlatform 'Android_PVRTCClient'
[2021.01.26-14.52.35:281][  0]LogTargetPlatformManager: Display: Loaded TargetPlatform 'Android_Multi'
[2021.01.26-14.52.35:281][  0]LogTargetPlatformManager: Display: Loaded TargetPlatform 'Android_MultiClient'
[2021.01.26-14.52.35:295][  0]LogTargetPlatformManager: Display: Loaded TargetPlatform 'IOSClient'
[2021.01.26-14.52.35:295][  0]LogTargetPlatformManager: Display: Loaded TargetPlatform 'IOS'
[2021.01.26-14.52.35:301][  0]LogTargetPlatformManager: Display: Loaded TargetPlatform 'LinuxNoEditor'
[2021.01.26-14.52.35:307][  0]LogTargetPlatformManager: Display: Loaded TargetPlatform 'LinuxClient'
[2021.01.26-14.52.35:313][  0]LogTargetPlatformManager: Display: Loaded TargetPlatform 'LinuxServer'
[2021.01.26-14.52.35:319][  0]LogTargetPlatformManager: Display: Loaded TargetPlatform 'LinuxAArch64NoEditor'
[2021.01.26-14.52.35:325][  0]LogTargetPlatformManager: Display: Loaded TargetPlatform 'LinuxAArch64Client'
[2021.01.26-14.52.35:331][  0]LogTargetPlatformManager: Display: Loaded TargetPlatform 'LinuxAArch64Server'
[2021.01.26-14.52.35:351][  0]LogTargetPlatformManager: Display: Loaded TargetPlatform 'Lumin'
[2021.01.26-14.52.35:351][  0]LogTargetPlatformManager: Display: Loaded TargetPlatform 'LuminClient'
[2021.01.26-14.52.35:362][  0]LogTargetPlatformManager: Display: Loaded TargetPlatform 'TVOSClient'
[2021.01.26-14.52.35:362][  0]LogTargetPlatformManager: Display: Loaded TargetPlatform 'TVOS'
[2021.01.26-14.52.35:368][  0]LogTargetPlatformManager: Display: Loaded TargetPlatform 'WindowsNoEditor'
[2021.01.26-14.52.35:375][  0]LogTargetPlatformManager: Display: Loaded TargetPlatform 'Windows'
[2021.01.26-14.52.35:381][  0]LogTargetPlatformManager: Display: Loaded TargetPlatform 'WindowsClient'
[2021.01.26-14.52.35:387][  0]LogTargetPlatformManager: Display: Loaded TargetPlatform 'WindowsServer'
[2021.01.26-14.52.35:387][  0]LogTargetPlatformManager: Display: Building Assets For Windows
[2021.01.26-14.52.35:389][  0]LogAudioDebug: Display: Lib vorbis DLL was dynamically loaded.
[2021.01.26-14.52.35:408][  0]LogShaderCompilers: Guid format shader working directory is -48 characters bigger than the processId version (../../../../../../Users/jedie/OneDrive/Documents/GitHub/Serotopia 2/Serotopia/Serotopia_Grey_1/Intermediate/Shaders/WorkingDirectory/8148/).
[2021.01.26-14.52.35:408][  0]LogShaderCompilers: Cleaned the shader compiler working directory 'C:/Users/jedie/AppData/Local/Temp/UnrealShaderWorkingDir/78005282491B91C4B7A74BBC974ABE0F/'.
[2021.01.26-14.52.35:408][  0]LogXGEController: Cannot use XGE Controller as Incredibuild is not installed on this machine.
[2021.01.26-14.52.35:408][  0]LogShaderCompilers: Cannot use XGE Shader Compiler as Incredibuild is not installed on this machine.
[2021.01.26-14.52.35:408][  0]LogShaderCompilers: Display: Using Local Shader Compiler.
[2021.01.26-14.52.35:963][  0]LogDerivedDataCache: Display: Max Cache Size: 512 MB
[2021.01.26-14.52.36:005][  0]LogDerivedDataCache: Loaded boot cache 0.04s 78MB C:/Users/jedie/AppData/Local/UnrealEngine/4.24/DerivedDataCache/Boot.ddc.
[2021.01.26-14.52.36:006][  0]LogDerivedDataCache: Display: Loaded Boot cache: C:/Users/jedie/AppData/Local/UnrealEngine/4.24/DerivedDataCache/Boot.ddc
[2021.01.26-14.52.36:006][  0]LogDerivedDataCache: FDerivedDataBackendGraph:  Pak pak cache file ../../../../../../Users/jedie/OneDrive/Documents/GitHub/Serotopia 2/Serotopia/Serotopia_Grey_1/DerivedDataCache/DDC.ddp not found, will not use a pak cache.
[2021.01.26-14.52.36:006][  0]LogDerivedDataCache: Unable to find inner node Pak for hierarchical cache Hierarchy.
[2021.01.26-14.52.36:006][  0]LogDerivedDataCache: FDerivedDataBackendGraph:  CompressedPak pak cache file ../../../../../../Users/jedie/OneDrive/Documents/GitHub/Serotopia 2/Serotopia/Serotopia_Grey_1/DerivedDataCache/Compressed.ddp not found, will not use a pak cache.
[2021.01.26-14.52.36:006][  0]LogDerivedDataCache: Unable to find inner node CompressedPak for hierarchical cache Hierarchy.
[2021.01.26-14.52.36:014][  0]LogDerivedDataCache: Display: Pak cache opened for reading ../../../Engine/DerivedDataCache/Compressed.ddp.
[2021.01.26-14.52.36:014][  0]LogDerivedDataCache: FDerivedDataBackendGraph:  EnterprisePak pak cache file ../../../Enterprise/DerivedDataCache/Compressed.ddp not found, will not use a pak cache.
[2021.01.26-14.52.36:014][  0]LogDerivedDataCache: Unable to find inner node EnterprisePak for hierarchical cache Hierarchy.
[2021.01.26-14.52.36:015][  0]LogDerivedDataCache: Using Local data cache path C:/Users/jedie/AppData/Local/UnrealEngine/Common/DerivedDataCache: Writable
[2021.01.26-14.52.36:015][  0]LogDerivedDataCache: Shared data cache path not found in *engine.ini, will not use an Shared cache.
[2021.01.26-14.52.36:015][  0]LogDerivedDataCache: Unable to find inner node Shared for hierarchical cache Hierarchy.
[2021.01.26-14.52.36:034][  0]LogMaterial: Verifying Global Shaders for PCD3D_SM5
[2021.01.26-14.52.36:036][  0]LogSlate: Using FreeType 2.10.0
[2021.01.26-14.52.36:036][  0]LogSlate: SlateFontServices - WITH_FREETYPE: 1, WITH_HARFBUZZ: 1
[2021.01.26-14.52.36:074][  0]LogAssetRegistry: FAssetRegistry took 0.0019 seconds to start up
[2021.01.26-14.52.36:290][  0]LogInit: Selected Device Profile: [Windows]
[2021.01.26-14.52.36:408][  0]LogMeshReduction: Using QuadricMeshReduction for automatic static mesh reduction
[2021.01.26-14.52.36:408][  0]LogMeshReduction: Using SimplygonMeshReduction for automatic skeletal mesh reduction
[2021.01.26-14.52.36:408][  0]LogMeshReduction: Using ProxyLODMeshReduction for automatic mesh merging
[2021.01.26-14.52.36:408][  0]LogMeshReduction: No distributed automatic mesh merging module available
[2021.01.26-14.52.36:408][  0]LogMeshMerging: No distributed automatic mesh merging module available
[2021.01.26-14.52.36:419][  0]LogNetVersion: Serotopia 1.0.0, NetCL: 10570792, EngineNetVer: 13, GameNetVer: 0 (Checksum: 2814185824)
[2021.01.26-14.52.37:197][  0]LogPackageLocalizationCache: Processed 10 localized package path(s) for 1 prioritized culture(s) in 0.037668 seconds
[2021.01.26-14.52.37:204][  0]LogUObjectArray: 46750 objects as part of root set at end of initial load.
[2021.01.26-14.52.37:204][  0]LogUObjectAllocator: 8137160 out of 0 bytes used by permanent object pool.
[2021.01.26-14.52.37:204][  0]LogUObjectArray: CloseDisregardForGC: 0/0 objects in disregard for GC pool
[2021.01.26-14.52.37:502][  0]LogTcpMessaging: Initializing TcpMessaging bridge
[2021.01.26-14.52.37:504][  0]LogUdpMessaging: Initializing bridge on interface 0.0.0.0:0 to multicast group 230.0.0.1:6666.
[2021.01.26-14.52.37:547][  0]SourceControl: Source control is disabled
[2021.01.26-14.52.37:547][  0]SourceControl: Source control is disabled
[2021.01.26-14.52.37:548][  0]SourceControl: Source control is disabled
[2021.01.26-14.52.37:548][  0]SourceControl: Source control is disabled
[2021.01.26-14.52.37:549][  0]SourceControl: Source control is disabled
[2021.01.26-14.52.37:555][  0]LogVSAccessor: Display: Unable to create Visual Studio setup instance: 80040154
[2021.01.26-14.52.37:555][  0]LogVSAccessor: Display: Unable to create Visual Studio setup instance: 80040154
[2021.01.26-14.52.37:613][  0]LogAndroidPermission: UAndroidPermissionCallbackProxy::GetInstance
[2021.01.26-14.52.37:621][  0]LogAudioCaptureCore: Display: No Audio Capture implementations found. Audio input will be silent.
[2021.01.26-14.52.37:621][  0]LogAudioCaptureCore: Display: No Audio Capture implementations found. Audio input will be silent.
[2021.01.26-14.52.37:684][  0]LogOcInput: OculusInput pre-init called
[2021.01.26-14.52.37:690][  0]LogWindows: Failed to load 'OVRPlugin.dll' (GetLastError=126)
[2021.01.26-14.52.37:690][  0]LogWindows: File 'OVRPlugin.dll' does not exist
[2021.01.26-14.52.37:741][  0]LogEngine: Initializing Engine...
[2021.01.26-14.52.37:742][  0]LogHMD: Failed to initialize OpenVR with code 110
[2021.01.26-14.52.37:743][  0]LogStats: UGameplayTagsManager::InitializeManager -  0.000 s
[2021.01.26-14.52.38:006][  0]LogInit: Initializing FReadOnlyCVARCache
[2021.01.26-14.52.38:011][  0]LogAIModule: Creating AISystem for world Untitled
[2021.01.26-14.52.38:029][  0]LogAudioMixer: Display: Audio Mixer Platform Settings:
[2021.01.26-14.52.38:029][  0]LogAudioMixer: Display: 	Sample Rate:						  48000
[2021.01.26-14.52.38:029][  0]LogAudioMixer: Display: 	Callback Buffer Frame Size Requested: 1024
[2021.01.26-14.52.38:029][  0]LogAudioMixer: Display: 	Callback Buffer Frame Size To Use:	  1024
[2021.01.26-14.52.38:029][  0]LogAudioMixer: Display: 	Number of buffers to queue:			  2
[2021.01.26-14.52.38:029][  0]LogAudioMixer: Display: 	Max Channels (voices):				  32
[2021.01.26-14.52.38:029][  0]LogAudioMixer: Display: 	Number of Async Source Workers:		  0
[2021.01.26-14.52.38:029][  0]LogAudio: Display: AudioDevice MaxSources: 32
[2021.01.26-14.52.38:029][  0]LogAudio: Display: Using built-in audio occlusion.
[2021.01.26-14.52.38:029][  0]LogAudioMixer: Display: Initializing audio mixer.
[2021.01.26-14.52.38:041][  0]LogAudioMixer: Display: Audio Device Output Speaker Info:
[2021.01.26-14.52.38:041][  0]LogAudioMixer: Display: Name: Headset Earphone (HyperX Virtual Surround Sound)
[2021.01.26-14.52.38:041][  0]LogAudioMixer: Display: Is Default: Yes
[2021.01.26-14.52.38:041][  0]LogAudioMixer: Display: Sample Rate: 48000
[2021.01.26-14.52.38:041][  0]LogAudioMixer: Display: Channel Count Used: 2
[2021.01.26-14.52.38:041][  0]LogAudioMixer: Display: Device Channel Count: 2
[2021.01.26-14.52.38:041][  0]LogAudioMixer: Display: Channel Order:
[2021.01.26-14.52.38:041][  0]LogAudioMixer: Display: 0: FrontLeft
[2021.01.26-14.52.38:041][  0]LogAudioMixer: Display: 1: FrontRight
[2021.01.26-14.52.38:053][  0]LogAudioMixer: Display: Using Audio Device Headset Earphone (HyperX Virtual Surround Sound)
[2021.01.26-14.52.38:060][  0]LogInit: FAudioDevice initialized.
[2021.01.26-14.52.38:060][  0]LogNetVersion: Set ProjectVersion to 1.0.0.0. Version Checksum will be recalculated on next use.
[2021.01.26-14.52.38:124][  0]LogDerivedDataCache: Saved boot cache 0.06s 78MB C:/Users/jedie/AppData/Local/UnrealEngine/4.24/DerivedDataCache/Boot.ddc.
[2021.01.26-14.52.38:127][  0]LogInit: Texture streaming: Enabled
[2021.01.26-14.52.38:134][  0]LogEngineSessionManager: EngineSessionManager initialized
[2021.01.26-14.52.38:134][  0]LogEditorSessionSummary: Verbose: Initializing EditorSessionSummaryWriter for editor session tracking
[2021.01.26-14.52.38:136][  0]LogEditorSessionSummary: EditorSessionSummaryWriter initialized
[2021.01.26-14.52.38:190][  0]LogInit: Transaction tracking system initialized
[2021.01.26-14.52.38:196][  0]BlueprintLog: New page: Editor Load
[2021.01.26-14.52.38:218][  0]LocalizationService: Localization service is disabled
[2021.01.26-14.52.38:253][  0]LogVSAccessor: Display: Unable to create Visual Studio setup instance: 80040154
[2021.01.26-14.52.38:254][  0]LogVSAccessor: Display: Unable to create Visual Studio setup instance: 80040154
[2021.01.26-14.52.38:423][  0]LogCook: Display: Max memory allowance for cook 16384mb min free memory 0mb
[2021.01.26-14.52.38:424][  0]LogCook: Display: Mobile HDR setting 1
[2021.01.26-14.52.38:481][  0]LogFileCache: Scanning file cache for directory 'C:/Users/jedie/OneDrive/Documents/GitHub/Serotopia 2/Serotopia/Serotopia_Grey_1/Content/' took 0.03s
[2021.01.26-14.52.38:906][  0]SourceControl: Source control is disabled
[2021.01.26-14.52.38:906][  0]Cmd: MAP LOAD FILE="../../../../../../Users/jedie/OneDrive/Documents/GitHub/Serotopia 2/Serotopia/Serotopia_Grey_1/Content/Levels/MainMenu.umap" TEMPLATE=0 SHOWPROGRESS=1 FEATURELEVEL=3
[2021.01.26-14.52.38:911][  0]LightingResults: New page: Lighting Build
[2021.01.26-14.52.38:912][  0]LogWorld: UWorld::CleanupWorld for Untitled, bSessionEnded=true, bCleanupResources=true
[2021.01.26-14.52.38:912][  0]LogSlate: InvalidateAllWidgets triggered.  All widgets were invalidated
[2021.01.26-14.52.38:912][  0]MapCheck: New page: Map Check
[2021.01.26-14.52.38:912][  0]LightingResults: New page: Lighting Build
[2021.01.26-14.52.38:936][  0]LogUObjectHash: Compacting FUObjectHashTables data took   1.32ms
[2021.01.26-14.52.39:177][  0]LogAIModule: Creating AISystem for world MainMenu
[2021.01.26-14.52.39:181][  0]LogEditorServer: Finished looking for orphan Actors (0.000 secs)
[2021.01.26-14.52.39:204][  0]LogUObjectHash: Compacting FUObjectHashTables data took   1.71ms
[2021.01.26-14.52.39:206][  0]Cmd: MAP CHECKDEP NOCLEARLOG
[2021.01.26-14.52.39:206][  0]MapCheck: Map check complete: 0 Error(s), 0 Warning(s), took 0.112ms to complete.
[2021.01.26-14.52.39:206][  0]LogFileHelpers: Loading map 'MainMenu' took 0.299
[2021.01.26-14.52.39:390][  0]LogSlate: Updating window title bar state: overlay mode, drag disabled, window buttons hidden, title bar hidden
[2021.01.26-14.52.39:397][  0]LogSlate: Updating window title bar state: overlay mode, drag disabled, window buttons hidden, title bar hidden
[2021.01.26-14.52.39:402][  0]LogSlate: Updating window title bar state: overlay mode, drag disabled, window buttons hidden, title bar hidden
[2021.01.26-14.52.39:408][  0]LogSlate: Updating window title bar state: overlay mode, drag disabled, window buttons hidden, title bar hidden
[2021.01.26-14.52.39:424][  0]LogCollectionManager: Loaded 0 collections in 0.001529 seconds
[2021.01.26-14.52.39:460][  0]LogFileCache: Scanning file cache for directory 'C:/Users/jedie/OneDrive/Documents/GitHub/Serotopia 2/Serotopia/Serotopia_Grey_1/Saved/Collections/' took 0.00s
[2021.01.26-14.52.39:460][  0]LogFileCache: Scanning file cache for directory 'C:/Users/jedie/OneDrive/Documents/GitHub/Serotopia 2/Serotopia/Serotopia_Grey_1/Content/Developers/jedie/Collections/' took 0.00s
[2021.01.26-14.52.39:461][  0]LogFileCache: Scanning file cache for directory 'C:/Users/jedie/OneDrive/Documents/GitHub/Serotopia 2/Serotopia/Serotopia_Grey_1/Content/Collections/' took 0.00s
[2021.01.26-14.52.39:461][  0]LogContentBrowser: Native class hierarchy populated in 0.0066 seconds. Added 3015 classes and 717 folders.
[2021.01.26-14.52.39:471][  0]LogContentBrowser: Native class hierarchy updated for 'WidgetCarousel' in 0.0002 seconds. Added 0 classes and 0 folders.
[2021.01.26-14.52.39:836][  0]LogContentBrowser: Native class hierarchy updated for 'AddContentDialog' in 0.0002 seconds. Added 0 classes and 0 folders.
[2021.01.26-14.52.39:849][  0]LogContentBrowser: Native class hierarchy updated for 'SceneOutliner' in 0.0002 seconds. Added 2 classes and 3 folders.
[2021.01.26-14.52.39:938][  0]LogSlate: Took 0.000106 seconds to synchronously load lazily loaded font '../../../Engine/Content/Slate/Fonts/Roboto-Regular.ttf' (155K)
[2021.01.26-14.52.39:941][  0]LogSlate: Took 0.000146 seconds to synchronously load lazily loaded font '../../../Engine/Content/Slate/Fonts/Roboto-Bold.ttf' (160K)
[2021.01.26-14.52.39:953][  0]LogSlate: Took 0.005666 seconds to synchronously load lazily loaded font '../../../Engine/Content/Editor/Slate/Fonts/FontAwesome.ttf' (139K)
[2021.01.26-14.52.40:071][  0]LogRenderer: Reallocating scene render targets to support 1208x572 Format 10 NumSamples 1 (Frame:1).
[2021.01.26-14.52.40:333][  0]LogContentBrowser: Native class hierarchy updated for 'HierarchicalLODOutliner' in 0.0002 seconds. Added 0 classes and 0 folders.
[2021.01.26-14.52.40:334][  0]LogLoad: (Engine Initialization) Total time: 6.84 seconds
[2021.01.26-14.52.40:334][  0]LogLoad: (Engine Initialization) Total Blueprint compile time: 0.00 seconds
[2021.01.26-14.52.40:369][  0]LogContentStreaming: Texture pool size now 1000 MB
[2021.01.26-14.52.40:418][  0]LogSlate: Took 0.011329 seconds to synchronously load lazily loaded font '../../../Engine/Content/Slate/Fonts/Roboto-Light.ttf' (167K)
[2021.01.26-14.52.45:437][421]LogFileCache: Retrieving MD5 hashes for directory 'C:/Users/jedie/OneDrive/Documents/GitHub/Serotopia 2/Serotopia/Serotopia_Grey_1/Content/' took 5.09s
[2021.01.26-14.52.58:564][995]LogAssetRegistry: Asset discovery search completed in 22.4896 seconds
[2021.01.26-14.52.58:566][995]LogCollectionManager: Fixed up redirectors for 0 collections in 0.000006 seconds (updated 0 objects)
[2021.01.26-14.53.01:488][343]LogSlate: Took 0.000113 seconds to synchronously load lazily loaded font '../../../Engine/Content/Slate/Fonts/Roboto-Light.ttf' (167K)
[2021.01.26-14.53.02:390][343]LogLinker: Warning: While loading '../../../../../../Users/jedie/OneDrive/Documents/GitHub/Serotopia 2/Serotopia/Serotopia_Grey_1/Content/Levels/Forest.umap' failed to load '/Game/Levels/Forest_BuiltData': Can't find file.
[2021.01.26-14.53.02:390][343]LogLinker: Warning: While loading '../../../../../../Users/jedie/OneDrive/Documents/GitHub/Serotopia 2/Serotopia/Serotopia_Grey_1/Content/Levels/Forest.umap' failed to load '/Game/Levels/Forest_BuiltData': Can't find file.
[2021.01.26-14.53.02:560][343]LogLinker: Warning: While loading '../../../../../../Users/jedie/OneDrive/Documents/GitHub/Serotopia 2/Serotopia/Serotopia_Grey_1/Content/Levels/Forest.umap' failed to load '/Game/Levels/Forest_BuiltData': Can't find file.
[2021.01.26-14.53.02:561][343]LogLinker: Warning: While loading '../../../../../../Users/jedie/OneDrive/Documents/GitHub/Serotopia 2/Serotopia/Serotopia_Grey_1/Content/Levels/Forest.umap' failed to load '/Game/Levels/Forest_BuiltData': Can't find file.
[2021.01.26-14.53.02:670][343]LogLinker: Warning: Failed to load '/Game/Levels/Forest_BuiltData': Can't find file.
[2021.01.26-14.53.02:670][343]LogLinker: Warning: Failed to load '/Game/Levels/Forest_BuiltData': Can't find file.
[2021.01.26-14.53.02:670][343]LogLinker: Warning: Failed to load '/Game/Levels/Forest_BuiltData': Can't find file.
[2021.01.26-14.53.02:670][343]LogLinker: Warning: Failed to load '/Game/Levels/Forest_BuiltData': Can't find file.
[2021.01.26-14.53.02:828][343]LogLinker: Warning: While loading '../../../../../../Users/jedie/OneDrive/Documents/GitHub/Serotopia 2/Serotopia/Serotopia_Grey_1/Content/Levels/Forest.umap' failed to load '/Game/Levels/Forest_BuiltData': Can't find file.
[2021.01.26-14.53.02:829][343]LoadErrors: Failed to load /Game/Levels/Forest_BuiltData.Forest_BuiltData Referenced by PersistentLevel
[2021.01.26-14.53.02:829][343]LogLinker: Warning: While loading '../../../../../../Users/jedie/OneDrive/Documents/GitHub/Serotopia 2/Serotopia/Serotopia_Grey_1/Content/Levels/Forest.umap' failed to load '/Game/Levels/Forest_BuiltData': Can't find file.
[2021.01.26-14.53.06:962][343]LogAIModule: Creating AISystem for world Forest
[2021.01.26-14.53.07:014][343]LogAssetEditorSubsystem: Opening Asset editor for World /Game/Levels/Forest.Forest
[2021.01.26-14.53.07:055][343]LogUObjectHash: Compacting FUObjectHashTables data took   2.62ms
[2021.01.26-14.53.07:059][343]Cmd: MAP LOAD FILE="../../../../../../Users/jedie/OneDrive/Documents/GitHub/Serotopia 2/Serotopia/Serotopia_Grey_1/Content/Levels/Forest.umap" TEMPLATE=0 SHOWPROGRESS=1 FEATURELEVEL=3
[2021.01.26-14.53.07:059][343]LightingResults: New page: Lighting Build
[2021.01.26-14.53.07:060][343]LoadErrors: New page: Loading map: Forest.umap
[2021.01.26-14.53.07:061][343]LogWorld: UWorld::CleanupWorld for MainMenu, bSessionEnded=true, bCleanupResources=true
[2021.01.26-14.53.07:062][343]LogSlate: InvalidateAllWidgets triggered.  All widgets were invalidated
[2021.01.26-14.53.07:062][343]MapCheck: New page: Map Check
[2021.01.26-14.53.07:062][343]LightingResults: New page: Lighting Build
[2021.01.26-14.53.07:088][343]LogUObjectHash: Compacting FUObjectHashTables data took   1.96ms
[2021.01.26-14.53.07:132][343]LogEditorServer: Finished looking for orphan Actors (0.000 secs)
[2021.01.26-14.53.07:213][343]LogUObjectHash: Compacting FUObjectHashTables data took   1.32ms
[2021.01.26-14.53.07:253][343]Cmd: MAP CHECKDEP NOCLEARLOG
[2021.01.26-14.53.07:253][343]MapCheck: Map check complete: 0 Error(s), 0 Warning(s), took 0.159ms to complete.
[2021.01.26-14.53.07:253][343]LogFileHelpers: Loading map 'Forest' took 0.198
[2021.01.26-14.53.15:879][193]LogLinker: Warning: Failed to load '/Game/Blueprints/Mechanic_Test': Can't find file.
[2021.01.26-14.53.15:879][193]LogLinker: Warning: Failed to load '/Game/Blueprints/Mechanic_Test': Can't find file.
[2021.01.26-14.53.15:879][193]LogUObjectGlobals: Warning: Failed to find object 'Class /Game/Blueprints/Mechanic_Test.Mechanic_Test_C'
[2021.01.26-14.53.31:042][962]LogSlate: Window 'Project Settings' being destroyed
[2021.01.26-14.53.31:046][962]LogSlate: Window 'Project Settings' being destroyed
[2021.01.26-14.53.37:163][598]LogSlate: Window 'Project Settings' being destroyed
[2021.01.26-14.53.37:167][598]LogSlate: Window 'Project Settings' being destroyed
[2021.01.26-14.53.38:938][780]LogMaterial: Display: Missing cached shader map for material TopLookingOut_Mat, compiling. 
[2021.01.26-14.53.38:942][780]LogMaterial: Warning: C:\Users\jedie\OneDrive\Documents\GitHub\Serotopia 2\Serotopia\Serotopia_Grey_1\Content\Blueprints\Non-Euclidean\Materials\TopLookingOut_Mat.uasset: Failed to compile Material for platform PCD3D_SM5, Default Material will be used in game.
[2021.01.26-14.53.38:942][780]LogMaterial: Display: 	(Node TextureSample) Texture Sample> Missing input texture
[2021.01.26-14.53.38:945][780]LogMaterial: Display: Missing cached shader map for material TopLookingIn_Mat, compiling. 
[2021.01.26-14.53.38:945][780]LogMaterial: Warning: C:\Users\jedie\OneDrive\Documents\GitHub\Serotopia 2\Serotopia\Serotopia_Grey_1\Content\Blueprints\Non-Euclidean\Materials\TopLookingIn_Mat.uasset: Failed to compile Material for platform PCD3D_SM5, Default Material will be used in game.
[2021.01.26-14.53.38:945][780]LogMaterial: Display: 	(Node TextureSample) Texture Sample> Missing input texture
[2021.01.26-14.53.39:169][780]LogAIModule: Creating AISystem for world ForestBackup
[2021.01.26-14.53.39:178][780]LogAssetEditorSubsystem: Opening Asset editor for World /Game/Levels/ForestBackup.ForestBackup
[2021.01.26-14.53.39:202][780]LogUObjectHash: Compacting FUObjectHashTables data took   2.26ms
[2021.01.26-14.53.39:204][780]Cmd: MAP LOAD FILE="../../../../../../Users/jedie/OneDrive/Documents/GitHub/Serotopia 2/Serotopia/Serotopia_Grey_1/Content/Levels/ForestBackup.umap" TEMPLATE=0 SHOWPROGRESS=1 FEATURELEVEL=3
[2021.01.26-14.53.39:204][780]LightingResults: New page: Lighting Build
[2021.01.26-14.53.39:205][780]LoadErrors: New page: Loading map: ForestBackup.umap
[2021.01.26-14.53.39:208][780]LogWorld: UWorld::CleanupWorld for Forest, bSessionEnded=true, bCleanupResources=true
[2021.01.26-14.53.39:208][780]LogSlate: InvalidateAllWidgets triggered.  All widgets were invalidated
[2021.01.26-14.53.39:210][780]MapCheck: New page: Map Check
[2021.01.26-14.53.39:210][780]LightingResults: New page: Lighting Build
[2021.01.26-14.53.39:238][780]LogUObjectHash: Compacting FUObjectHashTables data took   2.16ms
[2021.01.26-14.53.39:247][780]LogEditorServer: Finished looking for orphan Actors (0.000 secs)
[2021.01.26-14.53.39:271][780]LogUObjectHash: Compacting FUObjectHashTables data took   1.31ms
[2021.01.26-14.53.39:308][780]Cmd: MAP CHECKDEP NOCLEARLOG
[2021.01.26-14.53.39:308][780]MapCheck: Map check complete: 0 Error(s), 0 Warning(s), took 0.121ms to complete.
[2021.01.26-14.53.39:308][780]LogFileHelpers: Loading map 'ForestBackup' took 0.104
[2021.01.26-14.53.45:954][512]LogUObjectHash: Compacting FUObjectHashTables data took   0.65ms
[2021.01.26-14.53.48:757][716]LogEditorViewport: Clicking on Actor (LMB): PlayerStart (PlayerStart)
[2021.01.26-14.53.50:590][823]LogNavigationPoint: PostEditMove Clear paths rebuilt
[2021.01.26-14.53.51:453][874]Cmd: TRANSACTION UNDO
[2021.01.26-14.53.51:454][874]LogEditorTransaction: Undo Move Actors
[2021.01.26-14.53.55:236][134]LogNavigationPoint: PostEditMove Clear paths rebuilt
[2021.01.26-14.53.57:326][316]LogUObjectHash: Compacting FUObjectHashTables data took   1.46ms
[2021.01.26-14.53.57:374][316]LogUObjectHash: Compacting FUObjectHashTables data took   0.59ms
[2021.01.26-14.53.57:700][316]LogSavePackage: Moving '../../../../../../Users/jedie/OneDrive/Documents/GitHub/Serotopia 2/Serotopia/Serotopia_Grey_1/Saved/ForestBackupE3EC82154D0A7F929A24269DF18C0C92.tmp' to '../../../../../../Users/jedie/OneDrive/Documents/GitHub/Serotopia 2/Serotopia/Serotopia_Grey_1/Content/Levels/ForestBackup.umap'
[2021.01.26-14.53.57:744][316]LogFileHelpers: Saving map 'ForestBackup' took 0.396
[2021.01.26-14.53.57:753][316]AssetCheck: New page: Asset Save: ForestBackup
[2021.01.26-14.53.57:753][316]LogContentValidation: Display: Validating World /Game/Levels/ForestBackup.ForestBackup
[2021.01.26-14.53.58:414][369]LogTemp: Repeating last play command: Selected Viewport
[2021.01.26-14.53.58:436][369]LogBlueprintUserMessages: Early PlayInEditor Detection: Level '/Game/Levels/ForestBackup.ForestBackup:PersistentLevel' has LevelScriptBlueprint '/Game/Levels/ForestBackup.ForestBackup:PersistentLevel.ForestBackup' with GeneratedClass '/Game/Levels/ForestBackup.ForestBackup_C' with ClassGeneratedBy '/Game/Levels/ForestBackup.ForestBackup:PersistentLevel.ForestBackup'
[2021.01.26-14.53.58:438][369]LogPlayLevel: PlayLevel: No blueprints needed recompiling
[2021.01.26-14.53.58:439][369]PIE: New page: PIE session: ForestBackup (Jan 26, 2021, 4:53:58 AM)
[2021.01.26-14.53.58:440][369]LogOnline: OSS: Creating online subsystem instance for: NULL
[2021.01.26-14.53.58:441][369]LogOnline: OSS: TryLoadSubsystemAndSetDefault: Loaded subsystem for module [NULL]
[2021.01.26-14.53.58:442][369]LogPlayLevel: Creating play world package: /Game/Levels/UEDPIE_0_ForestBackup
[2021.01.26-14.53.58:467][369]LogPlayLevel: PIE: StaticDuplicateObject took: (0.024745s)
[2021.01.26-14.53.58:469][369]LogAIModule: Creating AISystem for world ForestBackup
[2021.01.26-14.53.58:469][369]LogPlayLevel: PIE: World Init took: (0.001528s)
[2021.01.26-14.53.58:469][369]LogPlayLevel: PIE: Created PIE world by copying editor world from /Game/Levels/ForestBackup.ForestBackup to /Game/Levels/UEDPIE_0_ForestBackup.ForestBackup (0.026524s)
[2021.01.26-14.53.58:494][369]LogUObjectHash: Compacting FUObjectHashTables data took   2.16ms
[2021.01.26-14.53.58:496][369]LogAudioMixer: Display: Audio Mixer Platform Settings:
[2021.01.26-14.53.58:496][369]LogAudioMixer: Display: 	Sample Rate:						  48000
[2021.01.26-14.53.58:496][369]LogAudioMixer: Display: 	Callback Buffer Frame Size Requested: 1024
[2021.01.26-14.53.58:496][369]LogAudioMixer: Display: 	Callback Buffer Frame Size To Use:	  1024
[2021.01.26-14.53.58:496][369]LogAudioMixer: Display: 	Number of buffers to queue:			  2
[2021.01.26-14.53.58:496][369]LogAudioMixer: Display: 	Max Channels (voices):				  32
[2021.01.26-14.53.58:496][369]LogAudioMixer: Display: 	Number of Async Source Workers:		  0
[2021.01.26-14.53.58:496][369]LogAudio: Display: AudioDevice MaxSources: 32
[2021.01.26-14.53.58:497][369]LogAudio: Display: Using built-in audio occlusion.
[2021.01.26-14.53.58:497][369]LogAudioMixer: Display: Initializing audio mixer.
[2021.01.26-14.53.58:504][369]LogAudioMixer: Display: Audio Device Output Speaker Info:
[2021.01.26-14.53.58:504][369]LogAudioMixer: Display: Name: Headset Earphone (HyperX Virtual Surround Sound)
[2021.01.26-14.53.58:504][369]LogAudioMixer: Display: Is Default: Yes
[2021.01.26-14.53.58:504][369]LogAudioMixer: Display: Sample Rate: 48000
[2021.01.26-14.53.58:504][369]LogAudioMixer: Display: Channel Count Used: 2
[2021.01.26-14.53.58:504][369]LogAudioMixer: Display: Device Channel Count: 2
[2021.01.26-14.53.58:504][369]LogAudioMixer: Display: Channel Order:
[2021.01.26-14.53.58:504][369]LogAudioMixer: Display: 0: FrontLeft
[2021.01.26-14.53.58:504][369]LogAudioMixer: Display: 1: FrontRight
[2021.01.26-14.53.58:512][369]LogAudioMixer: Display: Using Audio Device Headset Earphone (HyperX Virtual Surround Sound)
[2021.01.26-14.53.58:513][369]LogInit: FAudioDevice initialized.
[2021.01.26-14.53.58:523][369]LogLoad: Game class is 'Mechanic_Test_C'
[2021.01.26-14.53.58:534][369]LogWorld: Bringing World /Game/Levels/UEDPIE_0_ForestBackup.ForestBackup up for play (max tick rate 0) at 2021.01.26-09.53.58
[2021.01.26-14.53.58:535][369]LogWorld: Bringing up level for play took: 0.002812
[2021.01.26-14.53.58:536][369]LogOnline: OSS: Creating online subsystem instance for: :Context_2
[2021.01.26-14.53.58:550][369]LogContentBrowser: Native class hierarchy updated for 'MovieSceneCapture' in 0.0002 seconds. Added 20 classes and 0 folders.
[2021.01.26-14.53.58:571][369]PIE: Play in editor start time for /Game/Levels/UEDPIE_0_ForestBackup -0.278
[2021.01.26-14.53.58:571][369]LogBlueprintUserMessages: Late PlayInEditor Detection: Level '/Game/Levels/ForestBackup.ForestBackup:PersistentLevel' has LevelScriptBlueprint '/Game/Levels/ForestBackup.ForestBackup:PersistentLevel.ForestBackup' with GeneratedClass '/Game/Levels/ForestBackup.ForestBackup_C' with ClassGeneratedBy '/Game/Levels/ForestBackup.ForestBackup:PersistentLevel.ForestBackup'
[2021.01.26-14.54.01:755][664]LogPlayerController: Error: InputMode:UIOnly - Attempting to focus Non-Focusable widget SObjectWidget [Widget.cpp(776)]!
[2021.01.26-14.54.02:548][740]LogSlate: Updating window title bar state: overlay mode, drag disabled, window buttons hidden, title bar hidden
[2021.01.26-14.54.04:583][938]LogPlayerController: Error: InputMode:UIOnly - Attempting to focus Non-Focusable widget SObjectWidget [Widget.cpp(776)]!
[2021.01.26-14.54.05:282][  9]LogSlate: Updating window title bar state: overlay mode, drag disabled, window buttons hidden, title bar hidden
[2021.01.26-14.54.21:080][193]LogPlayerController: Error: InputMode:UIOnly - Attempting to focus Non-Focusable widget SObjectWidget [Widget.cpp(776)]!
[2021.01.26-14.54.22:021][247]LogSlate: Updating window title bar state: overlay mode, drag disabled, window buttons hidden, title bar hidden
[2021.01.26-14.54.22:859][297]LogPlayerController: Error: InputMode:UIOnly - Attempting to focus Non-Focusable widget SObjectWidget [Widget.cpp(776)]!
[2021.01.26-14.54.23:580][341]LogSlate: Updating window title bar state: overlay mode, drag disabled, window buttons hidden, title bar hidden
[2021.01.26-14.54.24:319][386]LogPlayerController: Error: InputMode:UIOnly - Attempting to focus Non-Focusable widget SObjectWidget [Widget.cpp(776)]!
[2021.01.26-14.54.24:846][418]LogSlate: Updating window title bar state: overlay mode, drag disabled, window buttons hidden, title bar hidden
[2021.01.26-14.54.39:300][338]LogAudioMixer: Display: No commands were queued while flushing the source manager.
[2021.01.26-14.54.39:300][338]LogAudioMixer: Display: No commands were queued while flushing the source manager.
[2021.01.26-14.54.39:305][338]LogBlueprintUserMessages: Early EndPlayMap Detection: Level '/Game/Levels/ForestBackup.ForestBackup:PersistentLevel' has LevelScriptBlueprint '/Game/Levels/ForestBackup.ForestBackup:PersistentLevel.ForestBackup' with GeneratedClass '/Game/Levels/ForestBackup.ForestBackup_C' with ClassGeneratedBy '/Game/Levels/ForestBackup.ForestBackup:PersistentLevel.ForestBackup'
[2021.01.26-14.54.39:306][338]LogSlate: Updating window title bar state: overlay mode, drag disabled, window buttons hidden, title bar hidden
[2021.01.26-14.54.39:306][338]LogWorld: BeginTearingDown for /Game/Levels/UEDPIE_0_ForestBackup
[2021.01.26-14.54.39:306][338]LogAudioMixer: Display: No commands were queued while flushing the source manager.
[2021.01.26-14.54.39:307][338]LogWorld: UWorld::CleanupWorld for ForestBackup, bSessionEnded=true, bCleanupResources=true
[2021.01.26-14.54.39:307][338]LogSlate: InvalidateAllWidgets triggered.  All widgets were invalidated
[2021.01.26-14.54.39:341][338]LogPlayLevel: Display: Shutting down PIE online subsystems
[2021.01.26-14.54.39:341][338]LogBlueprintUserMessages: Late EndPlayMap Detection: Level '/Game/Levels/ForestBackup.ForestBackup:PersistentLevel' has LevelScriptBlueprint '/Game/Levels/ForestBackup.ForestBackup:PersistentLevel.ForestBackup' with GeneratedClass '/Game/Levels/ForestBackup.ForestBackup_C' with ClassGeneratedBy '/Game/Levels/ForestBackup.ForestBackup:PersistentLevel.ForestBackup'
[2021.01.26-14.54.39:346][338]LogSlate: InvalidateAllWidgets triggered.  All widgets were invalidated
[2021.01.26-14.54.39:369][338]LogAudioMixer: Display: No commands were queued while flushing the source manager.
[2021.01.26-14.54.39:371][338]LogSlate: Updating window title bar state: overlay mode, drag disabled, window buttons hidden, title bar hidden
[2021.01.26-14.54.39:376][338]LogUObjectHash: Compacting FUObjectHashTables data took   1.65ms
[2021.01.26-14.54.39:427][340]LogPlayLevel: Display: Destroying online subsystem :Context_2
